--------------- Rebuild Started: 05/04/2017 11:34:52 Project: BLE_Temperature_Measurement01, Configuration: ARM GCC 4.8.4 Debug ---------------
Deleting file ".\CortexM0\ARM_GCC_484\Debug\main.o"
Deleting file ".\CortexM0\ARM_GCC_484\Debug\hts.o"
Deleting file ".\CortexM0\ARM_GCC_484\Debug\debug.o"
Deleting file ".\CortexM0\ARM_GCC_484\Debug\bas.o"
Deleting file ".\CortexM0\ARM_GCC_484\Debug\cyfitter_cfg.o"
Deleting file ".\CortexM0\ARM_GCC_484\Debug\cymetadata.o"
Deleting file ".\CortexM0\ARM_GCC_484\Debug\BLE_bas.o"
Deleting file ".\CortexM0\ARM_GCC_484\Debug\BLE.o"
Deleting file ".\CortexM0\ARM_GCC_484\Debug\BLE_gatt.o"
Deleting file ".\CortexM0\ARM_GCC_484\Debug\BLE_eventHandler.o"
Deleting file ".\CortexM0\ARM_GCC_484\Debug\BLE_HAL_INT.o"
Deleting file ".\CortexM0\ARM_GCC_484\Debug\BLE_HAL_PVT.o"
Deleting file ".\CortexM0\ARM_GCC_484\Debug\BLE_dis.o"
Deleting file ".\CortexM0\ARM_GCC_484\Debug\BLE_hts.o"
Deleting file ".\CortexM0\ARM_GCC_484\Debug\ADC.o"
Deleting file ".\CortexM0\ARM_GCC_484\Debug\ADC_PM.o"
Deleting file ".\CortexM0\ARM_GCC_484\Debug\ADC_INT.o"
Deleting file ".\CortexM0\ARM_GCC_484\Debug\Disconnect_LED.o"
Deleting file ".\CortexM0\ARM_GCC_484\Debug\Advertising_LED.o"
Deleting file ".\CortexM0\ARM_GCC_484\Debug\LowPower_LED.o"
Deleting file ".\CortexM0\ARM_GCC_484\Debug\SW2.o"
Deleting file ".\CortexM0\ARM_GCC_484\Debug\UART_DEB.o"
Deleting file ".\CortexM0\ARM_GCC_484\Debug\UART_DEB_SPI_UART.o"
Deleting file ".\CortexM0\ARM_GCC_484\Debug\UART_DEB_SPI_UART_INT.o"
Deleting file ".\CortexM0\ARM_GCC_484\Debug\UART_DEB_PM.o"
Deleting file ".\CortexM0\ARM_GCC_484\Debug\UART_DEB_UART.o"
Deleting file ".\CortexM0\ARM_GCC_484\Debug\UART_DEB_BOOT.o"
Deleting file ".\CortexM0\ARM_GCC_484\Debug\UART_DEB_UART_BOOT.o"
Deleting file ".\CortexM0\ARM_GCC_484\Debug\DieTemp.o"
Deleting file ".\CortexM0\ARM_GCC_484\Debug\Wakeup_Interrupt.o"
Deleting file ".\CortexM0\ARM_GCC_484\Debug\WDT_Interrupt.o"
Deleting file ".\CortexM0\ARM_GCC_484\Debug\BLE_bless_isr.o"
Deleting file ".\CortexM0\ARM_GCC_484\Debug\ADC_IRQ.o"
Deleting file ".\CortexM0\ARM_GCC_484\Debug\ADC_intClock.o"
Deleting file ".\CortexM0\ARM_GCC_484\Debug\UART_DEB_SCBCLK.o"
Deleting file ".\CortexM0\ARM_GCC_484\Debug\UART_DEB_tx.o"
Deleting file ".\CortexM0\ARM_GCC_484\Debug\UART_DEB_rx.o"
Deleting file ".\CortexM0\ARM_GCC_484\Debug\Cm0Start.o"
Deleting file ".\CortexM0\ARM_GCC_484\Debug\CyBootAsmGnu.o"
Deleting file ".\CortexM0\ARM_GCC_484\Debug\CyFlash.o"
Deleting file ".\CortexM0\ARM_GCC_484\Debug\CyLib.o"
Deleting file ".\CortexM0\ARM_GCC_484\Debug\cyPm.o"
Deleting file ".\CortexM0\ARM_GCC_484\Debug\cyutils.o"
Deleting file ".\CortexM0\ARM_GCC_484\Debug\Wg1.o"
Deleting file ".\CortexM0\ARM_GCC_484\Debug\Ozturk.o"
Deleting file ".\CortexM0\ARM_GCC_484\Debug\BLE_Temperature_Measurement01.hex"
Deleting file ".\CortexM0\ARM_GCC_484\Debug\BLE_Temperature_Measurement01.elf"
Deleting file ".\CortexM0\ARM_GCC_484\Debug\BLE_Temperature_Measurement01.map"
Deleting file ".\BLE_Temperature_Measurement01.cycdx"
Deleting file ".\BLE_Temperature_Measurement01.svd"
Deleting file ".\BLE_Temperature_Measurement01.rpt"
Deleting file ".\BLE_Temperature_Measurement01_timing.html"
Deleting file ".\CortexM0\ARM_GCC_484\Debug\.deps\C_FILE.P"
Deleting file ".\CortexM0\ARM_GCC_484\Debug\.deps\ARM_C_FILE.P"
Deleting file ".\CortexM0\ARM_GCC_484\Debug\.deps\GNU_ARM_ASM_FILE.P"
cydsfit.exe -.appdatapath "C:\Users\Zachary\AppData\Local\Cypress Semiconductor\PSoC Creator\3.1" -.fdsnotice -.fdswarpdepfile=warp_dependencies.txt -.fdselabdepfile=elab_dependencies.txt -.fdsbldfile=generated_files.txt -p "C:\Users\Zachary\Desktop\embedded\Ozturk Lab - 5 - Rev 1\Design02\BLE_Temperature_Measurement01.cydsn\BLE_Temperature_Measurement01.cyprj" -d CY8C4247LQI-BL483 -s "C:\Users\Zachary\Desktop\embedded\Ozturk Lab - 5 - Rev 1\Design02\BLE_Temperature_Measurement01.cydsn\Generated_Source\PSoC4" -- -yv2 -q10 -ygs -o2 -v3 -.fftcfgtype=LE
Elaborating Design...
HDL Generation ...
Synthesis ...
Place and Route ...
Tech mapping ...
ADD: pft.M0040: information: The following 1 pin(s) will be assigned a location by the fitter: SW2(0)
Analog Placement ...
Analog Routing ...
Analog Code Generation ...
Digital Placement ...
Digital Routing ...
Bitstream Generation ...
Static timing analysis ...
API Generation ...
Dependency Generation ...
Clean Temporary Files ...
arm-none-eabi-gcc.exe -mcpu=cortex-m0 -mthumb -Wno-main -I. -I.\Generated_Source\PSoC4 -Wa,-alh=.\CortexM0\ARM_GCC_484\Debug/main.lst -g -D DEBUG -Wall -ffunction-sections -O0 -c .\main.c -o .\CortexM0\ARM_GCC_484\Debug\main.o
arm-none-eabi-gcc.exe -mcpu=cortex-m0 -mthumb -Wno-main -I. -I.\Generated_Source\PSoC4 -Wa,-alh=.\CortexM0\ARM_GCC_484\Debug/hts.lst -g -D DEBUG -Wall -ffunction-sections -O0 -c .\hts.c -o .\CortexM0\ARM_GCC_484\Debug\hts.o
.\hts.c: In function 'MeasureTemperature':
.\hts.c:126:8: warning: variable 'ADCCountsCorrected' set but not used [-Wunused-but-set-variable]
  int32 ADCCountsCorrected;
        ^
arm-none-eabi-gcc.exe -mcpu=cortex-m0 -mthumb -Wno-main -I. -I.\Generated_Source\PSoC4 -Wa,-alh=.\CortexM0\ARM_GCC_484\Debug/debug.lst -g -D DEBUG -Wall -ffunction-sections -O0 -c .\debug.c -o .\CortexM0\ARM_GCC_484\Debug\debug.o
arm-none-eabi-gcc.exe -mcpu=cortex-m0 -mthumb -Wno-main -I. -I.\Generated_Source\PSoC4 -Wa,-alh=.\CortexM0\ARM_GCC_484\Debug/bas.lst -g -D DEBUG -Wall -ffunction-sections -O0 -c .\bas.c -o .\CortexM0\ARM_GCC_484\Debug\bas.o
arm-none-eabi-gcc.exe -mcpu=cortex-m0 -mthumb -Wno-main -I. -I.\Generated_Source\PSoC4 -Wa,-alh=.\CortexM0\ARM_GCC_484\Debug/cyfitter_cfg.lst -g -D DEBUG -Wall -ffunction-sections -O0 -c .\Generated_Source\PSoC4\cyfitter_cfg.c -o .\CortexM0\ARM_GCC_484\Debug\cyfitter_cfg.o
arm-none-eabi-gcc.exe -mcpu=cortex-m0 -mthumb -Wno-main -I. -I.\Generated_Source\PSoC4 -Wa,-alh=.\CortexM0\ARM_GCC_484\Debug/cymetadata.lst -g -D DEBUG -Wall -ffunction-sections -O0 -c .\Generated_Source\PSoC4\cymetadata.c -o .\CortexM0\ARM_GCC_484\Debug\cymetadata.o
arm-none-eabi-gcc.exe -mcpu=cortex-m0 -mthumb -Wno-main -I. -I.\Generated_Source\PSoC4 -Wa,-alh=.\CortexM0\ARM_GCC_484\Debug/BLE_bas.lst -g -D DEBUG -Wall -ffunction-sections -O0 -c .\Generated_Source\PSoC4\BLE_bas.c -o .\CortexM0\ARM_GCC_484\Debug\BLE_bas.o
arm-none-eabi-gcc.exe -mcpu=cortex-m0 -mthumb -Wno-main -I. -I.\Generated_Source\PSoC4 -Wa,-alh=.\CortexM0\ARM_GCC_484\Debug/BLE.lst -g -D DEBUG -Wall -ffunction-sections -O0 -c .\Generated_Source\PSoC4\BLE.c -o .\CortexM0\ARM_GCC_484\Debug\BLE.o
arm-none-eabi-gcc.exe -mcpu=cortex-m0 -mthumb -Wno-main -I. -I.\Generated_Source\PSoC4 -Wa,-alh=.\CortexM0\ARM_GCC_484\Debug/BLE_gatt.lst -g -D DEBUG -Wall -ffunction-sections -O0 -c .\Generated_Source\PSoC4\BLE_gatt.c -o .\CortexM0\ARM_GCC_484\Debug\BLE_gatt.o
arm-none-eabi-gcc.exe -mcpu=cortex-m0 -mthumb -Wno-main -I. -I.\Generated_Source\PSoC4 -Wa,-alh=.\CortexM0\ARM_GCC_484\Debug/BLE_eventHandler.lst -g -D DEBUG -Wall -ffunction-sections -O0 -c .\Generated_Source\PSoC4\BLE_eventHandler.c -o .\CortexM0\ARM_GCC_484\Debug\BLE_eventHandler.o
arm-none-eabi-gcc.exe -mcpu=cortex-m0 -mthumb -Wno-main -I. -I.\Generated_Source\PSoC4 -Wa,-alh=.\CortexM0\ARM_GCC_484\Debug/BLE_HAL_INT.lst -g -D DEBUG -Wall -ffunction-sections -O0 -c .\Generated_Source\PSoC4\BLE_HAL_INT.c -o .\CortexM0\ARM_GCC_484\Debug\BLE_HAL_INT.o
arm-none-eabi-gcc.exe -mcpu=cortex-m0 -mthumb -Wno-main -I. -I.\Generated_Source\PSoC4 -Wa,-alh=.\CortexM0\ARM_GCC_484\Debug/BLE_HAL_PVT.lst -g -D DEBUG -Wall -ffunction-sections -O0 -c .\Generated_Source\PSoC4\BLE_HAL_PVT.c -o .\CortexM0\ARM_GCC_484\Debug\BLE_HAL_PVT.o
arm-none-eabi-gcc.exe -mcpu=cortex-m0 -mthumb -Wno-main -I. -I.\Generated_Source\PSoC4 -Wa,-alh=.\CortexM0\ARM_GCC_484\Debug/BLE_dis.lst -g -D DEBUG -Wall -ffunction-sections -O0 -c .\Generated_Source\PSoC4\BLE_dis.c -o .\CortexM0\ARM_GCC_484\Debug\BLE_dis.o
arm-none-eabi-gcc.exe -mcpu=cortex-m0 -mthumb -Wno-main -I. -I.\Generated_Source\PSoC4 -Wa,-alh=.\CortexM0\ARM_GCC_484\Debug/BLE_hts.lst -g -D DEBUG -Wall -ffunction-sections -O0 -c .\Generated_Source\PSoC4\BLE_hts.c -o .\CortexM0\ARM_GCC_484\Debug\BLE_hts.o
arm-none-eabi-gcc.exe -mcpu=cortex-m0 -mthumb -Wno-main -I. -I.\Generated_Source\PSoC4 -Wa,-alh=.\CortexM0\ARM_GCC_484\Debug/ADC.lst -g -D DEBUG -Wall -ffunction-sections -O0 -c .\Generated_Source\PSoC4\ADC.c -o .\CortexM0\ARM_GCC_484\Debug\ADC.o
arm-none-eabi-gcc.exe -mcpu=cortex-m0 -mthumb -Wno-main -I. -I.\Generated_Source\PSoC4 -Wa,-alh=.\CortexM0\ARM_GCC_484\Debug/ADC_PM.lst -g -D DEBUG -Wall -ffunction-sections -O0 -c .\Generated_Source\PSoC4\ADC_PM.c -o .\CortexM0\ARM_GCC_484\Debug\ADC_PM.o
arm-none-eabi-gcc.exe -mcpu=cortex-m0 -mthumb -Wno-main -I. -I.\Generated_Source\PSoC4 -Wa,-alh=.\CortexM0\ARM_GCC_484\Debug/ADC_INT.lst -g -D DEBUG -Wall -ffunction-sections -O0 -c .\Generated_Source\PSoC4\ADC_INT.c -o .\CortexM0\ARM_GCC_484\Debug\ADC_INT.o
arm-none-eabi-gcc.exe -mcpu=cortex-m0 -mthumb -Wno-main -I. -I.\Generated_Source\PSoC4 -Wa,-alh=.\CortexM0\ARM_GCC_484\Debug/Disconnect_LED.lst -g -D DEBUG -Wall -ffunction-sections -O0 -c .\Generated_Source\PSoC4\Disconnect_LED.c -o .\CortexM0\ARM_GCC_484\Debug\Disconnect_LED.o
arm-none-eabi-gcc.exe -mcpu=cortex-m0 -mthumb -Wno-main -I. -I.\Generated_Source\PSoC4 -Wa,-alh=.\CortexM0\ARM_GCC_484\Debug/Advertising_LED.lst -g -D DEBUG -Wall -ffunction-sections -O0 -c .\Generated_Source\PSoC4\Advertising_LED.c -o .\CortexM0\ARM_GCC_484\Debug\Advertising_LED.o
arm-none-eabi-gcc.exe -mcpu=cortex-m0 -mthumb -Wno-main -I. -I.\Generated_Source\PSoC4 -Wa,-alh=.\CortexM0\ARM_GCC_484\Debug/LowPower_LED.lst -g -D DEBUG -Wall -ffunction-sections -O0 -c .\Generated_Source\PSoC4\LowPower_LED.c -o .\CortexM0\ARM_GCC_484\Debug\LowPower_LED.o
arm-none-eabi-gcc.exe -mcpu=cortex-m0 -mthumb -Wno-main -I. -I.\Generated_Source\PSoC4 -Wa,-alh=.\CortexM0\ARM_GCC_484\Debug/SW2.lst -g -D DEBUG -Wall -ffunction-sections -O0 -c .\Generated_Source\PSoC4\SW2.c -o .\CortexM0\ARM_GCC_484\Debug\SW2.o
arm-none-eabi-gcc.exe -mcpu=cortex-m0 -mthumb -Wno-main -I. -I.\Generated_Source\PSoC4 -Wa,-alh=.\CortexM0\ARM_GCC_484\Debug/UART_DEB.lst -g -D DEBUG -Wall -ffunction-sections -O0 -c .\Generated_Source\PSoC4\UART_DEB.c -o .\CortexM0\ARM_GCC_484\Debug\UART_DEB.o
arm-none-eabi-gcc.exe -mcpu=cortex-m0 -mthumb -Wno-main -I. -I.\Generated_Source\PSoC4 -Wa,-alh=.\CortexM0\ARM_GCC_484\Debug/UART_DEB_SPI_UART.lst -g -D DEBUG -Wall -ffunction-sections -O0 -c .\Generated_Source\PSoC4\UART_DEB_SPI_UART.c -o .\CortexM0\ARM_GCC_484\Debug\UART_DEB_SPI_UART.o
arm-none-eabi-gcc.exe -mcpu=cortex-m0 -mthumb -Wno-main -I. -I.\Generated_Source\PSoC4 -Wa,-alh=.\CortexM0\ARM_GCC_484\Debug/UART_DEB_SPI_UART_INT.lst -g -D DEBUG -Wall -ffunction-sections -O0 -c .\Generated_Source\PSoC4\UART_DEB_SPI_UART_INT.c -o .\CortexM0\ARM_GCC_484\Debug\UART_DEB_SPI_UART_INT.o
arm-none-eabi-gcc.exe -mcpu=cortex-m0 -mthumb -Wno-main -I. -I.\Generated_Source\PSoC4 -Wa,-alh=.\CortexM0\ARM_GCC_484\Debug/UART_DEB_PM.lst -g -D DEBUG -Wall -ffunction-sections -O0 -c .\Generated_Source\PSoC4\UART_DEB_PM.c -o .\CortexM0\ARM_GCC_484\Debug\UART_DEB_PM.o
arm-none-eabi-gcc.exe -mcpu=cortex-m0 -mthumb -Wno-main -I. -I.\Generated_Source\PSoC4 -Wa,-alh=.\CortexM0\ARM_GCC_484\Debug/UART_DEB_UART.lst -g -D DEBUG -Wall -ffunction-sections -O0 -c .\Generated_Source\PSoC4\UART_DEB_UART.c -o .\CortexM0\ARM_GCC_484\Debug\UART_DEB_UART.o
arm-none-eabi-gcc.exe -mcpu=cortex-m0 -mthumb -Wno-main -I. -I.\Generated_Source\PSoC4 -Wa,-alh=.\CortexM0\ARM_GCC_484\Debug/UART_DEB_BOOT.lst -g -D DEBUG -Wall -ffunction-sections -O0 -c .\Generated_Source\PSoC4\UART_DEB_BOOT.c -o .\CortexM0\ARM_GCC_484\Debug\UART_DEB_BOOT.o
arm-none-eabi-gcc.exe -mcpu=cortex-m0 -mthumb -Wno-main -I. -I.\Generated_Source\PSoC4 -Wa,-alh=.\CortexM0\ARM_GCC_484\Debug/UART_DEB_UART_BOOT.lst -g -D DEBUG -Wall -ffunction-sections -O0 -c .\Generated_Source\PSoC4\UART_DEB_UART_BOOT.c -o .\CortexM0\ARM_GCC_484\Debug\UART_DEB_UART_BOOT.o
arm-none-eabi-gcc.exe -mcpu=cortex-m0 -mthumb -Wno-main -I. -I.\Generated_Source\PSoC4 -Wa,-alh=.\CortexM0\ARM_GCC_484\Debug/DieTemp.lst -g -D DEBUG -Wall -ffunction-sections -O0 -c .\Generated_Source\PSoC4\DieTemp.c -o .\CortexM0\ARM_GCC_484\Debug\DieTemp.o
arm-none-eabi-gcc.exe -mcpu=cortex-m0 -mthumb -Wno-main -I. -I.\Generated_Source\PSoC4 -Wa,-alh=.\CortexM0\ARM_GCC_484\Debug/Wakeup_Interrupt.lst -g -D DEBUG -Wall -ffunction-sections -O0 -c .\Generated_Source\PSoC4\Wakeup_Interrupt.c -o .\CortexM0\ARM_GCC_484\Debug\Wakeup_Interrupt.o
arm-none-eabi-gcc.exe -mcpu=cortex-m0 -mthumb -Wno-main -I. -I.\Generated_Source\PSoC4 -Wa,-alh=.\CortexM0\ARM_GCC_484\Debug/WDT_Interrupt.lst -g -D DEBUG -Wall -ffunction-sections -O0 -c .\Generated_Source\PSoC4\WDT_Interrupt.c -o .\CortexM0\ARM_GCC_484\Debug\WDT_Interrupt.o
arm-none-eabi-gcc.exe -mcpu=cortex-m0 -mthumb -Wno-main -I. -I.\Generated_Source\PSoC4 -Wa,-alh=.\CortexM0\ARM_GCC_484\Debug/BLE_bless_isr.lst -g -D DEBUG -Wall -ffunction-sections -O0 -c .\Generated_Source\PSoC4\BLE_bless_isr.c -o .\CortexM0\ARM_GCC_484\Debug\BLE_bless_isr.o
arm-none-eabi-gcc.exe -mcpu=cortex-m0 -mthumb -Wno-main -I. -I.\Generated_Source\PSoC4 -Wa,-alh=.\CortexM0\ARM_GCC_484\Debug/ADC_IRQ.lst -g -D DEBUG -Wall -ffunction-sections -O0 -c .\Generated_Source\PSoC4\ADC_IRQ.c -o .\CortexM0\ARM_GCC_484\Debug\ADC_IRQ.o
arm-none-eabi-gcc.exe -mcpu=cortex-m0 -mthumb -Wno-main -I. -I.\Generated_Source\PSoC4 -Wa,-alh=.\CortexM0\ARM_GCC_484\Debug/ADC_intClock.lst -g -D DEBUG -Wall -ffunction-sections -O0 -c .\Generated_Source\PSoC4\ADC_intClock.c -o .\CortexM0\ARM_GCC_484\Debug\ADC_intClock.o
arm-none-eabi-gcc.exe -mcpu=cortex-m0 -mthumb -Wno-main -I. -I.\Generated_Source\PSoC4 -Wa,-alh=.\CortexM0\ARM_GCC_484\Debug/UART_DEB_SCBCLK.lst -g -D DEBUG -Wall -ffunction-sections -O0 -c .\Generated_Source\PSoC4\UART_DEB_SCBCLK.c -o .\CortexM0\ARM_GCC_484\Debug\UART_DEB_SCBCLK.o
arm-none-eabi-gcc.exe -mcpu=cortex-m0 -mthumb -Wno-main -I. -I.\Generated_Source\PSoC4 -Wa,-alh=.\CortexM0\ARM_GCC_484\Debug/UART_DEB_tx.lst -g -D DEBUG -Wall -ffunction-sections -O0 -c .\Generated_Source\PSoC4\UART_DEB_tx.c -o .\CortexM0\ARM_GCC_484\Debug\UART_DEB_tx.o
arm-none-eabi-gcc.exe -mcpu=cortex-m0 -mthumb -Wno-main -I. -I.\Generated_Source\PSoC4 -Wa,-alh=.\CortexM0\ARM_GCC_484\Debug/UART_DEB_rx.lst -g -D DEBUG -Wall -ffunction-sections -O0 -c .\Generated_Source\PSoC4\UART_DEB_rx.c -o .\CortexM0\ARM_GCC_484\Debug\UART_DEB_rx.o
arm-none-eabi-gcc.exe -mcpu=cortex-m0 -mthumb -Wno-main -I. -I.\Generated_Source\PSoC4 -Wa,-alh=.\CortexM0\ARM_GCC_484\Debug/Cm0Start.lst -g -D DEBUG -Wall -ffunction-sections -O0 -c .\Generated_Source\PSoC4\Cm0Start.c -o .\CortexM0\ARM_GCC_484\Debug\Cm0Start.o
arm-none-eabi-as.exe -mcpu=cortex-m0 -mthumb -I. -I.\Generated_Source\PSoC4 -alh=.\CortexM0\ARM_GCC_484\Debug/CyBootAsmGnu.lst -g -W -o .\CortexM0\ARM_GCC_484\Debug\CyBootAsmGnu.o .\Generated_Source\PSoC4\CyBootAsmGnu.s
arm-none-eabi-gcc.exe -mcpu=cortex-m0 -mthumb -Wno-main -I. -I.\Generated_Source\PSoC4 -Wa,-alh=.\CortexM0\ARM_GCC_484\Debug/CyFlash.lst -g -D DEBUG -Wall -ffunction-sections -O0 -c .\Generated_Source\PSoC4\CyFlash.c -o .\CortexM0\ARM_GCC_484\Debug\CyFlash.o
arm-none-eabi-gcc.exe -mcpu=cortex-m0 -mthumb -Wno-main -I. -I.\Generated_Source\PSoC4 -Wa,-alh=.\CortexM0\ARM_GCC_484\Debug/CyLib.lst -g -D DEBUG -Wall -ffunction-sections -O0 -c .\Generated_Source\PSoC4\CyLib.c -o .\CortexM0\ARM_GCC_484\Debug\CyLib.o
arm-none-eabi-gcc.exe -mcpu=cortex-m0 -mthumb -Wno-main -I. -I.\Generated_Source\PSoC4 -Wa,-alh=.\CortexM0\ARM_GCC_484\Debug/cyPm.lst -g -D DEBUG -Wall -ffunction-sections -O0 -c .\Generated_Source\PSoC4\cyPm.c -o .\CortexM0\ARM_GCC_484\Debug\cyPm.o
arm-none-eabi-gcc.exe -mcpu=cortex-m0 -mthumb -Wno-main -I. -I.\Generated_Source\PSoC4 -Wa,-alh=.\CortexM0\ARM_GCC_484\Debug/cyutils.lst -g -D DEBUG -Wall -ffunction-sections -O0 -c .\Generated_Source\PSoC4\cyutils.c -o .\CortexM0\ARM_GCC_484\Debug\cyutils.o
arm-none-eabi-gcc.exe -mcpu=cortex-m0 -mthumb -Wno-main -I. -I.\Generated_Source\PSoC4 -Wa,-alh=.\CortexM0\ARM_GCC_484\Debug/Wg1.lst -g -D DEBUG -Wall -ffunction-sections -O0 -c .\Generated_Source\PSoC4\Wg1.c -o .\CortexM0\ARM_GCC_484\Debug\Wg1.o
arm-none-eabi-gcc.exe -mcpu=cortex-m0 -mthumb -Wno-main -I. -I.\Generated_Source\PSoC4 -Wa,-alh=.\CortexM0\ARM_GCC_484\Debug/Ozturk.lst -g -D DEBUG -Wall -ffunction-sections -O0 -c .\Generated_Source\PSoC4\Ozturk.c -o .\CortexM0\ARM_GCC_484\Debug\Ozturk.o
arm-none-eabi-ar.exe -rs .\CortexM0\ARM_GCC_484\Debug\BLE_Temperature_Measurement01.a .\CortexM0\ARM_GCC_484\Debug\cyfitter_cfg.o .\CortexM0\ARM_GCC_484\Debug\BLE_bas.o .\CortexM0\ARM_GCC_484\Debug\BLE.o .\CortexM0\ARM_GCC_484\Debug\BLE_gatt.o .\CortexM0\ARM_GCC_484\Debug\BLE_eventHandler.o .\CortexM0\ARM_GCC_484\Debug\BLE_HAL_INT.o .\CortexM0\ARM_GCC_484\Debug\BLE_HAL_PVT.o .\CortexM0\ARM_GCC_484\Debug\BLE_dis.o .\CortexM0\ARM_GCC_484\Debug\BLE_hts.o .\CortexM0\ARM_GCC_484\Debug\ADC.o .\CortexM0\ARM_GCC_484\Debug\ADC_PM.o .\CortexM0\ARM_GCC_484\Debug\ADC_INT.o .\CortexM0\ARM_GCC_484\Debug\Disconnect_LED.o .\CortexM0\ARM_GCC_484\Debug\Advertising_LED.o .\CortexM0\ARM_GCC_484\Debug\LowPower_LED.o .\CortexM0\ARM_GCC_484\Debug\SW2.o .\CortexM0\ARM_GCC_484\Debug\UART_DEB.o .\CortexM0\ARM_GCC_484\Debug\UART_DEB_SPI_UART.o .\CortexM0\ARM_GCC_484\Debug\UART_DEB_SPI_UART_INT.o .\CortexM0\ARM_GCC_484\Debug\UART_DEB_PM.o .\CortexM0\ARM_GCC_484\Debug\UART_DEB_UART.o .\CortexM0\ARM_GCC_484\Debug\UART_DEB_BOOT.o .\CortexM0\ARM_GCC_484\Debug\UART_DEB_UART_BOOT.o .\CortexM0\ARM_GCC_484\Debug\DieTemp.o .\CortexM0\ARM_GCC_484\Debug\Wakeup_Interrupt.o .\CortexM0\ARM_GCC_484\Debug\WDT_Interrupt.o .\CortexM0\ARM_GCC_484\Debug\BLE_bless_isr.o .\CortexM0\ARM_GCC_484\Debug\ADC_IRQ.o .\CortexM0\ARM_GCC_484\Debug\ADC_intClock.o .\CortexM0\ARM_GCC_484\Debug\UART_DEB_SCBCLK.o .\CortexM0\ARM_GCC_484\Debug\UART_DEB_tx.o .\CortexM0\ARM_GCC_484\Debug\UART_DEB_rx.o .\CortexM0\ARM_GCC_484\Debug\CyBootAsmGnu.o .\CortexM0\ARM_GCC_484\Debug\CyFlash.o .\CortexM0\ARM_GCC_484\Debug\CyLib.o .\CortexM0\ARM_GCC_484\Debug\cyPm.o .\CortexM0\ARM_GCC_484\Debug\cyutils.o .\CortexM0\ARM_GCC_484\Debug\Wg1.o .\CortexM0\ARM_GCC_484\Debug\Ozturk.o
arm-none-eabi-ar.exe: creating .\CortexM0\ARM_GCC_484\Debug\BLE_Temperature_Measurement01.a
arm-none-eabi-gcc.exe -Wl,--start-group -o .\CortexM0\ARM_GCC_484\Debug\BLE_Temperature_Measurement01.elf .\CortexM0\ARM_GCC_484\Debug\main.o .\CortexM0\ARM_GCC_484\Debug\hts.o .\CortexM0\ARM_GCC_484\Debug\debug.o .\CortexM0\ARM_GCC_484\Debug\bas.o .\CortexM0\ARM_GCC_484\Debug\cymetadata.o .\CortexM0\ARM_GCC_484\Debug\Cm0Start.o .\CortexM0\ARM_GCC_484\Debug\BLE_Temperature_Measurement01.a "C:\Program Files (x86)\Cypress\PSoC Creator\3.1\PSoC Creator\psoc\content\cycomponentlibrary\CyComponentLibrary.cylib\BLE_v1_20\Library\gccCyBLEStack_BLE_SOC_PERIPHERAL.a" "C:\Program Files (x86)\Cypress\PSoC Creator\3.1\PSoC Creator\psoc\content\cycomponentlibrary\CyComponentLibrary.cylib\CortexM0\ARM_GCC_484\Debug\CyComponentLibrary.a" -mthumb -march=armv6-m -Wl,-Map,.\CortexM0\ARM_GCC_484\Debug/BLE_Temperature_Measurement01.map -T .\Generated_Source\PSoC4\cm0gcc.ld -g -specs=nano.specs "-u _printf_float" "" -Wl,--gc-sections -Wl,--end-group
cyelftool.exe -C "C:\Users\Zachary\Desktop\embedded\Ozturk Lab - 5 - Rev 1\Design02\BLE_Temperature_Measurement01.cydsn\CortexM0\ARM_GCC_484\Debug\BLE_Temperature_Measurement01.elf" --flash_size 131072 --flash_row_size 128
cyelftool.exe -S "C:\Users\Zachary\Desktop\embedded\Ozturk Lab - 5 - Rev 1\Design02\BLE_Temperature_Measurement01.cydsn\CortexM0\ARM_GCC_484\Debug\BLE_Temperature_Measurement01.elf"
Flash used: 93945 of 131072 bytes (71.7 %).
SRAM used: 12700 of 16384 bytes (77.5 %). Stack: 2048 bytes. Heap: 1024 bytes.
--------------- Rebuild Succeeded: 05/04/2017 11:35:27 ---------------
