C51 COMPILER V9.51   MAIN                                                                  04/06/2017 23:40:15 PAGE 1   


C51 COMPILER V9.51, COMPILATION OF MODULE MAIN
NO OBJECT MODULE REQUESTED
COMPILER INVOKED BY: C:\Program Files (x86)\Cypress\PSoC Creator\3.1\PSoC Creator\import\keil\pk51\9.51\C51\BIN\c51.exe 
                    -.\main.c NOIV LARGE MODDP2 OMF2 VB(1) NOIP INCDIR(.,.\Generated_Source\PSoC3) FF(3) DB WL(2) PR(.\DP8051_Keil_951\Debug/
                    -main.lst) CD OT(2,SIZE) OJ(.\DP8051_Keil_951\Debug\main.obj)

line level    source

*** WARNING C500 IN LINE 1 OF .\main.c: MISSING LICENSE ID CODE (LIC) IN 'TOOLS.INI'
   1          /*******************************************************************************
   2          * File Name: main.c
   3          *
   4          * Version: 2.20
   5          *
   6          * Description:
   7          *   This is a source code for example project of ADC single ended mode.
   8          *
   9          *   Variable resistor(pot) is connected to +ve input of ADC using the I/O pin.
  10          *   P0.0. When voltage to positive terminal of ADC is 0, the output displayed
  11          *   on the LCD pannel is 0x0000. As voltage on positive terminal goes on
  12          *   increasing, the  converted value goes on increasing from 0x0000 and reaches
  13          *   0xFFFF when voltage becomes 1.024V. Futher increase in voltage value,
  14          *   doesn't cause any changes to values displayed in the LCD.
  15          *
  16          * Hardware Connections:
  17          *  Connect analog input from Variable resistor to port P0[0] of DVK1 board.
  18          *
  19          ********************************************************************************
  20          * Copyright 2012, Cypress Semiconductor Corporation. All rights reserved.
  21          * This software is owned by Cypress Semiconductor Corporation and is protected
  22          * by and subject to worldwide patent and copyright laws and treaties.
  23          * Therefore, you may use this software only as provided in the license agreement
  24          * accompanying the software package from which you obtained this software.
  25          * CYPRESS AND ITS SUPPLIERS MAKE NO WARRANTY OF ANY KIND, EXPRESS OR IMPLIED,
  26          * WITH REGARD TO THIS SOFTWARE, INCLUDING, BUT NOT LIMITED TO, NONINFRINGEMENT,
  27          * IMPLIED WARRANTIES OF MERCHANTABILITY AND FITNESS FOR A PARTICULAR PURPOSE.
  28          *******************************************************************************/
  29          
  30          #include <device.h>
  31          #include <stdio.h>
  32          
  33          
  34          /*******************************************************************************
  35          * Function Name: main
  36          ********************************************************************************
  37          *
  38          * Summary:
  39          *  main() performs following functions:
  40          *  1: Initializes the LCD
  41          *  2: Starts ADC
  42          *  3: Starts ADC converstion.
  43          *  4: Gets the converted result and displays it in LCD.
  44          *
  45          * Parameters:
  46          *  None.
  47          *
  48          * Return:
  49          *  None.
  50          *
  51          *******************************************************************************/
  52          
C51 COMPILER V9.51   MAIN                                                                  04/06/2017 23:40:15 PAGE 2   

  53          int main()
  54          {
  55   1          int16 adcCounts;
  56   1          float adcVolts;
  57   1          char tmpStr[25];
  58   1      
  59   1          /* Start the components */
  60   1      
  61   1          LCD_Start();
  62   1          ADC_DelSig_1_Start();
  63   1      
  64   1          /* Start the ADC conversion */
  65   1          ADC_DelSig_1_StartConvert();
  66   1      
  67   1          /* Display the value of ADC output on LCD */
  68   1          LCD_Position(0u, 0u);
  69   1          LCD_PrintString("ADC_Output");
  70   1      
  71   1          for(;;)
  72   1          {
  73   2              if(ADC_DelSig_1_IsEndConversion(ADC_DelSig_1_RETURN_STATUS))
  74   2              {
  75   3                  adcCounts = ADC_DelSig_1_GetResult16();
  76   3                  adcVolts = ADC_Delsig_1_CountsTo_Volts(adcCounts);
*** WARNING C206 IN LINE 76 OF .\main.c: 'ADC_Delsig_1_CountsTo_Volts': missing function-prototype
*** ERROR C267 IN LINE 76 OF .\main.c: 'ADC_Delsig_1_CountsTo_Volts': requires ANSI-style prototype
  77   3                  sprintf(tmpStr,"%+1.3fVolts",adcVolts); 
  78   3                  
  79   3                  LCD_Position(1u, 0u);
  80   3                  LCD_PrintInt16(adcCounts);
  81   3              }
  82   2          }
  83   1      }
  84          
  85          
  86          /* [] END OF FILE */

C51 COMPILATION COMPLETE.  2 WARNING(S),  1 ERROR(S)
