--------------- Build Started: 04/06/2017 23:05:29 Project: Electronic Scale, Configuration: ARM GCC 4.8.4 Debug ---------------
cydsfit.exe -.appdatapath "C:\Users\Zachary\AppData\Local\Cypress Semiconductor\PSoC Creator\3.1" -.fdsnotice -.fdswarpdepfile=warp_dependencies.txt -.fdselabdepfile=elab_dependencies.txt -.fdsbldfile=generated_files.txt -p "C:\Users\Zachary\Desktop\embedded\Ozturk Lab - 5 - Rev 1\Electronic Scale\Electronic Scale.cydsn\Electronic Scale.cyprj" -d CY8C4247LQI-BL483 -s "C:\Users\Zachary\Desktop\embedded\Ozturk Lab - 5 - Rev 1\Electronic Scale\Electronic Scale.cydsn\Generated_Source\PSoC4" -- -yv2 -q10 -ygs -o2 -v3 -.fftcfgtype=LE
Elaborating Design...
ADD: sdb.M0065: information: Analog terminal "ADC.vinPlus1" on TopDesign is unconnected.
 * C:\Users\Zachary\Desktop\embedded\Ozturk Lab - 5 - Rev 1\Electronic Scale\Electronic Scale.cydsn\TopDesign\TopDesign.cysch (Signal: Net_240)
 * C:\Users\Zachary\Desktop\embedded\Ozturk Lab - 5 - Rev 1\Electronic Scale\Electronic Scale.cydsn\TopDesign\TopDesign.cysch (Shape_1.34)
ADD: sdb.M0065: information: Analog terminal "ADC.vinPlus0" on TopDesign is unconnected.
 * C:\Users\Zachary\Desktop\embedded\Ozturk Lab - 5 - Rev 1\Electronic Scale\Electronic Scale.cydsn\TopDesign\TopDesign.cysch (Signal: Net_239)
 * C:\Users\Zachary\Desktop\embedded\Ozturk Lab - 5 - Rev 1\Electronic Scale\Electronic Scale.cydsn\TopDesign\TopDesign.cysch (Shape_1.32)
ADD: sdb.M0065: information: Analog terminal "ADC.vinMinus1" on TopDesign is unconnected.
 * C:\Users\Zachary\Desktop\embedded\Ozturk Lab - 5 - Rev 1\Electronic Scale\Electronic Scale.cydsn\TopDesign\TopDesign.cysch (Signal: Net_241)
 * C:\Users\Zachary\Desktop\embedded\Ozturk Lab - 5 - Rev 1\Electronic Scale\Electronic Scale.cydsn\TopDesign\TopDesign.cysch (Shape_1.35)
ADD: sdb.M0065: information: Analog terminal "ADC.vinPlus2" on TopDesign is unconnected.
 * C:\Users\Zachary\Desktop\embedded\Ozturk Lab - 5 - Rev 1\Electronic Scale\Electronic Scale.cydsn\TopDesign\TopDesign.cysch (Signal: Net_242)
 * C:\Users\Zachary\Desktop\embedded\Ozturk Lab - 5 - Rev 1\Electronic Scale\Electronic Scale.cydsn\TopDesign\TopDesign.cysch (Shape_1.37)
ADD: sdb.M0065: information: Analog terminal "ADC.vinMinus2" on TopDesign is unconnected.
 * C:\Users\Zachary\Desktop\embedded\Ozturk Lab - 5 - Rev 1\Electronic Scale\Electronic Scale.cydsn\TopDesign\TopDesign.cysch (Signal: Net_243)
 * C:\Users\Zachary\Desktop\embedded\Ozturk Lab - 5 - Rev 1\Electronic Scale\Electronic Scale.cydsn\TopDesign\TopDesign.cysch (Shape_1.41)
ADD: sdb.M0065: information: Analog terminal "ADC.vinPlus3" on TopDesign is unconnected.
 * C:\Users\Zachary\Desktop\embedded\Ozturk Lab - 5 - Rev 1\Electronic Scale\Electronic Scale.cydsn\TopDesign\TopDesign.cysch (Signal: Net_244)
 * C:\Users\Zachary\Desktop\embedded\Ozturk Lab - 5 - Rev 1\Electronic Scale\Electronic Scale.cydsn\TopDesign\TopDesign.cysch (Shape_1.44)
ADD: sdb.M0065: information: Analog terminal "ADC.vinMinus3" on TopDesign is unconnected.
 * C:\Users\Zachary\Desktop\embedded\Ozturk Lab - 5 - Rev 1\Electronic Scale\Electronic Scale.cydsn\TopDesign\TopDesign.cysch (Signal: Net_245)
 * C:\Users\Zachary\Desktop\embedded\Ozturk Lab - 5 - Rev 1\Electronic Scale\Electronic Scale.cydsn\TopDesign\TopDesign.cysch (Shape_1.45)
HDL Generation ...
Synthesis ...
Place and Route ...
Tech mapping ...
Analog Placement ...
Error: apr.M0032: Net "\ADC:mux_bus_plus_0\" is connected to an analog mux but is not connected to another component. (App=cydsfit)
Dependency Generation ...
Clean Temporary Files ...
Error: cdf.M0005: CyDsFit aborted due to errors, please address all errors and rerun CyDsFit. (App=cydsfit)
--------------- Build Failed: 04/06/2017 23:05:38 ---------------
