--------------- Clean Started: 04/07/2017 00:16:49 Project: Design01, Configuration: ARM GCC 4.8.4 Debug ---------------
Deleting file ".\CortexM0\ARM_GCC_484\Debug\main.o"
Deleting file ".\CortexM0\ARM_GCC_484\Debug\cyfitter_cfg.o"
Deleting file ".\CortexM0\ARM_GCC_484\Debug\cymetadata.o"
Deleting file ".\CortexM0\ARM_GCC_484\Debug\ADC_SAR_Seq_1.o"
Deleting file ".\CortexM0\ARM_GCC_484\Debug\ADC_SAR_Seq_1_PM.o"
Deleting file ".\CortexM0\ARM_GCC_484\Debug\ADC_SAR_Seq_1_INT.o"
Deleting file ".\CortexM0\ARM_GCC_484\Debug\Vin_1.o"
Deleting file ".\CortexM0\ARM_GCC_484\Debug\LCD_Char_1.o"
Deleting file ".\CortexM0\ARM_GCC_484\Debug\LCD_Char_1_PM.o"
Deleting file ".\CortexM0\ARM_GCC_484\Debug\ADC_SAR_Seq_1_IRQ.o"
Deleting file ".\CortexM0\ARM_GCC_484\Debug\ADC_SAR_Seq_1_intClock.o"
Deleting file ".\CortexM0\ARM_GCC_484\Debug\LCD_Char_1_LCDPort.o"
Deleting file ".\CortexM0\ARM_GCC_484\Debug\Cm0Start.o"
Deleting file ".\CortexM0\ARM_GCC_484\Debug\CyBootAsmGnu.o"
Deleting file ".\CortexM0\ARM_GCC_484\Debug\CyFlash.o"
Deleting file ".\CortexM0\ARM_GCC_484\Debug\CyLib.o"
Deleting file ".\CortexM0\ARM_GCC_484\Debug\cyPm.o"
Deleting file ".\CortexM0\ARM_GCC_484\Debug\cyutils.o"
Deleting file ".\CortexM0\ARM_GCC_484\Debug\Design01.hex"
Deleting file ".\CortexM0\ARM_GCC_484\Debug\Design01.elf"
Deleting file ".\CortexM0\ARM_GCC_484\Debug\Design01.map"
Deleting file ".\Design01.cycdx"
Deleting file ".\Design01.svd"
Deleting file ".\Design01.rpt"
Deleting file ".\Design01_timing.html"
Deleting file ".\CortexM0\ARM_GCC_484\Debug\.deps\C_FILE.P"
Deleting file ".\CortexM0\ARM_GCC_484\Debug\.deps\ARM_C_FILE.P"
Deleting file ".\CortexM0\ARM_GCC_484\Debug\.deps\GNU_ARM_ASM_FILE.P"
--------------- Clean Succeeded: 04/07/2017 00:16:49 ---------------
