ARM GAS  C:\Users\Zachary\AppData\Local\Temp\cc9LS6up.s 			page 1


   1              		.cpu cortex-m0
   2              		.fpu softvfp
   3              		.eabi_attribute 20, 1
   4              		.eabi_attribute 21, 1
   5              		.eabi_attribute 23, 3
   6              		.eabi_attribute 24, 1
   7              		.eabi_attribute 25, 1
   8              		.eabi_attribute 26, 1
   9              		.eabi_attribute 30, 6
  10              		.eabi_attribute 34, 0
  11              		.eabi_attribute 18, 4
  12              		.code	16
  13              		.file	"LCD_Char_1_LCDPort.c"
  14              		.text
  15              	.Ltext0:
  16              		.cfi_sections	.debug_frame
  17              		.section	.text.LCD_Char_1_LCDPort_Write,"ax",%progbits
  18              		.align	2
  19              		.global	LCD_Char_1_LCDPort_Write
  20              		.code	16
  21              		.thumb_func
  22              		.type	LCD_Char_1_LCDPort_Write, %function
  23              	LCD_Char_1_LCDPort_Write:
  24              	.LFB0:
  25              		.file 1 ".\\Generated_Source\\PSoC4\\LCD_Char_1_LCDPort.c"
   1:.\Generated_Source\PSoC4/LCD_Char_1_LCDPort.c **** /*******************************************************************************
   2:.\Generated_Source\PSoC4/LCD_Char_1_LCDPort.c **** * File Name: LCD_Char_1_LCDPort.c  
   3:.\Generated_Source\PSoC4/LCD_Char_1_LCDPort.c **** * Version 2.10
   4:.\Generated_Source\PSoC4/LCD_Char_1_LCDPort.c **** *
   5:.\Generated_Source\PSoC4/LCD_Char_1_LCDPort.c **** * Description:
   6:.\Generated_Source\PSoC4/LCD_Char_1_LCDPort.c **** *  This file contains API to enable firmware control of a Pins component.
   7:.\Generated_Source\PSoC4/LCD_Char_1_LCDPort.c **** *
   8:.\Generated_Source\PSoC4/LCD_Char_1_LCDPort.c **** * Note:
   9:.\Generated_Source\PSoC4/LCD_Char_1_LCDPort.c **** *
  10:.\Generated_Source\PSoC4/LCD_Char_1_LCDPort.c **** ********************************************************************************
  11:.\Generated_Source\PSoC4/LCD_Char_1_LCDPort.c **** * Copyright 2008-2014, Cypress Semiconductor Corporation.  All rights reserved.
  12:.\Generated_Source\PSoC4/LCD_Char_1_LCDPort.c **** * You may use this file only in accordance with the license, terms, conditions, 
  13:.\Generated_Source\PSoC4/LCD_Char_1_LCDPort.c **** * disclaimers, and limitations in the end user license agreement accompanying 
  14:.\Generated_Source\PSoC4/LCD_Char_1_LCDPort.c **** * the software package with which this file was provided.
  15:.\Generated_Source\PSoC4/LCD_Char_1_LCDPort.c **** *******************************************************************************/
  16:.\Generated_Source\PSoC4/LCD_Char_1_LCDPort.c **** 
  17:.\Generated_Source\PSoC4/LCD_Char_1_LCDPort.c **** #include "cytypes.h"
  18:.\Generated_Source\PSoC4/LCD_Char_1_LCDPort.c **** #include "LCD_Char_1_LCDPort.h"
  19:.\Generated_Source\PSoC4/LCD_Char_1_LCDPort.c **** 
  20:.\Generated_Source\PSoC4/LCD_Char_1_LCDPort.c **** #define SetP4PinDriveMode(shift, mode)  \
  21:.\Generated_Source\PSoC4/LCD_Char_1_LCDPort.c ****     do { \
  22:.\Generated_Source\PSoC4/LCD_Char_1_LCDPort.c ****         LCD_Char_1_LCDPort_PC =   (LCD_Char_1_LCDPort_PC & \
  23:.\Generated_Source\PSoC4/LCD_Char_1_LCDPort.c ****                                 (uint32)(~(uint32)(LCD_Char_1_LCDPort_DRIVE_MODE_IND_MASK << (LCD_C
  24:.\Generated_Source\PSoC4/LCD_Char_1_LCDPort.c ****                                 (uint32)((uint32)(mode) << (LCD_Char_1_LCDPort_DRIVE_MODE_BITS * (s
  25:.\Generated_Source\PSoC4/LCD_Char_1_LCDPort.c ****     } while (0)
  26:.\Generated_Source\PSoC4/LCD_Char_1_LCDPort.c **** 
  27:.\Generated_Source\PSoC4/LCD_Char_1_LCDPort.c **** 
  28:.\Generated_Source\PSoC4/LCD_Char_1_LCDPort.c **** /*******************************************************************************
  29:.\Generated_Source\PSoC4/LCD_Char_1_LCDPort.c **** * Function Name: LCD_Char_1_LCDPort_Write
  30:.\Generated_Source\PSoC4/LCD_Char_1_LCDPort.c **** ********************************************************************************
  31:.\Generated_Source\PSoC4/LCD_Char_1_LCDPort.c **** *
  32:.\Generated_Source\PSoC4/LCD_Char_1_LCDPort.c **** * Summary:
ARM GAS  C:\Users\Zachary\AppData\Local\Temp\cc9LS6up.s 			page 2


  33:.\Generated_Source\PSoC4/LCD_Char_1_LCDPort.c **** *  Assign a new value to the digital port's data output register.  
  34:.\Generated_Source\PSoC4/LCD_Char_1_LCDPort.c **** *
  35:.\Generated_Source\PSoC4/LCD_Char_1_LCDPort.c **** * Parameters:  
  36:.\Generated_Source\PSoC4/LCD_Char_1_LCDPort.c **** *  prtValue:  The value to be assigned to the Digital Port. 
  37:.\Generated_Source\PSoC4/LCD_Char_1_LCDPort.c **** *
  38:.\Generated_Source\PSoC4/LCD_Char_1_LCDPort.c **** * Return: 
  39:.\Generated_Source\PSoC4/LCD_Char_1_LCDPort.c **** *  None 
  40:.\Generated_Source\PSoC4/LCD_Char_1_LCDPort.c **** *  
  41:.\Generated_Source\PSoC4/LCD_Char_1_LCDPort.c **** *******************************************************************************/
  42:.\Generated_Source\PSoC4/LCD_Char_1_LCDPort.c **** void LCD_Char_1_LCDPort_Write(uint8 value) 
  43:.\Generated_Source\PSoC4/LCD_Char_1_LCDPort.c **** {
  26              		.loc 1 43 0
  27              		.cfi_startproc
  28 0000 80B5     		push	{r7, lr}
  29              		.cfi_def_cfa_offset 8
  30              		.cfi_offset 7, -8
  31              		.cfi_offset 14, -4
  32 0002 84B0     		sub	sp, sp, #16
  33              		.cfi_def_cfa_offset 24
  34 0004 00AF     		add	r7, sp, #0
  35              		.cfi_def_cfa_register 7
  36 0006 021C     		mov	r2, r0
  37 0008 FB1D     		add	r3, r7, #7
  38 000a 1A70     		strb	r2, [r3]
  44:.\Generated_Source\PSoC4/LCD_Char_1_LCDPort.c ****     uint8 drVal = (uint8)(LCD_Char_1_LCDPort_DR & (uint8)(~LCD_Char_1_LCDPort_MASK));
  39              		.loc 1 44 0
  40 000c 0D4B     		ldr	r3, .L2
  41 000e 1B68     		ldr	r3, [r3]
  42 0010 DAB2     		uxtb	r2, r3
  43 0012 3B1C     		mov	r3, r7
  44 0014 0F33     		add	r3, r3, #15
  45 0016 7F21     		mov	r1, #127
  46 0018 8A43     		bic	r2, r1
  47 001a 1A70     		strb	r2, [r3]
  45:.\Generated_Source\PSoC4/LCD_Char_1_LCDPort.c ****     drVal = (drVal | ((uint8)(value << LCD_Char_1_LCDPort_SHIFT) & LCD_Char_1_LCDPort_MASK));
  48              		.loc 1 45 0
  49 001c FB1D     		add	r3, r7, #7
  50 001e 1A78     		ldrb	r2, [r3]
  51 0020 7F23     		mov	r3, #127
  52 0022 1340     		and	r3, r2
  53 0024 D9B2     		uxtb	r1, r3
  54 0026 3B1C     		mov	r3, r7
  55 0028 0F33     		add	r3, r3, #15
  56 002a 3A1C     		mov	r2, r7
  57 002c 0F32     		add	r2, r2, #15
  58 002e 1278     		ldrb	r2, [r2]
  59 0030 0A43     		orr	r2, r1
  60 0032 1A70     		strb	r2, [r3]
  46:.\Generated_Source\PSoC4/LCD_Char_1_LCDPort.c ****     LCD_Char_1_LCDPort_DR = (uint32)drVal;
  61              		.loc 1 46 0
  62 0034 034B     		ldr	r3, .L2
  63 0036 3A1C     		mov	r2, r7
  64 0038 0F32     		add	r2, r2, #15
  65 003a 1278     		ldrb	r2, [r2]
  66 003c 1A60     		str	r2, [r3]
  47:.\Generated_Source\PSoC4/LCD_Char_1_LCDPort.c **** }
  67              		.loc 1 47 0
ARM GAS  C:\Users\Zachary\AppData\Local\Temp\cc9LS6up.s 			page 3


  68 003e BD46     		mov	sp, r7
  69 0040 04B0     		add	sp, sp, #16
  70              		@ sp needed
  71 0042 80BD     		pop	{r7, pc}
  72              	.L3:
  73              		.align	2
  74              	.L2:
  75 0044 00010440 		.word	1074004224
  76              		.cfi_endproc
  77              	.LFE0:
  78              		.size	LCD_Char_1_LCDPort_Write, .-LCD_Char_1_LCDPort_Write
  79              		.section	.text.LCD_Char_1_LCDPort_SetDriveMode,"ax",%progbits
  80              		.align	2
  81              		.global	LCD_Char_1_LCDPort_SetDriveMode
  82              		.code	16
  83              		.thumb_func
  84              		.type	LCD_Char_1_LCDPort_SetDriveMode, %function
  85              	LCD_Char_1_LCDPort_SetDriveMode:
  86              	.LFB1:
  48:.\Generated_Source\PSoC4/LCD_Char_1_LCDPort.c **** 
  49:.\Generated_Source\PSoC4/LCD_Char_1_LCDPort.c **** 
  50:.\Generated_Source\PSoC4/LCD_Char_1_LCDPort.c **** /*******************************************************************************
  51:.\Generated_Source\PSoC4/LCD_Char_1_LCDPort.c **** * Function Name: LCD_Char_1_LCDPort_SetDriveMode
  52:.\Generated_Source\PSoC4/LCD_Char_1_LCDPort.c **** ********************************************************************************
  53:.\Generated_Source\PSoC4/LCD_Char_1_LCDPort.c **** *
  54:.\Generated_Source\PSoC4/LCD_Char_1_LCDPort.c **** * Summary:
  55:.\Generated_Source\PSoC4/LCD_Char_1_LCDPort.c **** *  Change the drive mode on the pins of the port.
  56:.\Generated_Source\PSoC4/LCD_Char_1_LCDPort.c **** * 
  57:.\Generated_Source\PSoC4/LCD_Char_1_LCDPort.c **** * Parameters:  
  58:.\Generated_Source\PSoC4/LCD_Char_1_LCDPort.c **** *  mode:  Change the pins to one of the following drive modes.
  59:.\Generated_Source\PSoC4/LCD_Char_1_LCDPort.c **** *
  60:.\Generated_Source\PSoC4/LCD_Char_1_LCDPort.c **** *  LCD_Char_1_LCDPort_DM_STRONG     Strong Drive 
  61:.\Generated_Source\PSoC4/LCD_Char_1_LCDPort.c **** *  LCD_Char_1_LCDPort_DM_OD_HI      Open Drain, Drives High 
  62:.\Generated_Source\PSoC4/LCD_Char_1_LCDPort.c **** *  LCD_Char_1_LCDPort_DM_OD_LO      Open Drain, Drives Low 
  63:.\Generated_Source\PSoC4/LCD_Char_1_LCDPort.c **** *  LCD_Char_1_LCDPort_DM_RES_UP     Resistive Pull Up 
  64:.\Generated_Source\PSoC4/LCD_Char_1_LCDPort.c **** *  LCD_Char_1_LCDPort_DM_RES_DWN    Resistive Pull Down 
  65:.\Generated_Source\PSoC4/LCD_Char_1_LCDPort.c **** *  LCD_Char_1_LCDPort_DM_RES_UPDWN  Resistive Pull Up/Down 
  66:.\Generated_Source\PSoC4/LCD_Char_1_LCDPort.c **** *  LCD_Char_1_LCDPort_DM_DIG_HIZ    High Impedance Digital 
  67:.\Generated_Source\PSoC4/LCD_Char_1_LCDPort.c **** *  LCD_Char_1_LCDPort_DM_ALG_HIZ    High Impedance Analog 
  68:.\Generated_Source\PSoC4/LCD_Char_1_LCDPort.c **** *
  69:.\Generated_Source\PSoC4/LCD_Char_1_LCDPort.c **** * Return: 
  70:.\Generated_Source\PSoC4/LCD_Char_1_LCDPort.c **** *  None
  71:.\Generated_Source\PSoC4/LCD_Char_1_LCDPort.c **** *
  72:.\Generated_Source\PSoC4/LCD_Char_1_LCDPort.c **** *******************************************************************************/
  73:.\Generated_Source\PSoC4/LCD_Char_1_LCDPort.c **** void LCD_Char_1_LCDPort_SetDriveMode(uint8 mode) 
  74:.\Generated_Source\PSoC4/LCD_Char_1_LCDPort.c **** {
  87              		.loc 1 74 0
  88              		.cfi_startproc
  89 0000 80B5     		push	{r7, lr}
  90              		.cfi_def_cfa_offset 8
  91              		.cfi_offset 7, -8
  92              		.cfi_offset 14, -4
  93 0002 82B0     		sub	sp, sp, #8
  94              		.cfi_def_cfa_offset 16
  95 0004 00AF     		add	r7, sp, #0
  96              		.cfi_def_cfa_register 7
  97 0006 021C     		mov	r2, r0
ARM GAS  C:\Users\Zachary\AppData\Local\Temp\cc9LS6up.s 			page 4


  98 0008 FB1D     		add	r3, r7, #7
  99 000a 1A70     		strb	r2, [r3]
  75:.\Generated_Source\PSoC4/LCD_Char_1_LCDPort.c **** 	SetP4PinDriveMode(LCD_Char_1_LCDPort__0__SHIFT, mode);
 100              		.loc 1 75 0
 101 000c 254B     		ldr	r3, .L5
 102 000e 254A     		ldr	r2, .L5
 103 0010 1268     		ldr	r2, [r2]
 104 0012 0721     		mov	r1, #7
 105 0014 101C     		mov	r0, r2
 106 0016 8843     		bic	r0, r1
 107 0018 011C     		mov	r1, r0
 108 001a FA1D     		add	r2, r7, #7
 109 001c 1278     		ldrb	r2, [r2]
 110 001e 0A43     		orr	r2, r1
 111 0020 1A60     		str	r2, [r3]
  76:.\Generated_Source\PSoC4/LCD_Char_1_LCDPort.c **** 	SetP4PinDriveMode(LCD_Char_1_LCDPort__1__SHIFT, mode);
 112              		.loc 1 76 0
 113 0022 204B     		ldr	r3, .L5
 114 0024 1F4A     		ldr	r2, .L5
 115 0026 1268     		ldr	r2, [r2]
 116 0028 3821     		mov	r1, #56
 117 002a 101C     		mov	r0, r2
 118 002c 8843     		bic	r0, r1
 119 002e 011C     		mov	r1, r0
 120 0030 FA1D     		add	r2, r7, #7
 121 0032 1278     		ldrb	r2, [r2]
 122 0034 D200     		lsl	r2, r2, #3
 123 0036 0A43     		orr	r2, r1
 124 0038 1A60     		str	r2, [r3]
  77:.\Generated_Source\PSoC4/LCD_Char_1_LCDPort.c **** 	SetP4PinDriveMode(LCD_Char_1_LCDPort__2__SHIFT, mode);
 125              		.loc 1 77 0
 126 003a 1A4B     		ldr	r3, .L5
 127 003c 194A     		ldr	r2, .L5
 128 003e 1168     		ldr	r1, [r2]
 129 0040 194A     		ldr	r2, .L5+4
 130 0042 1140     		and	r1, r2
 131 0044 FA1D     		add	r2, r7, #7
 132 0046 1278     		ldrb	r2, [r2]
 133 0048 9201     		lsl	r2, r2, #6
 134 004a 0A43     		orr	r2, r1
 135 004c 1A60     		str	r2, [r3]
  78:.\Generated_Source\PSoC4/LCD_Char_1_LCDPort.c **** 	SetP4PinDriveMode(LCD_Char_1_LCDPort__3__SHIFT, mode);
 136              		.loc 1 78 0
 137 004e 154B     		ldr	r3, .L5
 138 0050 144A     		ldr	r2, .L5
 139 0052 1168     		ldr	r1, [r2]
 140 0054 154A     		ldr	r2, .L5+8
 141 0056 1140     		and	r1, r2
 142 0058 FA1D     		add	r2, r7, #7
 143 005a 1278     		ldrb	r2, [r2]
 144 005c 5202     		lsl	r2, r2, #9
 145 005e 0A43     		orr	r2, r1
 146 0060 1A60     		str	r2, [r3]
  79:.\Generated_Source\PSoC4/LCD_Char_1_LCDPort.c **** 	SetP4PinDriveMode(LCD_Char_1_LCDPort__4__SHIFT, mode);
 147              		.loc 1 79 0
 148 0062 104B     		ldr	r3, .L5
 149 0064 0F4A     		ldr	r2, .L5
ARM GAS  C:\Users\Zachary\AppData\Local\Temp\cc9LS6up.s 			page 5


 150 0066 1168     		ldr	r1, [r2]
 151 0068 114A     		ldr	r2, .L5+12
 152 006a 1140     		and	r1, r2
 153 006c FA1D     		add	r2, r7, #7
 154 006e 1278     		ldrb	r2, [r2]
 155 0070 1203     		lsl	r2, r2, #12
 156 0072 0A43     		orr	r2, r1
 157 0074 1A60     		str	r2, [r3]
  80:.\Generated_Source\PSoC4/LCD_Char_1_LCDPort.c **** 	SetP4PinDriveMode(LCD_Char_1_LCDPort__5__SHIFT, mode);
 158              		.loc 1 80 0
 159 0076 0B4B     		ldr	r3, .L5
 160 0078 0A4A     		ldr	r2, .L5
 161 007a 1168     		ldr	r1, [r2]
 162 007c 0D4A     		ldr	r2, .L5+16
 163 007e 1140     		and	r1, r2
 164 0080 FA1D     		add	r2, r7, #7
 165 0082 1278     		ldrb	r2, [r2]
 166 0084 D203     		lsl	r2, r2, #15
 167 0086 0A43     		orr	r2, r1
 168 0088 1A60     		str	r2, [r3]
  81:.\Generated_Source\PSoC4/LCD_Char_1_LCDPort.c **** 	SetP4PinDriveMode(LCD_Char_1_LCDPort__6__SHIFT, mode);
 169              		.loc 1 81 0
 170 008a 064B     		ldr	r3, .L5
 171 008c 054A     		ldr	r2, .L5
 172 008e 1168     		ldr	r1, [r2]
 173 0090 094A     		ldr	r2, .L5+20
 174 0092 1140     		and	r1, r2
 175 0094 FA1D     		add	r2, r7, #7
 176 0096 1278     		ldrb	r2, [r2]
 177 0098 9204     		lsl	r2, r2, #18
 178 009a 0A43     		orr	r2, r1
 179 009c 1A60     		str	r2, [r3]
  82:.\Generated_Source\PSoC4/LCD_Char_1_LCDPort.c **** }
 180              		.loc 1 82 0
 181 009e BD46     		mov	sp, r7
 182 00a0 02B0     		add	sp, sp, #8
 183              		@ sp needed
 184 00a2 80BD     		pop	{r7, pc}
 185              	.L6:
 186              		.align	2
 187              	.L5:
 188 00a4 08010440 		.word	1074004232
 189 00a8 3FFEFFFF 		.word	-449
 190 00ac FFF1FFFF 		.word	-3585
 191 00b0 FF8FFFFF 		.word	-28673
 192 00b4 FF7FFCFF 		.word	-229377
 193 00b8 FFFFE3FF 		.word	-1835009
 194              		.cfi_endproc
 195              	.LFE1:
 196              		.size	LCD_Char_1_LCDPort_SetDriveMode, .-LCD_Char_1_LCDPort_SetDriveMode
 197              		.section	.text.LCD_Char_1_LCDPort_Read,"ax",%progbits
 198              		.align	2
 199              		.global	LCD_Char_1_LCDPort_Read
 200              		.code	16
 201              		.thumb_func
 202              		.type	LCD_Char_1_LCDPort_Read, %function
 203              	LCD_Char_1_LCDPort_Read:
ARM GAS  C:\Users\Zachary\AppData\Local\Temp\cc9LS6up.s 			page 6


 204              	.LFB2:
  83:.\Generated_Source\PSoC4/LCD_Char_1_LCDPort.c **** 
  84:.\Generated_Source\PSoC4/LCD_Char_1_LCDPort.c **** 
  85:.\Generated_Source\PSoC4/LCD_Char_1_LCDPort.c **** /*******************************************************************************
  86:.\Generated_Source\PSoC4/LCD_Char_1_LCDPort.c **** * Function Name: LCD_Char_1_LCDPort_Read
  87:.\Generated_Source\PSoC4/LCD_Char_1_LCDPort.c **** ********************************************************************************
  88:.\Generated_Source\PSoC4/LCD_Char_1_LCDPort.c **** *
  89:.\Generated_Source\PSoC4/LCD_Char_1_LCDPort.c **** * Summary:
  90:.\Generated_Source\PSoC4/LCD_Char_1_LCDPort.c **** *  Read the current value on the pins of the Digital Port in right justified 
  91:.\Generated_Source\PSoC4/LCD_Char_1_LCDPort.c **** *  form.
  92:.\Generated_Source\PSoC4/LCD_Char_1_LCDPort.c **** *
  93:.\Generated_Source\PSoC4/LCD_Char_1_LCDPort.c **** * Parameters:  
  94:.\Generated_Source\PSoC4/LCD_Char_1_LCDPort.c **** *  None 
  95:.\Generated_Source\PSoC4/LCD_Char_1_LCDPort.c **** *
  96:.\Generated_Source\PSoC4/LCD_Char_1_LCDPort.c **** * Return: 
  97:.\Generated_Source\PSoC4/LCD_Char_1_LCDPort.c **** *  Returns the current value of the Digital Port as a right justified number
  98:.\Generated_Source\PSoC4/LCD_Char_1_LCDPort.c **** *  
  99:.\Generated_Source\PSoC4/LCD_Char_1_LCDPort.c **** * Note:
 100:.\Generated_Source\PSoC4/LCD_Char_1_LCDPort.c **** *  Macro LCD_Char_1_LCDPort_ReadPS calls this function. 
 101:.\Generated_Source\PSoC4/LCD_Char_1_LCDPort.c **** *  
 102:.\Generated_Source\PSoC4/LCD_Char_1_LCDPort.c **** *******************************************************************************/
 103:.\Generated_Source\PSoC4/LCD_Char_1_LCDPort.c **** uint8 LCD_Char_1_LCDPort_Read(void) 
 104:.\Generated_Source\PSoC4/LCD_Char_1_LCDPort.c **** {
 205              		.loc 1 104 0
 206              		.cfi_startproc
 207 0000 80B5     		push	{r7, lr}
 208              		.cfi_def_cfa_offset 8
 209              		.cfi_offset 7, -8
 210              		.cfi_offset 14, -4
 211 0002 00AF     		add	r7, sp, #0
 212              		.cfi_def_cfa_register 7
 105:.\Generated_Source\PSoC4/LCD_Char_1_LCDPort.c ****     return (uint8)((LCD_Char_1_LCDPort_PS & LCD_Char_1_LCDPort_MASK) >> LCD_Char_1_LCDPort_SHIFT);
 213              		.loc 1 105 0
 214 0004 044B     		ldr	r3, .L9
 215 0006 1B68     		ldr	r3, [r3]
 216 0008 DAB2     		uxtb	r2, r3
 217 000a 7F23     		mov	r3, #127
 218 000c 1340     		and	r3, r2
 219 000e DBB2     		uxtb	r3, r3
 106:.\Generated_Source\PSoC4/LCD_Char_1_LCDPort.c **** }
 220              		.loc 1 106 0
 221 0010 181C     		mov	r0, r3
 222 0012 BD46     		mov	sp, r7
 223              		@ sp needed
 224 0014 80BD     		pop	{r7, pc}
 225              	.L10:
 226 0016 C046     		.align	2
 227              	.L9:
 228 0018 04010440 		.word	1074004228
 229              		.cfi_endproc
 230              	.LFE2:
 231              		.size	LCD_Char_1_LCDPort_Read, .-LCD_Char_1_LCDPort_Read
 232              		.section	.text.LCD_Char_1_LCDPort_ReadDataReg,"ax",%progbits
 233              		.align	2
 234              		.global	LCD_Char_1_LCDPort_ReadDataReg
 235              		.code	16
 236              		.thumb_func
ARM GAS  C:\Users\Zachary\AppData\Local\Temp\cc9LS6up.s 			page 7


 237              		.type	LCD_Char_1_LCDPort_ReadDataReg, %function
 238              	LCD_Char_1_LCDPort_ReadDataReg:
 239              	.LFB3:
 107:.\Generated_Source\PSoC4/LCD_Char_1_LCDPort.c **** 
 108:.\Generated_Source\PSoC4/LCD_Char_1_LCDPort.c **** 
 109:.\Generated_Source\PSoC4/LCD_Char_1_LCDPort.c **** /*******************************************************************************
 110:.\Generated_Source\PSoC4/LCD_Char_1_LCDPort.c **** * Function Name: LCD_Char_1_LCDPort_ReadDataReg
 111:.\Generated_Source\PSoC4/LCD_Char_1_LCDPort.c **** ********************************************************************************
 112:.\Generated_Source\PSoC4/LCD_Char_1_LCDPort.c **** *
 113:.\Generated_Source\PSoC4/LCD_Char_1_LCDPort.c **** * Summary:
 114:.\Generated_Source\PSoC4/LCD_Char_1_LCDPort.c **** *  Read the current value assigned to a Digital Port's data output register
 115:.\Generated_Source\PSoC4/LCD_Char_1_LCDPort.c **** *
 116:.\Generated_Source\PSoC4/LCD_Char_1_LCDPort.c **** * Parameters:  
 117:.\Generated_Source\PSoC4/LCD_Char_1_LCDPort.c **** *  None 
 118:.\Generated_Source\PSoC4/LCD_Char_1_LCDPort.c **** *
 119:.\Generated_Source\PSoC4/LCD_Char_1_LCDPort.c **** * Return: 
 120:.\Generated_Source\PSoC4/LCD_Char_1_LCDPort.c **** *  Returns the current value assigned to the Digital Port's data output register
 121:.\Generated_Source\PSoC4/LCD_Char_1_LCDPort.c **** *  
 122:.\Generated_Source\PSoC4/LCD_Char_1_LCDPort.c **** *******************************************************************************/
 123:.\Generated_Source\PSoC4/LCD_Char_1_LCDPort.c **** uint8 LCD_Char_1_LCDPort_ReadDataReg(void) 
 124:.\Generated_Source\PSoC4/LCD_Char_1_LCDPort.c **** {
 240              		.loc 1 124 0
 241              		.cfi_startproc
 242 0000 80B5     		push	{r7, lr}
 243              		.cfi_def_cfa_offset 8
 244              		.cfi_offset 7, -8
 245              		.cfi_offset 14, -4
 246 0002 00AF     		add	r7, sp, #0
 247              		.cfi_def_cfa_register 7
 125:.\Generated_Source\PSoC4/LCD_Char_1_LCDPort.c ****     return (uint8)((LCD_Char_1_LCDPort_DR & LCD_Char_1_LCDPort_MASK) >> LCD_Char_1_LCDPort_SHIFT);
 248              		.loc 1 125 0
 249 0004 044B     		ldr	r3, .L13
 250 0006 1B68     		ldr	r3, [r3]
 251 0008 DAB2     		uxtb	r2, r3
 252 000a 7F23     		mov	r3, #127
 253 000c 1340     		and	r3, r2
 254 000e DBB2     		uxtb	r3, r3
 126:.\Generated_Source\PSoC4/LCD_Char_1_LCDPort.c **** }
 255              		.loc 1 126 0
 256 0010 181C     		mov	r0, r3
 257 0012 BD46     		mov	sp, r7
 258              		@ sp needed
 259 0014 80BD     		pop	{r7, pc}
 260              	.L14:
 261 0016 C046     		.align	2
 262              	.L13:
 263 0018 00010440 		.word	1074004224
 264              		.cfi_endproc
 265              	.LFE3:
 266              		.size	LCD_Char_1_LCDPort_ReadDataReg, .-LCD_Char_1_LCDPort_ReadDataReg
 267              		.section	.text.LCD_Char_1_LCDPort_ClearInterrupt,"ax",%progbits
 268              		.align	2
 269              		.global	LCD_Char_1_LCDPort_ClearInterrupt
 270              		.code	16
 271              		.thumb_func
 272              		.type	LCD_Char_1_LCDPort_ClearInterrupt, %function
 273              	LCD_Char_1_LCDPort_ClearInterrupt:
ARM GAS  C:\Users\Zachary\AppData\Local\Temp\cc9LS6up.s 			page 8


 274              	.LFB4:
 127:.\Generated_Source\PSoC4/LCD_Char_1_LCDPort.c **** 
 128:.\Generated_Source\PSoC4/LCD_Char_1_LCDPort.c **** 
 129:.\Generated_Source\PSoC4/LCD_Char_1_LCDPort.c **** /* If Interrupts Are Enabled for this Pins component */ 
 130:.\Generated_Source\PSoC4/LCD_Char_1_LCDPort.c **** #if defined(LCD_Char_1_LCDPort_INTSTAT) 
 131:.\Generated_Source\PSoC4/LCD_Char_1_LCDPort.c **** 
 132:.\Generated_Source\PSoC4/LCD_Char_1_LCDPort.c ****     /*******************************************************************************
 133:.\Generated_Source\PSoC4/LCD_Char_1_LCDPort.c ****     * Function Name: LCD_Char_1_LCDPort_ClearInterrupt
 134:.\Generated_Source\PSoC4/LCD_Char_1_LCDPort.c ****     ********************************************************************************
 135:.\Generated_Source\PSoC4/LCD_Char_1_LCDPort.c ****     *
 136:.\Generated_Source\PSoC4/LCD_Char_1_LCDPort.c ****     * Summary:
 137:.\Generated_Source\PSoC4/LCD_Char_1_LCDPort.c ****     *  Clears any active interrupts attached to port and returns the value of the 
 138:.\Generated_Source\PSoC4/LCD_Char_1_LCDPort.c ****     *  interrupt status register.
 139:.\Generated_Source\PSoC4/LCD_Char_1_LCDPort.c ****     *
 140:.\Generated_Source\PSoC4/LCD_Char_1_LCDPort.c ****     * Parameters:  
 141:.\Generated_Source\PSoC4/LCD_Char_1_LCDPort.c ****     *  None 
 142:.\Generated_Source\PSoC4/LCD_Char_1_LCDPort.c ****     *
 143:.\Generated_Source\PSoC4/LCD_Char_1_LCDPort.c ****     * Return: 
 144:.\Generated_Source\PSoC4/LCD_Char_1_LCDPort.c ****     *  Returns the value of the interrupt status register
 145:.\Generated_Source\PSoC4/LCD_Char_1_LCDPort.c ****     *  
 146:.\Generated_Source\PSoC4/LCD_Char_1_LCDPort.c ****     *******************************************************************************/
 147:.\Generated_Source\PSoC4/LCD_Char_1_LCDPort.c ****     uint8 LCD_Char_1_LCDPort_ClearInterrupt(void) 
 148:.\Generated_Source\PSoC4/LCD_Char_1_LCDPort.c ****     {
 275              		.loc 1 148 0
 276              		.cfi_startproc
 277 0000 80B5     		push	{r7, lr}
 278              		.cfi_def_cfa_offset 8
 279              		.cfi_offset 7, -8
 280              		.cfi_offset 14, -4
 281 0002 82B0     		sub	sp, sp, #8
 282              		.cfi_def_cfa_offset 16
 283 0004 00AF     		add	r7, sp, #0
 284              		.cfi_def_cfa_register 7
 149:.\Generated_Source\PSoC4/LCD_Char_1_LCDPort.c **** 		uint8 maskedStatus = (uint8)(LCD_Char_1_LCDPort_INTSTAT & LCD_Char_1_LCDPort_MASK);
 285              		.loc 1 149 0
 286 0006 084B     		ldr	r3, .L17
 287 0008 1B68     		ldr	r3, [r3]
 288 000a D9B2     		uxtb	r1, r3
 289 000c FB1D     		add	r3, r7, #7
 290 000e 7F22     		mov	r2, #127
 291 0010 0A40     		and	r2, r1
 292 0012 1A70     		strb	r2, [r3]
 150:.\Generated_Source\PSoC4/LCD_Char_1_LCDPort.c **** 		LCD_Char_1_LCDPort_INTSTAT = maskedStatus;
 293              		.loc 1 150 0
 294 0014 044B     		ldr	r3, .L17
 295 0016 FA1D     		add	r2, r7, #7
 296 0018 1278     		ldrb	r2, [r2]
 297 001a 1A60     		str	r2, [r3]
 151:.\Generated_Source\PSoC4/LCD_Char_1_LCDPort.c ****         return maskedStatus >> LCD_Char_1_LCDPort_SHIFT;
 298              		.loc 1 151 0
 299 001c FB1D     		add	r3, r7, #7
 300 001e 1B78     		ldrb	r3, [r3]
 152:.\Generated_Source\PSoC4/LCD_Char_1_LCDPort.c ****     }
 301              		.loc 1 152 0
 302 0020 181C     		mov	r0, r3
 303 0022 BD46     		mov	sp, r7
 304 0024 02B0     		add	sp, sp, #8
ARM GAS  C:\Users\Zachary\AppData\Local\Temp\cc9LS6up.s 			page 9


 305              		@ sp needed
 306 0026 80BD     		pop	{r7, pc}
 307              	.L18:
 308              		.align	2
 309              	.L17:
 310 0028 10010440 		.word	1074004240
 311              		.cfi_endproc
 312              	.LFE4:
 313              		.size	LCD_Char_1_LCDPort_ClearInterrupt, .-LCD_Char_1_LCDPort_ClearInterrupt
 314              		.text
 315              	.Letext0:
 316              		.file 2 ".\\Generated_Source\\PSoC4\\cytypes.h"
 317              		.section	.debug_info,"",%progbits
 318              	.Ldebug_info0:
 319 0000 48010000 		.4byte	0x148
 320 0004 0400     		.2byte	0x4
 321 0006 00000000 		.4byte	.Ldebug_abbrev0
 322 000a 04       		.byte	0x4
 323 000b 01       		.uleb128 0x1
 324 000c 10010000 		.4byte	.LASF24
 325 0010 01       		.byte	0x1
 326 0011 B1010000 		.4byte	.LASF25
 327 0015 A4000000 		.4byte	.LASF26
 328 0019 00000000 		.4byte	.Ldebug_ranges0+0
 329 001d 00000000 		.4byte	0
 330 0021 00000000 		.4byte	.Ldebug_line0
 331 0025 02       		.uleb128 0x2
 332 0026 01       		.byte	0x1
 333 0027 06       		.byte	0x6
 334 0028 48020000 		.4byte	.LASF0
 335 002c 02       		.uleb128 0x2
 336 002d 01       		.byte	0x1
 337 002e 08       		.byte	0x8
 338 002f 6B000000 		.4byte	.LASF1
 339 0033 02       		.uleb128 0x2
 340 0034 02       		.byte	0x2
 341 0035 05       		.byte	0x5
 342 0036 DF010000 		.4byte	.LASF2
 343 003a 02       		.uleb128 0x2
 344 003b 02       		.byte	0x2
 345 003c 07       		.byte	0x7
 346 003d 91000000 		.4byte	.LASF3
 347 0041 02       		.uleb128 0x2
 348 0042 04       		.byte	0x4
 349 0043 05       		.byte	0x5
 350 0044 26020000 		.4byte	.LASF4
 351 0048 02       		.uleb128 0x2
 352 0049 04       		.byte	0x4
 353 004a 07       		.byte	0x7
 354 004b 7F000000 		.4byte	.LASF5
 355 004f 02       		.uleb128 0x2
 356 0050 08       		.byte	0x8
 357 0051 05       		.byte	0x5
 358 0052 91010000 		.4byte	.LASF6
 359 0056 02       		.uleb128 0x2
 360 0057 08       		.byte	0x8
 361 0058 07       		.byte	0x7
ARM GAS  C:\Users\Zachary\AppData\Local\Temp\cc9LS6up.s 			page 10


 362 0059 54000000 		.4byte	.LASF7
 363 005d 03       		.uleb128 0x3
 364 005e 04       		.byte	0x4
 365 005f 05       		.byte	0x5
 366 0060 696E7400 		.ascii	"int\000"
 367 0064 02       		.uleb128 0x2
 368 0065 04       		.byte	0x4
 369 0066 07       		.byte	0x7
 370 0067 03010000 		.4byte	.LASF8
 371 006b 04       		.uleb128 0x4
 372 006c 20020000 		.4byte	.LASF9
 373 0070 02       		.byte	0x2
 374 0071 A1       		.byte	0xa1
 375 0072 2C000000 		.4byte	0x2c
 376 0076 04       		.uleb128 0x4
 377 0077 FC000000 		.4byte	.LASF10
 378 007b 02       		.byte	0x2
 379 007c A3       		.byte	0xa3
 380 007d 48000000 		.4byte	0x48
 381 0081 02       		.uleb128 0x2
 382 0082 04       		.byte	0x4
 383 0083 04       		.byte	0x4
 384 0084 4E000000 		.4byte	.LASF11
 385 0088 02       		.uleb128 0x2
 386 0089 08       		.byte	0x8
 387 008a 04       		.byte	0x4
 388 008b F5000000 		.4byte	.LASF12
 389 008f 02       		.uleb128 0x2
 390 0090 01       		.byte	0x1
 391 0091 08       		.byte	0x8
 392 0092 AC010000 		.4byte	.LASF13
 393 0096 05       		.uleb128 0x5
 394 0097 00000000 		.4byte	.LASF14
 395 009b 02       		.byte	0x2
 396 009c 4D01     		.2byte	0x14d
 397 009e A2000000 		.4byte	0xa2
 398 00a2 06       		.uleb128 0x6
 399 00a3 76000000 		.4byte	0x76
 400 00a7 07       		.uleb128 0x7
 401 00a8 2F020000 		.4byte	.LASF15
 402 00ac 01       		.byte	0x1
 403 00ad 2A       		.byte	0x2a
 404 00ae 00000000 		.4byte	.LFB0
 405 00b2 48000000 		.4byte	.LFE0-.LFB0
 406 00b6 01       		.uleb128 0x1
 407 00b7 9C       		.byte	0x9c
 408 00b8 D9000000 		.4byte	0xd9
 409 00bc 08       		.uleb128 0x8
 410 00bd 26000000 		.4byte	.LASF17
 411 00c1 01       		.byte	0x1
 412 00c2 2A       		.byte	0x2a
 413 00c3 6B000000 		.4byte	0x6b
 414 00c7 02       		.uleb128 0x2
 415 00c8 91       		.byte	0x91
 416 00c9 6F       		.sleb128 -17
 417 00ca 09       		.uleb128 0x9
 418 00cb 79000000 		.4byte	.LASF22
ARM GAS  C:\Users\Zachary\AppData\Local\Temp\cc9LS6up.s 			page 11


 419 00cf 01       		.byte	0x1
 420 00d0 2C       		.byte	0x2c
 421 00d1 6B000000 		.4byte	0x6b
 422 00d5 02       		.uleb128 0x2
 423 00d6 91       		.byte	0x91
 424 00d7 77       		.sleb128 -9
 425 00d8 00       		.byte	0
 426 00d9 07       		.uleb128 0x7
 427 00da 06000000 		.4byte	.LASF16
 428 00de 01       		.byte	0x1
 429 00df 49       		.byte	0x49
 430 00e0 00000000 		.4byte	.LFB1
 431 00e4 BC000000 		.4byte	.LFE1-.LFB1
 432 00e8 01       		.uleb128 0x1
 433 00e9 9C       		.byte	0x9c
 434 00ea FD000000 		.4byte	0xfd
 435 00ee 08       		.uleb128 0x8
 436 00ef 8C010000 		.4byte	.LASF18
 437 00f3 01       		.byte	0x1
 438 00f4 49       		.byte	0x49
 439 00f5 6B000000 		.4byte	0x6b
 440 00f9 02       		.uleb128 0x2
 441 00fa 91       		.byte	0x91
 442 00fb 77       		.sleb128 -9
 443 00fc 00       		.byte	0
 444 00fd 0A       		.uleb128 0xa
 445 00fe E9010000 		.4byte	.LASF19
 446 0102 01       		.byte	0x1
 447 0103 67       		.byte	0x67
 448 0104 6B000000 		.4byte	0x6b
 449 0108 00000000 		.4byte	.LFB2
 450 010c 1C000000 		.4byte	.LFE2-.LFB2
 451 0110 01       		.uleb128 0x1
 452 0111 9C       		.byte	0x9c
 453 0112 0A       		.uleb128 0xa
 454 0113 01020000 		.4byte	.LASF20
 455 0117 01       		.byte	0x1
 456 0118 7B       		.byte	0x7b
 457 0119 6B000000 		.4byte	0x6b
 458 011d 00000000 		.4byte	.LFB3
 459 0121 1C000000 		.4byte	.LFE3-.LFB3
 460 0125 01       		.uleb128 0x1
 461 0126 9C       		.byte	0x9c
 462 0127 0B       		.uleb128 0xb
 463 0128 2C000000 		.4byte	.LASF21
 464 012c 01       		.byte	0x1
 465 012d 93       		.byte	0x93
 466 012e 6B000000 		.4byte	0x6b
 467 0132 00000000 		.4byte	.LFB4
 468 0136 2C000000 		.4byte	.LFE4-.LFB4
 469 013a 01       		.uleb128 0x1
 470 013b 9C       		.byte	0x9c
 471 013c 09       		.uleb128 0x9
 472 013d 9F010000 		.4byte	.LASF23
 473 0141 01       		.byte	0x1
 474 0142 95       		.byte	0x95
 475 0143 6B000000 		.4byte	0x6b
ARM GAS  C:\Users\Zachary\AppData\Local\Temp\cc9LS6up.s 			page 12


 476 0147 02       		.uleb128 0x2
 477 0148 91       		.byte	0x91
 478 0149 77       		.sleb128 -9
 479 014a 00       		.byte	0
 480 014b 00       		.byte	0
 481              		.section	.debug_abbrev,"",%progbits
 482              	.Ldebug_abbrev0:
 483 0000 01       		.uleb128 0x1
 484 0001 11       		.uleb128 0x11
 485 0002 01       		.byte	0x1
 486 0003 25       		.uleb128 0x25
 487 0004 0E       		.uleb128 0xe
 488 0005 13       		.uleb128 0x13
 489 0006 0B       		.uleb128 0xb
 490 0007 03       		.uleb128 0x3
 491 0008 0E       		.uleb128 0xe
 492 0009 1B       		.uleb128 0x1b
 493 000a 0E       		.uleb128 0xe
 494 000b 55       		.uleb128 0x55
 495 000c 17       		.uleb128 0x17
 496 000d 11       		.uleb128 0x11
 497 000e 01       		.uleb128 0x1
 498 000f 10       		.uleb128 0x10
 499 0010 17       		.uleb128 0x17
 500 0011 00       		.byte	0
 501 0012 00       		.byte	0
 502 0013 02       		.uleb128 0x2
 503 0014 24       		.uleb128 0x24
 504 0015 00       		.byte	0
 505 0016 0B       		.uleb128 0xb
 506 0017 0B       		.uleb128 0xb
 507 0018 3E       		.uleb128 0x3e
 508 0019 0B       		.uleb128 0xb
 509 001a 03       		.uleb128 0x3
 510 001b 0E       		.uleb128 0xe
 511 001c 00       		.byte	0
 512 001d 00       		.byte	0
 513 001e 03       		.uleb128 0x3
 514 001f 24       		.uleb128 0x24
 515 0020 00       		.byte	0
 516 0021 0B       		.uleb128 0xb
 517 0022 0B       		.uleb128 0xb
 518 0023 3E       		.uleb128 0x3e
 519 0024 0B       		.uleb128 0xb
 520 0025 03       		.uleb128 0x3
 521 0026 08       		.uleb128 0x8
 522 0027 00       		.byte	0
 523 0028 00       		.byte	0
 524 0029 04       		.uleb128 0x4
 525 002a 16       		.uleb128 0x16
 526 002b 00       		.byte	0
 527 002c 03       		.uleb128 0x3
 528 002d 0E       		.uleb128 0xe
 529 002e 3A       		.uleb128 0x3a
 530 002f 0B       		.uleb128 0xb
 531 0030 3B       		.uleb128 0x3b
 532 0031 0B       		.uleb128 0xb
ARM GAS  C:\Users\Zachary\AppData\Local\Temp\cc9LS6up.s 			page 13


 533 0032 49       		.uleb128 0x49
 534 0033 13       		.uleb128 0x13
 535 0034 00       		.byte	0
 536 0035 00       		.byte	0
 537 0036 05       		.uleb128 0x5
 538 0037 16       		.uleb128 0x16
 539 0038 00       		.byte	0
 540 0039 03       		.uleb128 0x3
 541 003a 0E       		.uleb128 0xe
 542 003b 3A       		.uleb128 0x3a
 543 003c 0B       		.uleb128 0xb
 544 003d 3B       		.uleb128 0x3b
 545 003e 05       		.uleb128 0x5
 546 003f 49       		.uleb128 0x49
 547 0040 13       		.uleb128 0x13
 548 0041 00       		.byte	0
 549 0042 00       		.byte	0
 550 0043 06       		.uleb128 0x6
 551 0044 35       		.uleb128 0x35
 552 0045 00       		.byte	0
 553 0046 49       		.uleb128 0x49
 554 0047 13       		.uleb128 0x13
 555 0048 00       		.byte	0
 556 0049 00       		.byte	0
 557 004a 07       		.uleb128 0x7
 558 004b 2E       		.uleb128 0x2e
 559 004c 01       		.byte	0x1
 560 004d 3F       		.uleb128 0x3f
 561 004e 19       		.uleb128 0x19
 562 004f 03       		.uleb128 0x3
 563 0050 0E       		.uleb128 0xe
 564 0051 3A       		.uleb128 0x3a
 565 0052 0B       		.uleb128 0xb
 566 0053 3B       		.uleb128 0x3b
 567 0054 0B       		.uleb128 0xb
 568 0055 27       		.uleb128 0x27
 569 0056 19       		.uleb128 0x19
 570 0057 11       		.uleb128 0x11
 571 0058 01       		.uleb128 0x1
 572 0059 12       		.uleb128 0x12
 573 005a 06       		.uleb128 0x6
 574 005b 40       		.uleb128 0x40
 575 005c 18       		.uleb128 0x18
 576 005d 9742     		.uleb128 0x2117
 577 005f 19       		.uleb128 0x19
 578 0060 01       		.uleb128 0x1
 579 0061 13       		.uleb128 0x13
 580 0062 00       		.byte	0
 581 0063 00       		.byte	0
 582 0064 08       		.uleb128 0x8
 583 0065 05       		.uleb128 0x5
 584 0066 00       		.byte	0
 585 0067 03       		.uleb128 0x3
 586 0068 0E       		.uleb128 0xe
 587 0069 3A       		.uleb128 0x3a
 588 006a 0B       		.uleb128 0xb
 589 006b 3B       		.uleb128 0x3b
ARM GAS  C:\Users\Zachary\AppData\Local\Temp\cc9LS6up.s 			page 14


 590 006c 0B       		.uleb128 0xb
 591 006d 49       		.uleb128 0x49
 592 006e 13       		.uleb128 0x13
 593 006f 02       		.uleb128 0x2
 594 0070 18       		.uleb128 0x18
 595 0071 00       		.byte	0
 596 0072 00       		.byte	0
 597 0073 09       		.uleb128 0x9
 598 0074 34       		.uleb128 0x34
 599 0075 00       		.byte	0
 600 0076 03       		.uleb128 0x3
 601 0077 0E       		.uleb128 0xe
 602 0078 3A       		.uleb128 0x3a
 603 0079 0B       		.uleb128 0xb
 604 007a 3B       		.uleb128 0x3b
 605 007b 0B       		.uleb128 0xb
 606 007c 49       		.uleb128 0x49
 607 007d 13       		.uleb128 0x13
 608 007e 02       		.uleb128 0x2
 609 007f 18       		.uleb128 0x18
 610 0080 00       		.byte	0
 611 0081 00       		.byte	0
 612 0082 0A       		.uleb128 0xa
 613 0083 2E       		.uleb128 0x2e
 614 0084 00       		.byte	0
 615 0085 3F       		.uleb128 0x3f
 616 0086 19       		.uleb128 0x19
 617 0087 03       		.uleb128 0x3
 618 0088 0E       		.uleb128 0xe
 619 0089 3A       		.uleb128 0x3a
 620 008a 0B       		.uleb128 0xb
 621 008b 3B       		.uleb128 0x3b
 622 008c 0B       		.uleb128 0xb
 623 008d 27       		.uleb128 0x27
 624 008e 19       		.uleb128 0x19
 625 008f 49       		.uleb128 0x49
 626 0090 13       		.uleb128 0x13
 627 0091 11       		.uleb128 0x11
 628 0092 01       		.uleb128 0x1
 629 0093 12       		.uleb128 0x12
 630 0094 06       		.uleb128 0x6
 631 0095 40       		.uleb128 0x40
 632 0096 18       		.uleb128 0x18
 633 0097 9742     		.uleb128 0x2117
 634 0099 19       		.uleb128 0x19
 635 009a 00       		.byte	0
 636 009b 00       		.byte	0
 637 009c 0B       		.uleb128 0xb
 638 009d 2E       		.uleb128 0x2e
 639 009e 01       		.byte	0x1
 640 009f 3F       		.uleb128 0x3f
 641 00a0 19       		.uleb128 0x19
 642 00a1 03       		.uleb128 0x3
 643 00a2 0E       		.uleb128 0xe
 644 00a3 3A       		.uleb128 0x3a
 645 00a4 0B       		.uleb128 0xb
 646 00a5 3B       		.uleb128 0x3b
ARM GAS  C:\Users\Zachary\AppData\Local\Temp\cc9LS6up.s 			page 15


 647 00a6 0B       		.uleb128 0xb
 648 00a7 27       		.uleb128 0x27
 649 00a8 19       		.uleb128 0x19
 650 00a9 49       		.uleb128 0x49
 651 00aa 13       		.uleb128 0x13
 652 00ab 11       		.uleb128 0x11
 653 00ac 01       		.uleb128 0x1
 654 00ad 12       		.uleb128 0x12
 655 00ae 06       		.uleb128 0x6
 656 00af 40       		.uleb128 0x40
 657 00b0 18       		.uleb128 0x18
 658 00b1 9742     		.uleb128 0x2117
 659 00b3 19       		.uleb128 0x19
 660 00b4 00       		.byte	0
 661 00b5 00       		.byte	0
 662 00b6 00       		.byte	0
 663              		.section	.debug_aranges,"",%progbits
 664 0000 3C000000 		.4byte	0x3c
 665 0004 0200     		.2byte	0x2
 666 0006 00000000 		.4byte	.Ldebug_info0
 667 000a 04       		.byte	0x4
 668 000b 00       		.byte	0
 669 000c 0000     		.2byte	0
 670 000e 0000     		.2byte	0
 671 0010 00000000 		.4byte	.LFB0
 672 0014 48000000 		.4byte	.LFE0-.LFB0
 673 0018 00000000 		.4byte	.LFB1
 674 001c BC000000 		.4byte	.LFE1-.LFB1
 675 0020 00000000 		.4byte	.LFB2
 676 0024 1C000000 		.4byte	.LFE2-.LFB2
 677 0028 00000000 		.4byte	.LFB3
 678 002c 1C000000 		.4byte	.LFE3-.LFB3
 679 0030 00000000 		.4byte	.LFB4
 680 0034 2C000000 		.4byte	.LFE4-.LFB4
 681 0038 00000000 		.4byte	0
 682 003c 00000000 		.4byte	0
 683              		.section	.debug_ranges,"",%progbits
 684              	.Ldebug_ranges0:
 685 0000 00000000 		.4byte	.LFB0
 686 0004 48000000 		.4byte	.LFE0
 687 0008 00000000 		.4byte	.LFB1
 688 000c BC000000 		.4byte	.LFE1
 689 0010 00000000 		.4byte	.LFB2
 690 0014 1C000000 		.4byte	.LFE2
 691 0018 00000000 		.4byte	.LFB3
 692 001c 1C000000 		.4byte	.LFE3
 693 0020 00000000 		.4byte	.LFB4
 694 0024 2C000000 		.4byte	.LFE4
 695 0028 00000000 		.4byte	0
 696 002c 00000000 		.4byte	0
 697              		.section	.debug_line,"",%progbits
 698              	.Ldebug_line0:
 699 0000 BA000000 		.section	.debug_str,"MS",%progbits,1
 699      02005100 
 699      00000201 
 699      FB0E0D00 
 699      01010101 
ARM GAS  C:\Users\Zachary\AppData\Local\Temp\cc9LS6up.s 			page 16


 700              	.LASF14:
 701 0000 72656733 		.ascii	"reg32\000"
 701      3200
 702              	.LASF16:
 703 0006 4C43445F 		.ascii	"LCD_Char_1_LCDPort_SetDriveMode\000"
 703      43686172 
 703      5F315F4C 
 703      4344506F 
 703      72745F53 
 704              	.LASF17:
 705 0026 76616C75 		.ascii	"value\000"
 705      6500
 706              	.LASF21:
 707 002c 4C43445F 		.ascii	"LCD_Char_1_LCDPort_ClearInterrupt\000"
 707      43686172 
 707      5F315F4C 
 707      4344506F 
 707      72745F43 
 708              	.LASF11:
 709 004e 666C6F61 		.ascii	"float\000"
 709      7400
 710              	.LASF7:
 711 0054 6C6F6E67 		.ascii	"long long unsigned int\000"
 711      206C6F6E 
 711      6720756E 
 711      7369676E 
 711      65642069 
 712              	.LASF1:
 713 006b 756E7369 		.ascii	"unsigned char\000"
 713      676E6564 
 713      20636861 
 713      7200
 714              	.LASF22:
 715 0079 64725661 		.ascii	"drVal\000"
 715      6C00
 716              	.LASF5:
 717 007f 6C6F6E67 		.ascii	"long unsigned int\000"
 717      20756E73 
 717      69676E65 
 717      6420696E 
 717      7400
 718              	.LASF3:
 719 0091 73686F72 		.ascii	"short unsigned int\000"
 719      7420756E 
 719      7369676E 
 719      65642069 
 719      6E7400
 720              	.LASF26:
 721 00a4 433A5C55 		.ascii	"C:\\Users\\Zachary\\Desktop\\embedded\\Ozturk Lab -"
 721      73657273 
 721      5C5A6163 
 721      68617279 
 721      5C446573 
 722 00d2 2035202D 		.ascii	" 5 - Rev 1\\Design01\\Design01.cydsn\000"
 722      20526576 
 722      20315C44 
 722      65736967 
ARM GAS  C:\Users\Zachary\AppData\Local\Temp\cc9LS6up.s 			page 17


 722      6E30315C 
 723              	.LASF12:
 724 00f5 646F7562 		.ascii	"double\000"
 724      6C6500
 725              	.LASF10:
 726 00fc 75696E74 		.ascii	"uint32\000"
 726      333200
 727              	.LASF8:
 728 0103 756E7369 		.ascii	"unsigned int\000"
 728      676E6564 
 728      20696E74 
 728      00
 729              	.LASF24:
 730 0110 474E5520 		.ascii	"GNU C 4.8.4 20140526 (release) [ARM/embedded-4_8-br"
 730      4320342E 
 730      382E3420 
 730      32303134 
 730      30353236 
 731 0143 616E6368 		.ascii	"anch revision 211358] -mcpu=cortex-m0 -mthumb -g -O"
 731      20726576 
 731      6973696F 
 731      6E203231 
 731      31333538 
 732 0176 30202D66 		.ascii	"0 -ffunction-sections\000"
 732      66756E63 
 732      74696F6E 
 732      2D736563 
 732      74696F6E 
 733              	.LASF18:
 734 018c 6D6F6465 		.ascii	"mode\000"
 734      00
 735              	.LASF6:
 736 0191 6C6F6E67 		.ascii	"long long int\000"
 736      206C6F6E 
 736      6720696E 
 736      7400
 737              	.LASF23:
 738 019f 6D61736B 		.ascii	"maskedStatus\000"
 738      65645374 
 738      61747573 
 738      00
 739              	.LASF13:
 740 01ac 63686172 		.ascii	"char\000"
 740      00
 741              	.LASF25:
 742 01b1 2E5C4765 		.ascii	".\\Generated_Source\\PSoC4\\LCD_Char_1_LCDPort.c\000"
 742      6E657261 
 742      7465645F 
 742      536F7572 
 742      63655C50 
 743              	.LASF2:
 744 01df 73686F72 		.ascii	"short int\000"
 744      7420696E 
 744      7400
 745              	.LASF19:
 746 01e9 4C43445F 		.ascii	"LCD_Char_1_LCDPort_Read\000"
 746      43686172 
ARM GAS  C:\Users\Zachary\AppData\Local\Temp\cc9LS6up.s 			page 18


 746      5F315F4C 
 746      4344506F 
 746      72745F52 
 747              	.LASF20:
 748 0201 4C43445F 		.ascii	"LCD_Char_1_LCDPort_ReadDataReg\000"
 748      43686172 
 748      5F315F4C 
 748      4344506F 
 748      72745F52 
 749              	.LASF9:
 750 0220 75696E74 		.ascii	"uint8\000"
 750      3800
 751              	.LASF4:
 752 0226 6C6F6E67 		.ascii	"long int\000"
 752      20696E74 
 752      00
 753              	.LASF15:
 754 022f 4C43445F 		.ascii	"LCD_Char_1_LCDPort_Write\000"
 754      43686172 
 754      5F315F4C 
 754      4344506F 
 754      72745F57 
 755              	.LASF0:
 756 0248 7369676E 		.ascii	"signed char\000"
 756      65642063 
 756      68617200 
 757              		.ident	"GCC: (GNU Tools for ARM Embedded Processors) 4.8.4 20140526 (release) [ARM/embedded-4_8-br
