ARM GAS  C:\Users\Zachary\AppData\Local\Temp\ccYWxvGE.s 			page 1


   1              		.cpu cortex-m0
   2              		.fpu softvfp
   3              		.eabi_attribute 20, 1
   4              		.eabi_attribute 21, 1
   5              		.eabi_attribute 23, 3
   6              		.eabi_attribute 24, 1
   7              		.eabi_attribute 25, 1
   8              		.eabi_attribute 26, 1
   9              		.eabi_attribute 30, 6
  10              		.eabi_attribute 34, 0
  11              		.eabi_attribute 18, 4
  12              		.code	16
  13              		.file	"LCD_Char_1_PM.c"
  14              		.text
  15              	.Ltext0:
  16              		.cfi_sections	.debug_frame
  17              		.bss
  18              		.align	2
  19              	LCD_Char_1_backup:
  20 0000 00       		.space	1
  21 0001 000000   		.section	.text.LCD_Char_1_SaveConfig,"ax",%progbits
  22              		.align	2
  23              		.global	LCD_Char_1_SaveConfig
  24              		.code	16
  25              		.thumb_func
  26              		.type	LCD_Char_1_SaveConfig, %function
  27              	LCD_Char_1_SaveConfig:
  28              	.LFB0:
  29              		.file 1 ".\\Generated_Source\\PSoC4\\LCD_Char_1_PM.c"
   1:.\Generated_Source\PSoC4/LCD_Char_1_PM.c **** /*******************************************************************************
   2:.\Generated_Source\PSoC4/LCD_Char_1_PM.c **** * File Name: LCD_Char_1_PM.c
   3:.\Generated_Source\PSoC4/LCD_Char_1_PM.c **** * Version 2.10
   4:.\Generated_Source\PSoC4/LCD_Char_1_PM.c **** *
   5:.\Generated_Source\PSoC4/LCD_Char_1_PM.c **** * Description:
   6:.\Generated_Source\PSoC4/LCD_Char_1_PM.c **** *  This file provides the API source code for the Static Segment LCD component.
   7:.\Generated_Source\PSoC4/LCD_Char_1_PM.c **** *
   8:.\Generated_Source\PSoC4/LCD_Char_1_PM.c **** * Note:
   9:.\Generated_Source\PSoC4/LCD_Char_1_PM.c **** *
  10:.\Generated_Source\PSoC4/LCD_Char_1_PM.c **** ********************************************************************************
  11:.\Generated_Source\PSoC4/LCD_Char_1_PM.c **** * Copyright 2008-2014, Cypress Semiconductor Corporation.  All rights reserved.
  12:.\Generated_Source\PSoC4/LCD_Char_1_PM.c **** * You may use this file only in accordance with the license, terms, conditions,
  13:.\Generated_Source\PSoC4/LCD_Char_1_PM.c **** * disclaimers, and limitations in the end user license agreement accompanying
  14:.\Generated_Source\PSoC4/LCD_Char_1_PM.c **** * the software package with which this file was provided.
  15:.\Generated_Source\PSoC4/LCD_Char_1_PM.c **** *******************************************************************************/
  16:.\Generated_Source\PSoC4/LCD_Char_1_PM.c **** 
  17:.\Generated_Source\PSoC4/LCD_Char_1_PM.c **** #include "LCD_Char_1.h"
  18:.\Generated_Source\PSoC4/LCD_Char_1_PM.c **** 
  19:.\Generated_Source\PSoC4/LCD_Char_1_PM.c **** 
  20:.\Generated_Source\PSoC4/LCD_Char_1_PM.c **** static LCD_Char_1_BACKUP_STRUCT LCD_Char_1_backup;
  21:.\Generated_Source\PSoC4/LCD_Char_1_PM.c **** 
  22:.\Generated_Source\PSoC4/LCD_Char_1_PM.c **** 
  23:.\Generated_Source\PSoC4/LCD_Char_1_PM.c **** /*******************************************************************************
  24:.\Generated_Source\PSoC4/LCD_Char_1_PM.c **** * Function Name: LCD_Char_1_SaveConfig
  25:.\Generated_Source\PSoC4/LCD_Char_1_PM.c **** ********************************************************************************
  26:.\Generated_Source\PSoC4/LCD_Char_1_PM.c **** *
  27:.\Generated_Source\PSoC4/LCD_Char_1_PM.c **** * Summary:
  28:.\Generated_Source\PSoC4/LCD_Char_1_PM.c **** *  Does nothing, provided for consistency.
ARM GAS  C:\Users\Zachary\AppData\Local\Temp\ccYWxvGE.s 			page 2


  29:.\Generated_Source\PSoC4/LCD_Char_1_PM.c **** *
  30:.\Generated_Source\PSoC4/LCD_Char_1_PM.c **** * Parameters:
  31:.\Generated_Source\PSoC4/LCD_Char_1_PM.c **** *  None.
  32:.\Generated_Source\PSoC4/LCD_Char_1_PM.c **** *
  33:.\Generated_Source\PSoC4/LCD_Char_1_PM.c **** * Return:
  34:.\Generated_Source\PSoC4/LCD_Char_1_PM.c **** *  None.
  35:.\Generated_Source\PSoC4/LCD_Char_1_PM.c **** *
  36:.\Generated_Source\PSoC4/LCD_Char_1_PM.c **** *******************************************************************************/
  37:.\Generated_Source\PSoC4/LCD_Char_1_PM.c **** void LCD_Char_1_SaveConfig(void) 
  38:.\Generated_Source\PSoC4/LCD_Char_1_PM.c **** {
  30              		.loc 1 38 0
  31              		.cfi_startproc
  32 0000 80B5     		push	{r7, lr}
  33              		.cfi_def_cfa_offset 8
  34              		.cfi_offset 7, -8
  35              		.cfi_offset 14, -4
  36 0002 00AF     		add	r7, sp, #0
  37              		.cfi_def_cfa_register 7
  39:.\Generated_Source\PSoC4/LCD_Char_1_PM.c **** }
  38              		.loc 1 39 0
  39 0004 BD46     		mov	sp, r7
  40              		@ sp needed
  41 0006 80BD     		pop	{r7, pc}
  42              		.cfi_endproc
  43              	.LFE0:
  44              		.size	LCD_Char_1_SaveConfig, .-LCD_Char_1_SaveConfig
  45              		.section	.text.LCD_Char_1_RestoreConfig,"ax",%progbits
  46              		.align	2
  47              		.global	LCD_Char_1_RestoreConfig
  48              		.code	16
  49              		.thumb_func
  50              		.type	LCD_Char_1_RestoreConfig, %function
  51              	LCD_Char_1_RestoreConfig:
  52              	.LFB1:
  40:.\Generated_Source\PSoC4/LCD_Char_1_PM.c **** 
  41:.\Generated_Source\PSoC4/LCD_Char_1_PM.c **** 
  42:.\Generated_Source\PSoC4/LCD_Char_1_PM.c **** /*******************************************************************************
  43:.\Generated_Source\PSoC4/LCD_Char_1_PM.c **** * Function Name: LCD_Char_1_RestoreConfig
  44:.\Generated_Source\PSoC4/LCD_Char_1_PM.c **** ********************************************************************************
  45:.\Generated_Source\PSoC4/LCD_Char_1_PM.c **** *
  46:.\Generated_Source\PSoC4/LCD_Char_1_PM.c **** * Summary:
  47:.\Generated_Source\PSoC4/LCD_Char_1_PM.c **** *  Does nothing, provided for consistency.
  48:.\Generated_Source\PSoC4/LCD_Char_1_PM.c **** *
  49:.\Generated_Source\PSoC4/LCD_Char_1_PM.c **** * Parameters:
  50:.\Generated_Source\PSoC4/LCD_Char_1_PM.c **** *  None.
  51:.\Generated_Source\PSoC4/LCD_Char_1_PM.c **** *
  52:.\Generated_Source\PSoC4/LCD_Char_1_PM.c **** * Return:
  53:.\Generated_Source\PSoC4/LCD_Char_1_PM.c **** *  None.
  54:.\Generated_Source\PSoC4/LCD_Char_1_PM.c **** *
  55:.\Generated_Source\PSoC4/LCD_Char_1_PM.c **** *******************************************************************************/
  56:.\Generated_Source\PSoC4/LCD_Char_1_PM.c **** void LCD_Char_1_RestoreConfig(void) 
  57:.\Generated_Source\PSoC4/LCD_Char_1_PM.c **** {
  53              		.loc 1 57 0
  54              		.cfi_startproc
  55 0000 80B5     		push	{r7, lr}
  56              		.cfi_def_cfa_offset 8
  57              		.cfi_offset 7, -8
ARM GAS  C:\Users\Zachary\AppData\Local\Temp\ccYWxvGE.s 			page 3


  58              		.cfi_offset 14, -4
  59 0002 00AF     		add	r7, sp, #0
  60              		.cfi_def_cfa_register 7
  58:.\Generated_Source\PSoC4/LCD_Char_1_PM.c **** }
  61              		.loc 1 58 0
  62 0004 BD46     		mov	sp, r7
  63              		@ sp needed
  64 0006 80BD     		pop	{r7, pc}
  65              		.cfi_endproc
  66              	.LFE1:
  67              		.size	LCD_Char_1_RestoreConfig, .-LCD_Char_1_RestoreConfig
  68              		.section	.text.LCD_Char_1_Sleep,"ax",%progbits
  69              		.align	2
  70              		.global	LCD_Char_1_Sleep
  71              		.code	16
  72              		.thumb_func
  73              		.type	LCD_Char_1_Sleep, %function
  74              	LCD_Char_1_Sleep:
  75              	.LFB2:
  59:.\Generated_Source\PSoC4/LCD_Char_1_PM.c **** 
  60:.\Generated_Source\PSoC4/LCD_Char_1_PM.c **** 
  61:.\Generated_Source\PSoC4/LCD_Char_1_PM.c **** /*******************************************************************************
  62:.\Generated_Source\PSoC4/LCD_Char_1_PM.c **** * Function Name: LCD_Char_1_Sleep
  63:.\Generated_Source\PSoC4/LCD_Char_1_PM.c **** ********************************************************************************
  64:.\Generated_Source\PSoC4/LCD_Char_1_PM.c **** *
  65:.\Generated_Source\PSoC4/LCD_Char_1_PM.c **** * Summary:
  66:.\Generated_Source\PSoC4/LCD_Char_1_PM.c **** *  Prepares the component for entering the sleep mode.
  67:.\Generated_Source\PSoC4/LCD_Char_1_PM.c **** *
  68:.\Generated_Source\PSoC4/LCD_Char_1_PM.c **** * Parameters:
  69:.\Generated_Source\PSoC4/LCD_Char_1_PM.c **** *  None.
  70:.\Generated_Source\PSoC4/LCD_Char_1_PM.c **** *
  71:.\Generated_Source\PSoC4/LCD_Char_1_PM.c **** * Return:
  72:.\Generated_Source\PSoC4/LCD_Char_1_PM.c **** *  None.
  73:.\Generated_Source\PSoC4/LCD_Char_1_PM.c **** *
  74:.\Generated_Source\PSoC4/LCD_Char_1_PM.c **** * Reentrant:
  75:.\Generated_Source\PSoC4/LCD_Char_1_PM.c **** *  No.
  76:.\Generated_Source\PSoC4/LCD_Char_1_PM.c **** *
  77:.\Generated_Source\PSoC4/LCD_Char_1_PM.c **** *******************************************************************************/
  78:.\Generated_Source\PSoC4/LCD_Char_1_PM.c **** void LCD_Char_1_Sleep(void) 
  79:.\Generated_Source\PSoC4/LCD_Char_1_PM.c **** {
  76              		.loc 1 79 0
  77              		.cfi_startproc
  78 0000 80B5     		push	{r7, lr}
  79              		.cfi_def_cfa_offset 8
  80              		.cfi_offset 7, -8
  81              		.cfi_offset 14, -4
  82 0002 00AF     		add	r7, sp, #0
  83              		.cfi_def_cfa_register 7
  80:.\Generated_Source\PSoC4/LCD_Char_1_PM.c ****     LCD_Char_1_backup.enableState = LCD_Char_1_enableState;
  84              		.loc 1 80 0
  85 0004 044B     		ldr	r3, .L4
  86 0006 1A78     		ldrb	r2, [r3]
  87 0008 044B     		ldr	r3, .L4+4
  88 000a 1A70     		strb	r2, [r3]
  81:.\Generated_Source\PSoC4/LCD_Char_1_PM.c ****     LCD_Char_1_SaveConfig();
  89              		.loc 1 81 0
  90 000c FFF7FEFF 		bl	LCD_Char_1_SaveConfig
ARM GAS  C:\Users\Zachary\AppData\Local\Temp\ccYWxvGE.s 			page 4


  82:.\Generated_Source\PSoC4/LCD_Char_1_PM.c ****     LCD_Char_1_Stop();
  91              		.loc 1 82 0
  92 0010 FFF7FEFF 		bl	LCD_Char_1_Stop
  83:.\Generated_Source\PSoC4/LCD_Char_1_PM.c **** }
  93              		.loc 1 83 0
  94 0014 BD46     		mov	sp, r7
  95              		@ sp needed
  96 0016 80BD     		pop	{r7, pc}
  97              	.L5:
  98              		.align	2
  99              	.L4:
 100 0018 00000000 		.word	LCD_Char_1_enableState
 101 001c 00000000 		.word	LCD_Char_1_backup
 102              		.cfi_endproc
 103              	.LFE2:
 104              		.size	LCD_Char_1_Sleep, .-LCD_Char_1_Sleep
 105              		.section	.text.LCD_Char_1_Wakeup,"ax",%progbits
 106              		.align	2
 107              		.global	LCD_Char_1_Wakeup
 108              		.code	16
 109              		.thumb_func
 110              		.type	LCD_Char_1_Wakeup, %function
 111              	LCD_Char_1_Wakeup:
 112              	.LFB3:
  84:.\Generated_Source\PSoC4/LCD_Char_1_PM.c **** 
  85:.\Generated_Source\PSoC4/LCD_Char_1_PM.c **** 
  86:.\Generated_Source\PSoC4/LCD_Char_1_PM.c **** /*******************************************************************************
  87:.\Generated_Source\PSoC4/LCD_Char_1_PM.c **** * Function Name: LCD_Char_1_Wakeup
  88:.\Generated_Source\PSoC4/LCD_Char_1_PM.c **** ********************************************************************************
  89:.\Generated_Source\PSoC4/LCD_Char_1_PM.c **** *
  90:.\Generated_Source\PSoC4/LCD_Char_1_PM.c **** * Summary:
  91:.\Generated_Source\PSoC4/LCD_Char_1_PM.c **** *  Wakes the component from sleep mode. Configures DMA and enables the component
  92:.\Generated_Source\PSoC4/LCD_Char_1_PM.c **** *  for normal operation.
  93:.\Generated_Source\PSoC4/LCD_Char_1_PM.c **** *
  94:.\Generated_Source\PSoC4/LCD_Char_1_PM.c **** * Parameters:
  95:.\Generated_Source\PSoC4/LCD_Char_1_PM.c **** *  LCD_Char_1_enableState - Global variable.
  96:.\Generated_Source\PSoC4/LCD_Char_1_PM.c **** *
  97:.\Generated_Source\PSoC4/LCD_Char_1_PM.c **** * Return:
  98:.\Generated_Source\PSoC4/LCD_Char_1_PM.c **** *  Status one of standard status for PSoC3 Component
  99:.\Generated_Source\PSoC4/LCD_Char_1_PM.c **** *       CYRET_SUCCESS - Function completed successfully.
 100:.\Generated_Source\PSoC4/LCD_Char_1_PM.c **** *       CYRET_LOCKED - The object was locked, already in use. Some of TDs or
 101:.\Generated_Source\PSoC4/LCD_Char_1_PM.c **** *                      a channel already in use.
 102:.\Generated_Source\PSoC4/LCD_Char_1_PM.c **** *
 103:.\Generated_Source\PSoC4/LCD_Char_1_PM.c **** * Reentrant:
 104:.\Generated_Source\PSoC4/LCD_Char_1_PM.c **** *  No.
 105:.\Generated_Source\PSoC4/LCD_Char_1_PM.c **** *
 106:.\Generated_Source\PSoC4/LCD_Char_1_PM.c **** *******************************************************************************/
 107:.\Generated_Source\PSoC4/LCD_Char_1_PM.c **** void LCD_Char_1_Wakeup(void) 
 108:.\Generated_Source\PSoC4/LCD_Char_1_PM.c **** {
 113              		.loc 1 108 0
 114              		.cfi_startproc
 115 0000 80B5     		push	{r7, lr}
 116              		.cfi_def_cfa_offset 8
 117              		.cfi_offset 7, -8
 118              		.cfi_offset 14, -4
 119 0002 00AF     		add	r7, sp, #0
 120              		.cfi_def_cfa_register 7
ARM GAS  C:\Users\Zachary\AppData\Local\Temp\ccYWxvGE.s 			page 5


 109:.\Generated_Source\PSoC4/LCD_Char_1_PM.c ****     LCD_Char_1_RestoreConfig();
 121              		.loc 1 109 0
 122 0004 FFF7FEFF 		bl	LCD_Char_1_RestoreConfig
 110:.\Generated_Source\PSoC4/LCD_Char_1_PM.c **** 
 111:.\Generated_Source\PSoC4/LCD_Char_1_PM.c ****     if(LCD_Char_1_backup.enableState == 1u)
 123              		.loc 1 111 0
 124 0008 034B     		ldr	r3, .L8
 125 000a 1B78     		ldrb	r3, [r3]
 126 000c 012B     		cmp	r3, #1
 127 000e 01D1     		bne	.L6
 112:.\Generated_Source\PSoC4/LCD_Char_1_PM.c ****     {
 113:.\Generated_Source\PSoC4/LCD_Char_1_PM.c ****         LCD_Char_1_Enable();
 128              		.loc 1 113 0
 129 0010 FFF7FEFF 		bl	LCD_Char_1_Enable
 130              	.L6:
 114:.\Generated_Source\PSoC4/LCD_Char_1_PM.c ****     }
 115:.\Generated_Source\PSoC4/LCD_Char_1_PM.c **** }
 131              		.loc 1 115 0
 132 0014 BD46     		mov	sp, r7
 133              		@ sp needed
 134 0016 80BD     		pop	{r7, pc}
 135              	.L9:
 136              		.align	2
 137              	.L8:
 138 0018 00000000 		.word	LCD_Char_1_backup
 139              		.cfi_endproc
 140              	.LFE3:
 141              		.size	LCD_Char_1_Wakeup, .-LCD_Char_1_Wakeup
 142              		.text
 143              	.Letext0:
 144              		.file 2 ".\\Generated_Source\\PSoC4\\cytypes.h"
 145              		.file 3 ".\\Generated_Source\\PSoC4\\LCD_Char_1.h"
 146              		.section	.debug_info,"",%progbits
 147              	.Ldebug_info0:
 148 0000 08010000 		.4byte	0x108
 149 0004 0400     		.2byte	0x4
 150 0006 00000000 		.4byte	.Ldebug_abbrev0
 151 000a 04       		.byte	0x4
 152 000b 01       		.uleb128 0x1
 153 000c 21010000 		.4byte	.LASF18
 154 0010 01       		.byte	0x1
 155 0011 C2010000 		.4byte	.LASF19
 156 0015 A3000000 		.4byte	.LASF20
 157 0019 00000000 		.4byte	.Ldebug_ranges0+0
 158 001d 00000000 		.4byte	0
 159 0021 00000000 		.4byte	.Ldebug_line0
 160 0025 02       		.uleb128 0x2
 161 0026 01       		.byte	0x1
 162 0027 06       		.byte	0x6
 163 0028 10020000 		.4byte	.LASF0
 164 002c 02       		.uleb128 0x2
 165 002d 01       		.byte	0x1
 166 002e 08       		.byte	0x8
 167 002f 2E000000 		.4byte	.LASF1
 168 0033 02       		.uleb128 0x2
 169 0034 02       		.byte	0x2
 170 0035 05       		.byte	0x5
ARM GAS  C:\Users\Zachary\AppData\Local\Temp\ccYWxvGE.s 			page 6


 171 0036 EB010000 		.4byte	.LASF2
 172 003a 02       		.uleb128 0x2
 173 003b 02       		.byte	0x2
 174 003c 07       		.byte	0x7
 175 003d 67000000 		.4byte	.LASF3
 176 0041 02       		.uleb128 0x2
 177 0042 04       		.byte	0x4
 178 0043 05       		.byte	0x5
 179 0044 FB010000 		.4byte	.LASF4
 180 0048 02       		.uleb128 0x2
 181 0049 04       		.byte	0x4
 182 004a 07       		.byte	0x7
 183 004b 55000000 		.4byte	.LASF5
 184 004f 02       		.uleb128 0x2
 185 0050 08       		.byte	0x8
 186 0051 05       		.byte	0x5
 187 0052 AF010000 		.4byte	.LASF6
 188 0056 02       		.uleb128 0x2
 189 0057 08       		.byte	0x8
 190 0058 07       		.byte	0x7
 191 0059 17000000 		.4byte	.LASF7
 192 005d 03       		.uleb128 0x3
 193 005e 04       		.byte	0x4
 194 005f 05       		.byte	0x5
 195 0060 696E7400 		.ascii	"int\000"
 196 0064 02       		.uleb128 0x2
 197 0065 04       		.byte	0x4
 198 0066 07       		.byte	0x7
 199 0067 14010000 		.4byte	.LASF8
 200 006b 04       		.uleb128 0x4
 201 006c F5010000 		.4byte	.LASF12
 202 0070 02       		.byte	0x2
 203 0071 A1       		.byte	0xa1
 204 0072 2C000000 		.4byte	0x2c
 205 0076 02       		.uleb128 0x2
 206 0077 04       		.byte	0x4
 207 0078 04       		.byte	0x4
 208 0079 11000000 		.4byte	.LASF9
 209 007d 02       		.uleb128 0x2
 210 007e 08       		.byte	0x8
 211 007f 04       		.byte	0x4
 212 0080 F4000000 		.4byte	.LASF10
 213 0084 02       		.uleb128 0x2
 214 0085 01       		.byte	0x1
 215 0086 08       		.byte	0x8
 216 0087 BD010000 		.4byte	.LASF11
 217 008b 05       		.uleb128 0x5
 218 008c 01       		.byte	0x1
 219 008d 03       		.byte	0x3
 220 008e 2C       		.byte	0x2c
 221 008f A0000000 		.4byte	0xa0
 222 0093 06       		.uleb128 0x6
 223 0094 04020000 		.4byte	.LASF21
 224 0098 03       		.byte	0x3
 225 0099 2E       		.byte	0x2e
 226 009a 6B000000 		.4byte	0x6b
 227 009e 00       		.byte	0
ARM GAS  C:\Users\Zachary\AppData\Local\Temp\ccYWxvGE.s 			page 7


 228 009f 00       		.byte	0
 229 00a0 04       		.uleb128 0x4
 230 00a1 FB000000 		.4byte	.LASF13
 231 00a5 03       		.byte	0x3
 232 00a6 2F       		.byte	0x2f
 233 00a7 8B000000 		.4byte	0x8b
 234 00ab 07       		.uleb128 0x7
 235 00ac 1C020000 		.4byte	.LASF14
 236 00b0 01       		.byte	0x1
 237 00b1 25       		.byte	0x25
 238 00b2 00000000 		.4byte	.LFB0
 239 00b6 08000000 		.4byte	.LFE0-.LFB0
 240 00ba 01       		.uleb128 0x1
 241 00bb 9C       		.byte	0x9c
 242 00bc 07       		.uleb128 0x7
 243 00bd 3C000000 		.4byte	.LASF15
 244 00c1 01       		.byte	0x1
 245 00c2 38       		.byte	0x38
 246 00c3 00000000 		.4byte	.LFB1
 247 00c7 08000000 		.4byte	.LFE1-.LFB1
 248 00cb 01       		.uleb128 0x1
 249 00cc 9C       		.byte	0x9c
 250 00cd 08       		.uleb128 0x8
 251 00ce 00000000 		.4byte	.LASF16
 252 00d2 01       		.byte	0x1
 253 00d3 4E       		.byte	0x4e
 254 00d4 00000000 		.4byte	.LFB2
 255 00d8 20000000 		.4byte	.LFE2-.LFB2
 256 00dc 01       		.uleb128 0x1
 257 00dd 9C       		.byte	0x9c
 258 00de 08       		.uleb128 0x8
 259 00df 9D010000 		.4byte	.LASF17
 260 00e3 01       		.byte	0x1
 261 00e4 6B       		.byte	0x6b
 262 00e5 00000000 		.4byte	.LFB3
 263 00e9 1C000000 		.4byte	.LFE3-.LFB3
 264 00ed 01       		.uleb128 0x1
 265 00ee 9C       		.byte	0x9c
 266 00ef 09       		.uleb128 0x9
 267 00f0 91000000 		.4byte	.LASF22
 268 00f4 01       		.byte	0x1
 269 00f5 14       		.byte	0x14
 270 00f6 A0000000 		.4byte	0xa0
 271 00fa 05       		.uleb128 0x5
 272 00fb 03       		.byte	0x3
 273 00fc 00000000 		.4byte	LCD_Char_1_backup
 274 0100 0A       		.uleb128 0xa
 275 0101 7A000000 		.4byte	.LASF23
 276 0105 03       		.byte	0x3
 277 0106 76       		.byte	0x76
 278 0107 6B000000 		.4byte	0x6b
 279 010b 00       		.byte	0
 280              		.section	.debug_abbrev,"",%progbits
 281              	.Ldebug_abbrev0:
 282 0000 01       		.uleb128 0x1
 283 0001 11       		.uleb128 0x11
 284 0002 01       		.byte	0x1
ARM GAS  C:\Users\Zachary\AppData\Local\Temp\ccYWxvGE.s 			page 8


 285 0003 25       		.uleb128 0x25
 286 0004 0E       		.uleb128 0xe
 287 0005 13       		.uleb128 0x13
 288 0006 0B       		.uleb128 0xb
 289 0007 03       		.uleb128 0x3
 290 0008 0E       		.uleb128 0xe
 291 0009 1B       		.uleb128 0x1b
 292 000a 0E       		.uleb128 0xe
 293 000b 55       		.uleb128 0x55
 294 000c 17       		.uleb128 0x17
 295 000d 11       		.uleb128 0x11
 296 000e 01       		.uleb128 0x1
 297 000f 10       		.uleb128 0x10
 298 0010 17       		.uleb128 0x17
 299 0011 00       		.byte	0
 300 0012 00       		.byte	0
 301 0013 02       		.uleb128 0x2
 302 0014 24       		.uleb128 0x24
 303 0015 00       		.byte	0
 304 0016 0B       		.uleb128 0xb
 305 0017 0B       		.uleb128 0xb
 306 0018 3E       		.uleb128 0x3e
 307 0019 0B       		.uleb128 0xb
 308 001a 03       		.uleb128 0x3
 309 001b 0E       		.uleb128 0xe
 310 001c 00       		.byte	0
 311 001d 00       		.byte	0
 312 001e 03       		.uleb128 0x3
 313 001f 24       		.uleb128 0x24
 314 0020 00       		.byte	0
 315 0021 0B       		.uleb128 0xb
 316 0022 0B       		.uleb128 0xb
 317 0023 3E       		.uleb128 0x3e
 318 0024 0B       		.uleb128 0xb
 319 0025 03       		.uleb128 0x3
 320 0026 08       		.uleb128 0x8
 321 0027 00       		.byte	0
 322 0028 00       		.byte	0
 323 0029 04       		.uleb128 0x4
 324 002a 16       		.uleb128 0x16
 325 002b 00       		.byte	0
 326 002c 03       		.uleb128 0x3
 327 002d 0E       		.uleb128 0xe
 328 002e 3A       		.uleb128 0x3a
 329 002f 0B       		.uleb128 0xb
 330 0030 3B       		.uleb128 0x3b
 331 0031 0B       		.uleb128 0xb
 332 0032 49       		.uleb128 0x49
 333 0033 13       		.uleb128 0x13
 334 0034 00       		.byte	0
 335 0035 00       		.byte	0
 336 0036 05       		.uleb128 0x5
 337 0037 13       		.uleb128 0x13
 338 0038 01       		.byte	0x1
 339 0039 0B       		.uleb128 0xb
 340 003a 0B       		.uleb128 0xb
 341 003b 3A       		.uleb128 0x3a
ARM GAS  C:\Users\Zachary\AppData\Local\Temp\ccYWxvGE.s 			page 9


 342 003c 0B       		.uleb128 0xb
 343 003d 3B       		.uleb128 0x3b
 344 003e 0B       		.uleb128 0xb
 345 003f 01       		.uleb128 0x1
 346 0040 13       		.uleb128 0x13
 347 0041 00       		.byte	0
 348 0042 00       		.byte	0
 349 0043 06       		.uleb128 0x6
 350 0044 0D       		.uleb128 0xd
 351 0045 00       		.byte	0
 352 0046 03       		.uleb128 0x3
 353 0047 0E       		.uleb128 0xe
 354 0048 3A       		.uleb128 0x3a
 355 0049 0B       		.uleb128 0xb
 356 004a 3B       		.uleb128 0x3b
 357 004b 0B       		.uleb128 0xb
 358 004c 49       		.uleb128 0x49
 359 004d 13       		.uleb128 0x13
 360 004e 38       		.uleb128 0x38
 361 004f 0B       		.uleb128 0xb
 362 0050 00       		.byte	0
 363 0051 00       		.byte	0
 364 0052 07       		.uleb128 0x7
 365 0053 2E       		.uleb128 0x2e
 366 0054 00       		.byte	0
 367 0055 3F       		.uleb128 0x3f
 368 0056 19       		.uleb128 0x19
 369 0057 03       		.uleb128 0x3
 370 0058 0E       		.uleb128 0xe
 371 0059 3A       		.uleb128 0x3a
 372 005a 0B       		.uleb128 0xb
 373 005b 3B       		.uleb128 0x3b
 374 005c 0B       		.uleb128 0xb
 375 005d 27       		.uleb128 0x27
 376 005e 19       		.uleb128 0x19
 377 005f 11       		.uleb128 0x11
 378 0060 01       		.uleb128 0x1
 379 0061 12       		.uleb128 0x12
 380 0062 06       		.uleb128 0x6
 381 0063 40       		.uleb128 0x40
 382 0064 18       		.uleb128 0x18
 383 0065 9742     		.uleb128 0x2117
 384 0067 19       		.uleb128 0x19
 385 0068 00       		.byte	0
 386 0069 00       		.byte	0
 387 006a 08       		.uleb128 0x8
 388 006b 2E       		.uleb128 0x2e
 389 006c 00       		.byte	0
 390 006d 3F       		.uleb128 0x3f
 391 006e 19       		.uleb128 0x19
 392 006f 03       		.uleb128 0x3
 393 0070 0E       		.uleb128 0xe
 394 0071 3A       		.uleb128 0x3a
 395 0072 0B       		.uleb128 0xb
 396 0073 3B       		.uleb128 0x3b
 397 0074 0B       		.uleb128 0xb
 398 0075 27       		.uleb128 0x27
ARM GAS  C:\Users\Zachary\AppData\Local\Temp\ccYWxvGE.s 			page 10


 399 0076 19       		.uleb128 0x19
 400 0077 11       		.uleb128 0x11
 401 0078 01       		.uleb128 0x1
 402 0079 12       		.uleb128 0x12
 403 007a 06       		.uleb128 0x6
 404 007b 40       		.uleb128 0x40
 405 007c 18       		.uleb128 0x18
 406 007d 9642     		.uleb128 0x2116
 407 007f 19       		.uleb128 0x19
 408 0080 00       		.byte	0
 409 0081 00       		.byte	0
 410 0082 09       		.uleb128 0x9
 411 0083 34       		.uleb128 0x34
 412 0084 00       		.byte	0
 413 0085 03       		.uleb128 0x3
 414 0086 0E       		.uleb128 0xe
 415 0087 3A       		.uleb128 0x3a
 416 0088 0B       		.uleb128 0xb
 417 0089 3B       		.uleb128 0x3b
 418 008a 0B       		.uleb128 0xb
 419 008b 49       		.uleb128 0x49
 420 008c 13       		.uleb128 0x13
 421 008d 02       		.uleb128 0x2
 422 008e 18       		.uleb128 0x18
 423 008f 00       		.byte	0
 424 0090 00       		.byte	0
 425 0091 0A       		.uleb128 0xa
 426 0092 34       		.uleb128 0x34
 427 0093 00       		.byte	0
 428 0094 03       		.uleb128 0x3
 429 0095 0E       		.uleb128 0xe
 430 0096 3A       		.uleb128 0x3a
 431 0097 0B       		.uleb128 0xb
 432 0098 3B       		.uleb128 0x3b
 433 0099 0B       		.uleb128 0xb
 434 009a 49       		.uleb128 0x49
 435 009b 13       		.uleb128 0x13
 436 009c 3F       		.uleb128 0x3f
 437 009d 19       		.uleb128 0x19
 438 009e 3C       		.uleb128 0x3c
 439 009f 19       		.uleb128 0x19
 440 00a0 00       		.byte	0
 441 00a1 00       		.byte	0
 442 00a2 00       		.byte	0
 443              		.section	.debug_aranges,"",%progbits
 444 0000 34000000 		.4byte	0x34
 445 0004 0200     		.2byte	0x2
 446 0006 00000000 		.4byte	.Ldebug_info0
 447 000a 04       		.byte	0x4
 448 000b 00       		.byte	0
 449 000c 0000     		.2byte	0
 450 000e 0000     		.2byte	0
 451 0010 00000000 		.4byte	.LFB0
 452 0014 08000000 		.4byte	.LFE0-.LFB0
 453 0018 00000000 		.4byte	.LFB1
 454 001c 08000000 		.4byte	.LFE1-.LFB1
 455 0020 00000000 		.4byte	.LFB2
ARM GAS  C:\Users\Zachary\AppData\Local\Temp\ccYWxvGE.s 			page 11


 456 0024 20000000 		.4byte	.LFE2-.LFB2
 457 0028 00000000 		.4byte	.LFB3
 458 002c 1C000000 		.4byte	.LFE3-.LFB3
 459 0030 00000000 		.4byte	0
 460 0034 00000000 		.4byte	0
 461              		.section	.debug_ranges,"",%progbits
 462              	.Ldebug_ranges0:
 463 0000 00000000 		.4byte	.LFB0
 464 0004 08000000 		.4byte	.LFE0
 465 0008 00000000 		.4byte	.LFB1
 466 000c 08000000 		.4byte	.LFE1
 467 0010 00000000 		.4byte	.LFB2
 468 0014 20000000 		.4byte	.LFE2
 469 0018 00000000 		.4byte	.LFB3
 470 001c 1C000000 		.4byte	.LFE3
 471 0020 00000000 		.4byte	0
 472 0024 00000000 		.4byte	0
 473              		.section	.debug_line,"",%progbits
 474              	.Ldebug_line0:
 475 0000 AA000000 		.section	.debug_str,"MS",%progbits,1
 475      02005C00 
 475      00000201 
 475      FB0E0D00 
 475      01010101 
 476              	.LASF16:
 477 0000 4C43445F 		.ascii	"LCD_Char_1_Sleep\000"
 477      43686172 
 477      5F315F53 
 477      6C656570 
 477      00
 478              	.LASF9:
 479 0011 666C6F61 		.ascii	"float\000"
 479      7400
 480              	.LASF7:
 481 0017 6C6F6E67 		.ascii	"long long unsigned int\000"
 481      206C6F6E 
 481      6720756E 
 481      7369676E 
 481      65642069 
 482              	.LASF1:
 483 002e 756E7369 		.ascii	"unsigned char\000"
 483      676E6564 
 483      20636861 
 483      7200
 484              	.LASF15:
 485 003c 4C43445F 		.ascii	"LCD_Char_1_RestoreConfig\000"
 485      43686172 
 485      5F315F52 
 485      6573746F 
 485      7265436F 
 486              	.LASF5:
 487 0055 6C6F6E67 		.ascii	"long unsigned int\000"
 487      20756E73 
 487      69676E65 
 487      6420696E 
 487      7400
 488              	.LASF3:
ARM GAS  C:\Users\Zachary\AppData\Local\Temp\ccYWxvGE.s 			page 12


 489 0067 73686F72 		.ascii	"short unsigned int\000"
 489      7420756E 
 489      7369676E 
 489      65642069 
 489      6E7400
 490              	.LASF23:
 491 007a 4C43445F 		.ascii	"LCD_Char_1_enableState\000"
 491      43686172 
 491      5F315F65 
 491      6E61626C 
 491      65537461 
 492              	.LASF22:
 493 0091 4C43445F 		.ascii	"LCD_Char_1_backup\000"
 493      43686172 
 493      5F315F62 
 493      61636B75 
 493      7000
 494              	.LASF20:
 495 00a3 433A5C55 		.ascii	"C:\\Users\\Zachary\\Desktop\\embedded\\Ozturk Lab -"
 495      73657273 
 495      5C5A6163 
 495      68617279 
 495      5C446573 
 496 00d1 2035202D 		.ascii	" 5 - Rev 1\\Design01\\Design01.cydsn\000"
 496      20526576 
 496      20315C44 
 496      65736967 
 496      6E30315C 
 497              	.LASF10:
 498 00f4 646F7562 		.ascii	"double\000"
 498      6C6500
 499              	.LASF13:
 500 00fb 4C43445F 		.ascii	"LCD_Char_1_BACKUP_STRUCT\000"
 500      43686172 
 500      5F315F42 
 500      41434B55 
 500      505F5354 
 501              	.LASF8:
 502 0114 756E7369 		.ascii	"unsigned int\000"
 502      676E6564 
 502      20696E74 
 502      00
 503              	.LASF18:
 504 0121 474E5520 		.ascii	"GNU C 4.8.4 20140526 (release) [ARM/embedded-4_8-br"
 504      4320342E 
 504      382E3420 
 504      32303134 
 504      30353236 
 505 0154 616E6368 		.ascii	"anch revision 211358] -mcpu=cortex-m0 -mthumb -g -O"
 505      20726576 
 505      6973696F 
 505      6E203231 
 505      31333538 
 506 0187 30202D66 		.ascii	"0 -ffunction-sections\000"
 506      66756E63 
 506      74696F6E 
 506      2D736563 
ARM GAS  C:\Users\Zachary\AppData\Local\Temp\ccYWxvGE.s 			page 13


 506      74696F6E 
 507              	.LASF17:
 508 019d 4C43445F 		.ascii	"LCD_Char_1_Wakeup\000"
 508      43686172 
 508      5F315F57 
 508      616B6575 
 508      7000
 509              	.LASF6:
 510 01af 6C6F6E67 		.ascii	"long long int\000"
 510      206C6F6E 
 510      6720696E 
 510      7400
 511              	.LASF11:
 512 01bd 63686172 		.ascii	"char\000"
 512      00
 513              	.LASF19:
 514 01c2 2E5C4765 		.ascii	".\\Generated_Source\\PSoC4\\LCD_Char_1_PM.c\000"
 514      6E657261 
 514      7465645F 
 514      536F7572 
 514      63655C50 
 515              	.LASF2:
 516 01eb 73686F72 		.ascii	"short int\000"
 516      7420696E 
 516      7400
 517              	.LASF12:
 518 01f5 75696E74 		.ascii	"uint8\000"
 518      3800
 519              	.LASF4:
 520 01fb 6C6F6E67 		.ascii	"long int\000"
 520      20696E74 
 520      00
 521              	.LASF21:
 522 0204 656E6162 		.ascii	"enableState\000"
 522      6C655374 
 522      61746500 
 523              	.LASF0:
 524 0210 7369676E 		.ascii	"signed char\000"
 524      65642063 
 524      68617200 
 525              	.LASF14:
 526 021c 4C43445F 		.ascii	"LCD_Char_1_SaveConfig\000"
 526      43686172 
 526      5F315F53 
 526      61766543 
 526      6F6E6669 
 527              		.ident	"GCC: (GNU Tools for ARM Embedded Processors) 4.8.4 20140526 (release) [ARM/embedded-4_8-br
