ARM GAS  C:\Users\Zachary\AppData\Local\Temp\ccLQjfYa.s 			page 1


   1              		.cpu cortex-m0
   2              		.fpu softvfp
   3              		.eabi_attribute 20, 1
   4              		.eabi_attribute 21, 1
   5              		.eabi_attribute 23, 3
   6              		.eabi_attribute 24, 1
   7              		.eabi_attribute 25, 1
   8              		.eabi_attribute 26, 1
   9              		.eabi_attribute 30, 6
  10              		.eabi_attribute 34, 0
  11              		.eabi_attribute 18, 4
  12              		.code	16
  13              		.file	"main.c"
  14              		.text
  15              	.Ltext0:
  16              		.cfi_sections	.debug_frame
  17              		.global	__aeabi_f2d
  18              		.section	.rodata
  19              		.align	2
  20              	.LC0:
  21 0000 252B312E 		.ascii	"%+1.3f Volts\000"
  21      33662056 
  21      6F6C7473 
  21      00
  22 000d 000000   		.section	.text.main,"ax",%progbits
  23              		.align	2
  24              		.global	main
  25              		.code	16
  26              		.thumb_func
  27              		.type	main, %function
  28              	main:
  29              	.LFB35:
  30              		.file 1 ".\\main.c"
   1:.\main.c      **** /* ========================================
   2:.\main.c      ****  *
   3:.\main.c      ****  * Copyright YOUR COMPANY, THE YEAR
   4:.\main.c      ****  * All Rights Reserved
   5:.\main.c      ****  * UNPUBLISHED, LICENSED SOFTWARE.
   6:.\main.c      ****  *
   7:.\main.c      ****  * CONFIDENTIAL AND PROPRIETARY INFORMATION
   8:.\main.c      ****  * WHICH IS THE PROPERTY OF your company.
   9:.\main.c      ****  *
  10:.\main.c      ****  * ========================================
  11:.\main.c      **** */
  12:.\main.c      **** #include <project.h>
  13:.\main.c      **** #include <stdio.h>
  14:.\main.c      **** 
  15:.\main.c      **** int main()
  16:.\main.c      **** {
  31              		.loc 1 16 0
  32              		.cfi_startproc
  33 0000 90B5     		push	{r4, r7, lr}
  34              		.cfi_def_cfa_offset 12
  35              		.cfi_offset 4, -12
  36              		.cfi_offset 7, -8
  37              		.cfi_offset 14, -4
  38 0002 8BB0     		sub	sp, sp, #44
ARM GAS  C:\Users\Zachary\AppData\Local\Temp\ccLQjfYa.s 			page 2


  39              		.cfi_def_cfa_offset 56
  40 0004 00AF     		add	r7, sp, #0
  41              		.cfi_def_cfa_register 7
  17:.\main.c      ****     /* Place your initialization/startup code here (e.g. MyInst_Start()) */
  18:.\main.c      **** 
  19:.\main.c      ****     /* CyGlobalIntEnable; */ /* Uncomment this line to enable global interrupts. */
  20:.\main.c      ****     int16 adcResult;
  21:.\main.c      ****     float adcVolts;
  22:.\main.c      ****     char tmpStr[25];
  23:.\main.c      ****     
  24:.\main.c      ****     ADC_Start();
  42              		.loc 1 24 0
  43 0006 FFF7FEFF 		bl	ADC_Start
  25:.\main.c      ****     ADC_StartConvert();
  44              		.loc 1 25 0
  45 000a FFF7FEFF 		bl	ADC_StartConvert
  46              	.L3:
  26:.\main.c      ****     
  27:.\main.c      ****     
  28:.\main.c      ****     for(;;)
  29:.\main.c      ****     {
  30:.\main.c      ****         /* Place your application code here. */
  31:.\main.c      ****         
  32:.\main.c      ****         if(ADC_IsEndConversion(ADC_RETURN_STATUS) !=0)
  47              		.loc 1 32 0
  48 000e 0120     		mov	r0, #1
  49 0010 FFF7FEFF 		bl	ADC_IsEndConversion
  50 0014 031C     		mov	r3, r0
  51 0016 002B     		cmp	r3, #0
  52 0018 1ED0     		beq	.L2
  33:.\main.c      ****         {
  34:.\main.c      ****             adcResult = ADC_GetResult16(0x00);
  53              		.loc 1 34 0
  54 001a 3C1C     		mov	r4, r7
  55 001c 2634     		add	r4, r4, #38
  56 001e 0020     		mov	r0, #0
  57 0020 FFF7FEFF 		bl	ADC_GetResult16
  58 0024 031C     		mov	r3, r0
  59 0026 2380     		strh	r3, [r4]
  35:.\main.c      ****             adcVolts = ADC_CountsTo_Volts(0x00,adcResult);
  60              		.loc 1 35 0
  61 0028 3B1C     		mov	r3, r7
  62 002a 2633     		add	r3, r3, #38
  63 002c 0022     		mov	r2, #0
  64 002e 9B5E     		ldrsh	r3, [r3, r2]
  65 0030 0020     		mov	r0, #0
  66 0032 191C     		mov	r1, r3
  67 0034 FFF7FEFF 		bl	ADC_CountsTo_Volts
  68 0038 031C     		add	r3, r0, #0
  69 003a 3B62     		str	r3, [r7, #32]
  36:.\main.c      ****             sprintf(tmpStr,"%+1.3f Volts", adcVolts);
  70              		.loc 1 36 0
  71 003c 386A     		ldr	r0, [r7, #32]
  72 003e FFF7FEFF 		bl	__aeabi_f2d
  73 0042 031C     		mov	r3, r0
  74 0044 0C1C     		mov	r4, r1
  75 0046 391D     		add	r1, r7, #4
ARM GAS  C:\Users\Zachary\AppData\Local\Temp\ccLQjfYa.s 			page 3


  76 0048 044A     		ldr	r2, .L4
  77 004a 081C     		mov	r0, r1
  78 004c 111C     		mov	r1, r2
  79 004e 1A1C     		mov	r2, r3
  80 0050 231C     		mov	r3, r4
  81 0052 FFF7FEFF 		bl	sprintf
  37:.\main.c      ****             
  38:.\main.c      ****             
  39:.\main.c      ****             
  40:.\main.c      ****         }
  41:.\main.c      ****     }
  82              		.loc 1 41 0
  83 0056 DAE7     		b	.L3
  84              	.L2:
  85 0058 D9E7     		b	.L3
  86              	.L5:
  87 005a C046     		.align	2
  88              	.L4:
  89 005c 00000000 		.word	.LC0
  90              		.cfi_endproc
  91              	.LFE35:
  92              		.size	main, .-main
  93              		.text
  94              	.Letext0:
  95              		.file 2 ".\\Generated_Source\\PSoC4/cytypes.h"
  96              		.section	.debug_info,"",%progbits
  97              	.Ldebug_info0:
  98 0000 DF000000 		.4byte	0xdf
  99 0004 0400     		.2byte	0x4
 100 0006 00000000 		.4byte	.Ldebug_abbrev0
 101 000a 04       		.byte	0x4
 102 000b 01       		.uleb128 0x1
 103 000c A8000000 		.4byte	.LASF16
 104 0010 01       		.byte	0x1
 105 0011 88010000 		.4byte	.LASF17
 106 0015 24000000 		.4byte	.LASF18
 107 0019 00000000 		.4byte	.Ldebug_ranges0+0
 108 001d 00000000 		.4byte	0
 109 0021 00000000 		.4byte	.Ldebug_line0
 110 0025 02       		.uleb128 0x2
 111 0026 01       		.byte	0x1
 112 0027 06       		.byte	0x6
 113 0028 6B010000 		.4byte	.LASF0
 114 002c 02       		.uleb128 0x2
 115 002d 01       		.byte	0x1
 116 002e 08       		.byte	0x8
 117 002f 24010000 		.4byte	.LASF1
 118 0033 02       		.uleb128 0x2
 119 0034 02       		.byte	0x2
 120 0035 05       		.byte	0x5
 121 0036 47010000 		.4byte	.LASF2
 122 003a 02       		.uleb128 0x2
 123 003b 02       		.byte	0x2
 124 003c 07       		.byte	0x7
 125 003d 58010000 		.4byte	.LASF3
 126 0041 02       		.uleb128 0x2
 127 0042 04       		.byte	0x4
ARM GAS  C:\Users\Zachary\AppData\Local\Temp\ccLQjfYa.s 			page 4


 128 0043 05       		.byte	0x5
 129 0044 3E010000 		.4byte	.LASF4
 130 0048 02       		.uleb128 0x2
 131 0049 04       		.byte	0x4
 132 004a 07       		.byte	0x7
 133 004b 7F000000 		.4byte	.LASF5
 134 004f 02       		.uleb128 0x2
 135 0050 08       		.byte	0x8
 136 0051 05       		.byte	0x5
 137 0052 00000000 		.4byte	.LASF6
 138 0056 02       		.uleb128 0x2
 139 0057 08       		.byte	0x8
 140 0058 07       		.byte	0x7
 141 0059 91000000 		.4byte	.LASF7
 142 005d 03       		.uleb128 0x3
 143 005e 04       		.byte	0x4
 144 005f 05       		.byte	0x5
 145 0060 696E7400 		.ascii	"int\000"
 146 0064 02       		.uleb128 0x2
 147 0065 04       		.byte	0x4
 148 0066 07       		.byte	0x7
 149 0067 17000000 		.4byte	.LASF8
 150 006b 04       		.uleb128 0x4
 151 006c 82010000 		.4byte	.LASF19
 152 0070 02       		.byte	0x2
 153 0071 A5       		.byte	0xa5
 154 0072 33000000 		.4byte	0x33
 155 0076 02       		.uleb128 0x2
 156 0077 04       		.byte	0x4
 157 0078 04       		.byte	0x4
 158 0079 7C010000 		.4byte	.LASF9
 159 007d 02       		.uleb128 0x2
 160 007e 08       		.byte	0x8
 161 007f 04       		.byte	0x4
 162 0080 51010000 		.4byte	.LASF10
 163 0084 02       		.uleb128 0x2
 164 0085 01       		.byte	0x1
 165 0086 08       		.byte	0x8
 166 0087 32010000 		.4byte	.LASF11
 167 008b 02       		.uleb128 0x2
 168 008c 04       		.byte	0x4
 169 008d 07       		.byte	0x7
 170 008e 91010000 		.4byte	.LASF12
 171 0092 05       		.uleb128 0x5
 172 0093 84000000 		.4byte	0x84
 173 0097 A2000000 		.4byte	0xa2
 174 009b 06       		.uleb128 0x6
 175 009c 8B000000 		.4byte	0x8b
 176 00a0 18       		.byte	0x18
 177 00a1 00       		.byte	0
 178 00a2 07       		.uleb128 0x7
 179 00a3 77010000 		.4byte	.LASF20
 180 00a7 01       		.byte	0x1
 181 00a8 0F       		.byte	0xf
 182 00a9 5D000000 		.4byte	0x5d
 183 00ad 00000000 		.4byte	.LFB35
 184 00b1 60000000 		.4byte	.LFE35-.LFB35
ARM GAS  C:\Users\Zachary\AppData\Local\Temp\ccLQjfYa.s 			page 5


 185 00b5 01       		.uleb128 0x1
 186 00b6 9C       		.byte	0x9c
 187 00b7 08       		.uleb128 0x8
 188 00b8 75000000 		.4byte	.LASF13
 189 00bc 01       		.byte	0x1
 190 00bd 14       		.byte	0x14
 191 00be 6B000000 		.4byte	0x6b
 192 00c2 02       		.uleb128 0x2
 193 00c3 91       		.byte	0x91
 194 00c4 6E       		.sleb128 -18
 195 00c5 08       		.uleb128 0x8
 196 00c6 0E000000 		.4byte	.LASF14
 197 00ca 01       		.byte	0x1
 198 00cb 15       		.byte	0x15
 199 00cc 76000000 		.4byte	0x76
 200 00d0 02       		.uleb128 0x2
 201 00d1 91       		.byte	0x91
 202 00d2 68       		.sleb128 -24
 203 00d3 08       		.uleb128 0x8
 204 00d4 37010000 		.4byte	.LASF15
 205 00d8 01       		.byte	0x1
 206 00d9 16       		.byte	0x16
 207 00da 92000000 		.4byte	0x92
 208 00de 02       		.uleb128 0x2
 209 00df 91       		.byte	0x91
 210 00e0 4C       		.sleb128 -52
 211 00e1 00       		.byte	0
 212 00e2 00       		.byte	0
 213              		.section	.debug_abbrev,"",%progbits
 214              	.Ldebug_abbrev0:
 215 0000 01       		.uleb128 0x1
 216 0001 11       		.uleb128 0x11
 217 0002 01       		.byte	0x1
 218 0003 25       		.uleb128 0x25
 219 0004 0E       		.uleb128 0xe
 220 0005 13       		.uleb128 0x13
 221 0006 0B       		.uleb128 0xb
 222 0007 03       		.uleb128 0x3
 223 0008 0E       		.uleb128 0xe
 224 0009 1B       		.uleb128 0x1b
 225 000a 0E       		.uleb128 0xe
 226 000b 55       		.uleb128 0x55
 227 000c 17       		.uleb128 0x17
 228 000d 11       		.uleb128 0x11
 229 000e 01       		.uleb128 0x1
 230 000f 10       		.uleb128 0x10
 231 0010 17       		.uleb128 0x17
 232 0011 00       		.byte	0
 233 0012 00       		.byte	0
 234 0013 02       		.uleb128 0x2
 235 0014 24       		.uleb128 0x24
 236 0015 00       		.byte	0
 237 0016 0B       		.uleb128 0xb
 238 0017 0B       		.uleb128 0xb
 239 0018 3E       		.uleb128 0x3e
 240 0019 0B       		.uleb128 0xb
 241 001a 03       		.uleb128 0x3
ARM GAS  C:\Users\Zachary\AppData\Local\Temp\ccLQjfYa.s 			page 6


 242 001b 0E       		.uleb128 0xe
 243 001c 00       		.byte	0
 244 001d 00       		.byte	0
 245 001e 03       		.uleb128 0x3
 246 001f 24       		.uleb128 0x24
 247 0020 00       		.byte	0
 248 0021 0B       		.uleb128 0xb
 249 0022 0B       		.uleb128 0xb
 250 0023 3E       		.uleb128 0x3e
 251 0024 0B       		.uleb128 0xb
 252 0025 03       		.uleb128 0x3
 253 0026 08       		.uleb128 0x8
 254 0027 00       		.byte	0
 255 0028 00       		.byte	0
 256 0029 04       		.uleb128 0x4
 257 002a 16       		.uleb128 0x16
 258 002b 00       		.byte	0
 259 002c 03       		.uleb128 0x3
 260 002d 0E       		.uleb128 0xe
 261 002e 3A       		.uleb128 0x3a
 262 002f 0B       		.uleb128 0xb
 263 0030 3B       		.uleb128 0x3b
 264 0031 0B       		.uleb128 0xb
 265 0032 49       		.uleb128 0x49
 266 0033 13       		.uleb128 0x13
 267 0034 00       		.byte	0
 268 0035 00       		.byte	0
 269 0036 05       		.uleb128 0x5
 270 0037 01       		.uleb128 0x1
 271 0038 01       		.byte	0x1
 272 0039 49       		.uleb128 0x49
 273 003a 13       		.uleb128 0x13
 274 003b 01       		.uleb128 0x1
 275 003c 13       		.uleb128 0x13
 276 003d 00       		.byte	0
 277 003e 00       		.byte	0
 278 003f 06       		.uleb128 0x6
 279 0040 21       		.uleb128 0x21
 280 0041 00       		.byte	0
 281 0042 49       		.uleb128 0x49
 282 0043 13       		.uleb128 0x13
 283 0044 2F       		.uleb128 0x2f
 284 0045 0B       		.uleb128 0xb
 285 0046 00       		.byte	0
 286 0047 00       		.byte	0
 287 0048 07       		.uleb128 0x7
 288 0049 2E       		.uleb128 0x2e
 289 004a 01       		.byte	0x1
 290 004b 3F       		.uleb128 0x3f
 291 004c 19       		.uleb128 0x19
 292 004d 03       		.uleb128 0x3
 293 004e 0E       		.uleb128 0xe
 294 004f 3A       		.uleb128 0x3a
 295 0050 0B       		.uleb128 0xb
 296 0051 3B       		.uleb128 0x3b
 297 0052 0B       		.uleb128 0xb
 298 0053 49       		.uleb128 0x49
ARM GAS  C:\Users\Zachary\AppData\Local\Temp\ccLQjfYa.s 			page 7


 299 0054 13       		.uleb128 0x13
 300 0055 11       		.uleb128 0x11
 301 0056 01       		.uleb128 0x1
 302 0057 12       		.uleb128 0x12
 303 0058 06       		.uleb128 0x6
 304 0059 40       		.uleb128 0x40
 305 005a 18       		.uleb128 0x18
 306 005b 9642     		.uleb128 0x2116
 307 005d 19       		.uleb128 0x19
 308 005e 00       		.byte	0
 309 005f 00       		.byte	0
 310 0060 08       		.uleb128 0x8
 311 0061 34       		.uleb128 0x34
 312 0062 00       		.byte	0
 313 0063 03       		.uleb128 0x3
 314 0064 0E       		.uleb128 0xe
 315 0065 3A       		.uleb128 0x3a
 316 0066 0B       		.uleb128 0xb
 317 0067 3B       		.uleb128 0x3b
 318 0068 0B       		.uleb128 0xb
 319 0069 49       		.uleb128 0x49
 320 006a 13       		.uleb128 0x13
 321 006b 02       		.uleb128 0x2
 322 006c 18       		.uleb128 0x18
 323 006d 00       		.byte	0
 324 006e 00       		.byte	0
 325 006f 00       		.byte	0
 326              		.section	.debug_aranges,"",%progbits
 327 0000 1C000000 		.4byte	0x1c
 328 0004 0200     		.2byte	0x2
 329 0006 00000000 		.4byte	.Ldebug_info0
 330 000a 04       		.byte	0x4
 331 000b 00       		.byte	0
 332 000c 0000     		.2byte	0
 333 000e 0000     		.2byte	0
 334 0010 00000000 		.4byte	.LFB35
 335 0014 60000000 		.4byte	.LFE35-.LFB35
 336 0018 00000000 		.4byte	0
 337 001c 00000000 		.4byte	0
 338              		.section	.debug_ranges,"",%progbits
 339              	.Ldebug_ranges0:
 340 0000 00000000 		.4byte	.LFB35
 341 0004 60000000 		.4byte	.LFE35
 342 0008 00000000 		.4byte	0
 343 000c 00000000 		.4byte	0
 344              		.section	.debug_line,"",%progbits
 345              	.Ldebug_line0:
 346 0000 61000000 		.section	.debug_str,"MS",%progbits,1
 346      02004500 
 346      00000201 
 346      FB0E0D00 
 346      01010101 
 347              	.LASF6:
 348 0000 6C6F6E67 		.ascii	"long long int\000"
 348      206C6F6E 
 348      6720696E 
 348      7400
ARM GAS  C:\Users\Zachary\AppData\Local\Temp\ccLQjfYa.s 			page 8


 349              	.LASF14:
 350 000e 61646356 		.ascii	"adcVolts\000"
 350      6F6C7473 
 350      00
 351              	.LASF8:
 352 0017 756E7369 		.ascii	"unsigned int\000"
 352      676E6564 
 352      20696E74 
 352      00
 353              	.LASF18:
 354 0024 433A5C55 		.ascii	"C:\\Users\\Zachary\\Desktop\\embedded\\Ozturk Lab -"
 354      73657273 
 354      5C5A6163 
 354      68617279 
 354      5C446573 
 355 0052 2035202D 		.ascii	" 5 - Rev 1\\Design01\\Design01.cydsn\000"
 355      20526576 
 355      20315C44 
 355      65736967 
 355      6E30315C 
 356              	.LASF13:
 357 0075 61646352 		.ascii	"adcResult\000"
 357      6573756C 
 357      7400
 358              	.LASF5:
 359 007f 6C6F6E67 		.ascii	"long unsigned int\000"
 359      20756E73 
 359      69676E65 
 359      6420696E 
 359      7400
 360              	.LASF7:
 361 0091 6C6F6E67 		.ascii	"long long unsigned int\000"
 361      206C6F6E 
 361      6720756E 
 361      7369676E 
 361      65642069 
 362              	.LASF16:
 363 00a8 474E5520 		.ascii	"GNU C 4.8.4 20140526 (release) [ARM/embedded-4_8-br"
 363      4320342E 
 363      382E3420 
 363      32303134 
 363      30353236 
 364 00db 616E6368 		.ascii	"anch revision 211358] -mcpu=cortex-m0 -mthumb -g -O"
 364      20726576 
 364      6973696F 
 364      6E203231 
 364      31333538 
 365 010e 30202D66 		.ascii	"0 -ffunction-sections\000"
 365      66756E63 
 365      74696F6E 
 365      2D736563 
 365      74696F6E 
 366              	.LASF1:
 367 0124 756E7369 		.ascii	"unsigned char\000"
 367      676E6564 
 367      20636861 
 367      7200
ARM GAS  C:\Users\Zachary\AppData\Local\Temp\ccLQjfYa.s 			page 9


 368              	.LASF11:
 369 0132 63686172 		.ascii	"char\000"
 369      00
 370              	.LASF15:
 371 0137 746D7053 		.ascii	"tmpStr\000"
 371      747200
 372              	.LASF4:
 373 013e 6C6F6E67 		.ascii	"long int\000"
 373      20696E74 
 373      00
 374              	.LASF2:
 375 0147 73686F72 		.ascii	"short int\000"
 375      7420696E 
 375      7400
 376              	.LASF10:
 377 0151 646F7562 		.ascii	"double\000"
 377      6C6500
 378              	.LASF3:
 379 0158 73686F72 		.ascii	"short unsigned int\000"
 379      7420756E 
 379      7369676E 
 379      65642069 
 379      6E7400
 380              	.LASF0:
 381 016b 7369676E 		.ascii	"signed char\000"
 381      65642063 
 381      68617200 
 382              	.LASF20:
 383 0177 6D61696E 		.ascii	"main\000"
 383      00
 384              	.LASF9:
 385 017c 666C6F61 		.ascii	"float\000"
 385      7400
 386              	.LASF19:
 387 0182 696E7431 		.ascii	"int16\000"
 387      3600
 388              	.LASF17:
 389 0188 2E5C6D61 		.ascii	".\\main.c\000"
 389      696E2E63 
 389      00
 390              	.LASF12:
 391 0191 73697A65 		.ascii	"sizetype\000"
 391      74797065 
 391      00
 392              		.ident	"GCC: (GNU Tools for ARM Embedded Processors) 4.8.4 20140526 (release) [ARM/embedded-4_8-br
