ARM GAS  C:\Users\Zachary\AppData\Local\Temp\ccpwytyD.s 			page 1


   1              		.cpu cortex-m0
   2              		.fpu softvfp
   3              		.eabi_attribute 20, 1
   4              		.eabi_attribute 21, 1
   5              		.eabi_attribute 23, 3
   6              		.eabi_attribute 24, 1
   7              		.eabi_attribute 25, 1
   8              		.eabi_attribute 26, 1
   9              		.eabi_attribute 30, 6
  10              		.eabi_attribute 34, 0
  11              		.eabi_attribute 18, 4
  12              		.code	16
  13              		.file	"main.c"
  14              		.text
  15              	.Ltext0:
  16              		.cfi_sections	.debug_frame
  17              		.data
  18              		.align	2
  19              		.type	hrmConnectionParam, %object
  20              		.size	hrmConnectionParam, 8
  21              	hrmConnectionParam:
  22 0000 E803     		.short	1000
  23 0002 E803     		.short	1000
  24 0004 3100     		.short	49
  25 0006 F401     		.short	500
  26              		.section	.text.InitializeSystem,"ax",%progbits
  27              		.align	2
  28              		.code	16
  29              		.thumb_func
  30              		.type	InitializeSystem, %function
  31              	InitializeSystem:
  32              	.LFB35:
  33              		.file 1 ".\\main.c"
   1:.\main.c      **** /*****************************************************************************
   2:.\main.c      **** * File Name: main.c
   3:.\main.c      **** *
   4:.\main.c      **** * Version: 1.0
   5:.\main.c      **** *
   6:.\main.c      **** * Description:
   7:.\main.c      **** * This is the top level file for the PSoC 4 BLE Lab 3.
   8:.\main.c      **** *
   9:.\main.c      **** * Hardware Dependency:
  10:.\main.c      **** * CY8CKIT-042 BLE Pioneer Kit
  11:.\main.c      **** *
  12:.\main.c      **** ******************************************************************************
  13:.\main.c      **** * Copyright (2014), Cypress Semiconductor Corporation.
  14:.\main.c      **** ******************************************************************************
  15:.\main.c      **** * This software is owned by Cypress Semiconductor Corporation (Cypress) and is
  16:.\main.c      **** * protected by and subject to worldwide patent protection (United States and
  17:.\main.c      **** * foreign), United States copyright laws and international treaty provisions.
  18:.\main.c      **** * Cypress hereby grants to licensee a personal, non-exclusive, non-transferable
  19:.\main.c      **** * license to copy, use, modify, create derivative works of, and compile the
  20:.\main.c      **** * Cypress Source Code and derivative works for the sole purpose of creating
  21:.\main.c      **** * custom software in support of licensee product to be used only in conjunction
  22:.\main.c      **** * with a Cypress integrated circuit as specified in the applicable agreement.
  23:.\main.c      **** * Any reproduction, modification, translation, compilation, or representation of
  24:.\main.c      **** * this software except as specified above is prohibited without the express
ARM GAS  C:\Users\Zachary\AppData\Local\Temp\ccpwytyD.s 			page 2


  25:.\main.c      **** * written permission of Cypress.
  26:.\main.c      **** *
  27:.\main.c      **** * Disclaimer: CYPRESS MAKES NO WARRANTY OF ANY KIND, EXPRESS OR IMPLIED, WITH
  28:.\main.c      **** * REGARD TO THIS MATERIAL, INCLUDING, BUT NOT LIMITED TO, THE IMPLIED
  29:.\main.c      **** * WARRANTIES OF MERCHANTABILITY AND FITNESS FOR A PARTICULAR PURPOSE.
  30:.\main.c      **** * Cypress reserves the right to make changes without further notice to the
  31:.\main.c      **** * materials described herein. Cypress does not assume any liability arising out
  32:.\main.c      **** * of the application or use of any product or circuit described herein. Cypress
  33:.\main.c      **** * does not authorize its products for use as critical components in life-support
  34:.\main.c      **** * systems where a malfunction or failure may reasonably be expected to result in
  35:.\main.c      **** * significant injury to the user. The inclusion of Cypress' product in a life-
  36:.\main.c      **** * support systems application implies that the manufacturer assumes all risk of
  37:.\main.c      **** * such use and in doing so indemnifies Cypress against all charges. Use may be
  38:.\main.c      **** * limited by and subject to the applicable Cypress software license agreement.
  39:.\main.c      **** *****************************************************************************/
  40:.\main.c      **** 
  41:.\main.c      **** 
  42:.\main.c      **** /*****************************************************************************
  43:.\main.c      **** * Included headers
  44:.\main.c      **** *****************************************************************************/
  45:.\main.c      **** #include <project.h>
  46:.\main.c      **** #include <stdbool.h>
  47:.\main.c      **** #include "main.h"
  48:.\main.c      **** #include "HeartRateProcessing.h"
  49:.\main.c      **** #include "BleProcessing.h"
  50:.\main.c      **** #include "WatchdogTimer.h"
  51:.\main.c      **** 
  52:.\main.c      **** 
  53:.\main.c      **** /*****************************************************************************
  54:.\main.c      **** * Macros
  55:.\main.c      **** *****************************************************************************/
  56:.\main.c      **** #define TIME_SINCE_CONNECTED_MS         (5000)
  57:.\main.c      **** 
  58:.\main.c      **** 
  59:.\main.c      **** /*****************************************************************************
  60:.\main.c      **** * Global variables
  61:.\main.c      **** *****************************************************************************/
  62:.\main.c      **** static CYBLE_GAP_CONN_UPDATE_PARAM_T hrmConnectionParam =
  63:.\main.c      **** {
  64:.\main.c      ****     1000,         /* Minimum connection interval of 20 ms */
  65:.\main.c      ****     1000,         /* Maximum connection interval of 20 ms */
  66:.\main.c      ****     49,         /* Slave latency of 49 */
  67:.\main.c      ****     500         /* Supervision timeout of 5 seconds */
  68:.\main.c      **** };
  69:.\main.c      **** 
  70:.\main.c      **** 
  71:.\main.c      **** /*****************************************************************************
  72:.\main.c      **** * Static function definitions
  73:.\main.c      **** *****************************************************************************/
  74:.\main.c      **** 
  75:.\main.c      **** /*****************************************************************************
  76:.\main.c      **** * Function Name: InitializeSystem
  77:.\main.c      **** ******************************************************************************
  78:.\main.c      **** * Summary:
  79:.\main.c      **** * Initializes all the blocks of the system.
  80:.\main.c      **** *
  81:.\main.c      **** * Parameters:
ARM GAS  C:\Users\Zachary\AppData\Local\Temp\ccpwytyD.s 			page 3


  82:.\main.c      **** * None
  83:.\main.c      **** *
  84:.\main.c      **** * Return:
  85:.\main.c      **** * None
  86:.\main.c      **** *
  87:.\main.c      **** * Theory:
  88:.\main.c      **** * The function enables the Opamp and ADC for the heart rate measurement, and 
  89:.\main.c      **** * setups the BLE component. It also starts the watchdog timer and ensures that 
  90:.\main.c      **** * all the status LEDs are off at system startup. 
  91:.\main.c      **** *
  92:.\main.c      **** * Side Effects:
  93:.\main.c      **** * None
  94:.\main.c      **** *
  95:.\main.c      **** *****************************************************************************/
  96:.\main.c      **** static void InitializeSystem(void)
  97:.\main.c      **** {
  34              		.loc 1 97 0
  35              		.cfi_startproc
  36 0000 80B5     		push	{r7, lr}
  37              		.cfi_def_cfa_offset 8
  38              		.cfi_offset 7, -8
  39              		.cfi_offset 14, -4
  40 0002 00AF     		add	r7, sp, #0
  41              		.cfi_def_cfa_register 7
  98:.\main.c      ****     #if (RGB_LED_IN_PROJECT)
  99:.\main.c      ****         /* Turn off all LEDs */
 100:.\main.c      ****         Led_Advertising_Green_Write(1);
  42              		.loc 1 100 0
  43 0004 0120     		mov	r0, #1
  44 0006 FFF7FEFF 		bl	Led_Advertising_Green_Write
 101:.\main.c      ****         Led_Connected_Blue_Write(1);
  45              		.loc 1 101 0
  46 000a 0120     		mov	r0, #1
  47 000c FFF7FEFF 		bl	Led_Connected_Blue_Write
 102:.\main.c      ****     #endif  /* #if (RGB_LED_IN_PROJECT) */
 103:.\main.c      **** 
 104:.\main.c      ****     /* Enabling Global interrupts */
 105:.\main.c      ****     CyGlobalIntEnable; 
  48              		.loc 1 105 0
  49              	@ 105 ".\main.c" 1
  50 0010 62B6     		CPSIE   i
  51              	@ 0 "" 2
 106:.\main.c      **** 	
 107:.\main.c      ****     /* Start Opamp and ADC components */
 108:.\main.c      **** 	
 109:.\main.c      ****     ADC_Start();
  52              		.loc 1 109 0
  53              		.code	16
  54 0012 FFF7FEFF 		bl	ADC_Start
 110:.\main.c      **** 	
 111:.\main.c      ****     /* Start BLE component */
 112:.\main.c      ****     
 113:.\main.c      ****     CyBle_Start(GeneralEventHandler);
  55              		.loc 1 113 0
  56 0016 064B     		ldr	r3, .L2
  57 0018 181C     		mov	r0, r3
  58 001a FFF7FEFF 		bl	CyBle_Start
ARM GAS  C:\Users\Zachary\AppData\Local\Temp\ccpwytyD.s 			page 4


 114:.\main.c      ****     
 115:.\main.c      ****     
 116:.\main.c      ****     
 117:.\main.c      ****     /* Register the Heart Rate Service event handler callback. The function
 118:.\main.c      ****      * to be registered is HrsEventHandler().
 119:.\main.c      ****      */
 120:.\main.c      **** 	CyBle_HrsRegisterAttrCallback(HrsEventHandler);
  59              		.loc 1 120 0
  60 001e 054B     		ldr	r3, .L2+4
  61 0020 181C     		mov	r0, r3
  62 0022 FFF7FEFF 		bl	CyBle_HrsRegisterAttrCallback
 121:.\main.c      ****     
 122:.\main.c      ****     
 123:.\main.c      ****     /* Start the Watchdog Timer */
 124:.\main.c      **** 	WatchdogTimer_Start();
  63              		.loc 1 124 0
  64 0026 FFF7FEFF 		bl	WatchdogTimer_Start
 125:.\main.c      **** }
  65              		.loc 1 125 0
  66 002a BD46     		mov	sp, r7
  67              		@ sp needed
  68 002c 80BD     		pop	{r7, pc}
  69              	.L3:
  70 002e C046     		.align	2
  71              	.L2:
  72 0030 00000000 		.word	GeneralEventHandler
  73 0034 00000000 		.word	HrsEventHandler
  74              		.cfi_endproc
  75              	.LFE35:
  76              		.size	InitializeSystem, .-InitializeSystem
  77              		.section	.text.main,"ax",%progbits
  78              		.align	2
  79              		.global	main
  80              		.code	16
  81              		.thumb_func
  82              		.type	main, %function
  83              	main:
  84              	.LFB36:
 126:.\main.c      **** 
 127:.\main.c      **** 
 128:.\main.c      **** /*****************************************************************************
 129:.\main.c      **** * Public function definitions
 130:.\main.c      **** *****************************************************************************/
 131:.\main.c      **** 
 132:.\main.c      **** /*****************************************************************************
 133:.\main.c      **** * Function Name: main
 134:.\main.c      **** ******************************************************************************
 135:.\main.c      **** * Summary:
 136:.\main.c      **** * The main function for the project.
 137:.\main.c      **** *
 138:.\main.c      **** * Parameters:
 139:.\main.c      **** * None
 140:.\main.c      **** *
 141:.\main.c      **** * Return:
 142:.\main.c      **** * None
 143:.\main.c      **** *
 144:.\main.c      **** * Theory:
ARM GAS  C:\Users\Zachary\AppData\Local\Temp\ccpwytyD.s 			page 5


 145:.\main.c      **** * The main function first calls the initialization function to start the 
 146:.\main.c      **** * system, and then enters a loop to run forever. In the main loop, it scans
 147:.\main.c      **** * the heart rate first, then sends a notification packet every second to a 
 148:.\main.c      **** * BLE connected device. It then enters low power (deep sleep) state, waiting
 149:.\main.c      **** * for the periodic wakeup interrupt from watchdog timer.
 150:.\main.c      **** * When the device is disconnected or when advertisement timeout happens, 
 151:.\main.c      **** * the device enters Hibernate mode, waiting for the SW2 switch press to wakeup.
 152:.\main.c      **** *
 153:.\main.c      **** * Side Effects:
 154:.\main.c      **** * None
 155:.\main.c      **** *
 156:.\main.c      **** *****************************************************************************/
 157:.\main.c      **** int main()
 158:.\main.c      **** {
  85              		.loc 1 158 0
  86              		.cfi_startproc
  87 0000 90B5     		push	{r4, r7, lr}
  88              		.cfi_def_cfa_offset 12
  89              		.cfi_offset 4, -12
  90              		.cfi_offset 7, -8
  91              		.cfi_offset 14, -4
  92 0002 83B0     		sub	sp, sp, #12
  93              		.cfi_def_cfa_offset 24
  94 0004 00AF     		add	r7, sp, #0
  95              		.cfi_def_cfa_register 7
 159:.\main.c      ****     static uint32 previousTimestamp = 0;
 160:.\main.c      ****     static uint32 currentTimestamp = 0;
 161:.\main.c      ****     CYBLE_LP_MODE_T bleMode;
 162:.\main.c      ****     uint8 interruptStatus;
 163:.\main.c      ****     
 164:.\main.c      ****     /* Initialize all blocks of the system */
 165:.\main.c      **** 	InitializeSystem();
  96              		.loc 1 165 0
  97 0006 FFF7FEFF 		bl	InitializeSystem
  98              	.L14:
 166:.\main.c      ****     
 167:.\main.c      ****     /* Run forever */
 168:.\main.c      ****     for(;;)
 169:.\main.c      ****     {
 170:.\main.c      ****         /* Wake up ADC from low power mode */
 171:.\main.c      ****         ADC_Wakeup();
  99              		.loc 1 171 0
 100 000a FFF7FEFF 		bl	ADC_Wakeup
 172:.\main.c      ****         
 173:.\main.c      ****         /* Analog Front End. 
 174:.\main.c      ****          * Detects the input signal and measures Heart Rate 
 175:.\main.c      ****          */
 176:.\main.c      ****         ProcessHeartRateSignal();
 101              		.loc 1 176 0
 102 000e FFF7FEFF 		bl	ProcessHeartRateSignal
 177:.\main.c      **** 
 178:.\main.c      ****         /* Put ADC in low power mode */
 179:.\main.c      ****         ADC_Sleep();
 103              		.loc 1 179 0
 104 0012 FFF7FEFF 		bl	ADC_Sleep
 180:.\main.c      ****         
 181:.\main.c      ****         /* Measure the current system timestamp from watchdog timer */
ARM GAS  C:\Users\Zachary\AppData\Local\Temp\ccpwytyD.s 			page 6


 182:.\main.c      ****         currentTimestamp = WatchdogTimer_GetTimestamp();        
 105              		.loc 1 182 0
 106 0016 FFF7FEFF 		bl	WatchdogTimer_GetTimestamp
 107 001a 021C     		mov	r2, r0
 108 001c 3B4B     		ldr	r3, .L15
 109 001e 1A60     		str	r2, [r3]
 183:.\main.c      **** 
 184:.\main.c      ****         /* Update BLE connection parameters a few seconds after connection */
 185:.\main.c      ****         if((CyBle_GetState() == CYBLE_STATE_CONNECTED) && 
 110              		.loc 1 185 0
 111 0020 3B4B     		ldr	r3, .L15+4
 112 0022 1B78     		ldrb	r3, [r3]
 113 0024 022B     		cmp	r3, #2
 114 0026 15D1     		bne	.L5
 186:.\main.c      ****            (connParamRequestState == CONN_PARAM_REQUEST_NOT_SENT))
 115              		.loc 1 186 0 discriminator 1
 116 0028 3A4B     		ldr	r3, .L15+8
 117 002a 1B78     		ldrb	r3, [r3]
 185:.\main.c      ****         if((CyBle_GetState() == CYBLE_STATE_CONNECTED) && 
 118              		.loc 1 185 0 discriminator 1
 119 002c 002B     		cmp	r3, #0
 120 002e 11D1     		bne	.L5
 187:.\main.c      ****         {
 188:.\main.c      ****             if((currentTimestamp - timestampWhenConnected) > TIME_SINCE_CONNECTED_MS)
 121              		.loc 1 188 0
 122 0030 364B     		ldr	r3, .L15
 123 0032 1A68     		ldr	r2, [r3]
 124 0034 384B     		ldr	r3, .L15+12
 125 0036 1B68     		ldr	r3, [r3]
 126 0038 D21A     		sub	r2, r2, r3
 127 003a 384B     		ldr	r3, .L15+16
 128 003c 9A42     		cmp	r2, r3
 129 003e 09D9     		bls	.L5
 189:.\main.c      ****             {
 190:.\main.c      ****                 CyBle_L2capLeConnectionParamUpdateRequest(cyBle_connHandle.bdHandle, &hrmConnection
 130              		.loc 1 190 0
 131 0040 374B     		ldr	r3, .L15+20
 132 0042 1A78     		ldrb	r2, [r3]
 133 0044 374B     		ldr	r3, .L15+24
 134 0046 101C     		mov	r0, r2
 135 0048 191C     		mov	r1, r3
 136 004a FFF7FEFF 		bl	CyBle_L2capLeConnectionParamUpdateRequest
 191:.\main.c      ****                 connParamRequestState = CONN_PARAM_REQUEST_SENT;
 137              		.loc 1 191 0
 138 004e 314B     		ldr	r3, .L15+8
 139 0050 0122     		mov	r2, #1
 140 0052 1A70     		strb	r2, [r3]
 141              	.L5:
 192:.\main.c      ****             }
 193:.\main.c      ****         }
 194:.\main.c      ****         
 195:.\main.c      ****         
 196:.\main.c      ****         /* Send Heart Rate notification over BLE every second.
 197:.\main.c      ****          * Check if the current timestamp minus previous exceeds 1000 ms.
 198:.\main.c      ****          */
 199:.\main.c      ****         if((currentTimestamp - previousTimestamp) >= 1000)
 142              		.loc 1 199 0
ARM GAS  C:\Users\Zachary\AppData\Local\Temp\ccpwytyD.s 			page 7


 143 0054 2D4B     		ldr	r3, .L15
 144 0056 1A68     		ldr	r2, [r3]
 145 0058 334B     		ldr	r3, .L15+28
 146 005a 1B68     		ldr	r3, [r3]
 147 005c D21A     		sub	r2, r2, r3
 148 005e 334B     		ldr	r3, .L15+32
 149 0060 9A42     		cmp	r2, r3
 150 0062 06D9     		bls	.L6
 200:.\main.c      ****         {
 201:.\main.c      ****             /* Call API defined in BleProcessing.c to send 
 202:.\main.c      ****              * notification over BLE.
 203:.\main.c      ****              */
 204:.\main.c      ****             SendHeartRateOverBLE();
 151              		.loc 1 204 0
 152 0064 FFF7FEFF 		bl	SendHeartRateOverBLE
 205:.\main.c      ****             
 206:.\main.c      ****             /* Update the previous timestamp with the current timestamp. */
 207:.\main.c      ****             previousTimestamp = currentTimestamp;
 153              		.loc 1 207 0
 154 0068 284B     		ldr	r3, .L15
 155 006a 1A68     		ldr	r2, [r3]
 156 006c 2E4B     		ldr	r3, .L15+28
 157 006e 1A60     		str	r2, [r3]
 208:.\main.c      ****         }
 209:.\main.c      **** 
 210:.\main.c      ****         /* Try to stay in low power mode until the next watchdog interrupt */
 211:.\main.c      ****         while(WatchdogTimer_GetTimestamp() == currentTimestamp)
 158              		.loc 1 211 0
 159 0070 2AE0     		b	.L7
 160              	.L6:
 161 0072 29E0     		b	.L7
 162              	.L12:
 212:.\main.c      ****         {
 213:.\main.c      ****             /* Process any pending BLE events */
 214:.\main.c      ****             CyBle_ProcessEvents();
 163              		.loc 1 214 0
 164 0074 FFF7FEFF 		bl	CyBle_ProcessEvents
 215:.\main.c      ****             
 216:.\main.c      ****             /* The idea of low power operation is to first request the BLE 
 217:.\main.c      ****              * block go to Deep Sleep, and then check whether it actually
 218:.\main.c      ****              * entered Deep Sleep. This is important because the BLE block
 219:.\main.c      ****              * runs asynchronous to the rest of the application and thus
 220:.\main.c      ****              * could be busy/idle independent of the application state. 
 221:.\main.c      ****              * 
 222:.\main.c      ****              * Once the BLE block is in Deep Sleep, only then the system 
 223:.\main.c      ****              * can enter Deep Sleep. This is important to maintain the BLE 
 224:.\main.c      ****              * connection alive while being in Deep Sleep.
 225:.\main.c      ****              */
 226:.\main.c      **** 
 227:.\main.c      ****             
 228:.\main.c      ****             /* Request the BLE block to enter Deep Sleep */
 229:.\main.c      ****             bleMode = CyBle_EnterLPM(CYBLE_BLESS_DEEPSLEEP);
 165              		.loc 1 229 0
 166 0078 FC1D     		add	r4, r7, #7
 167 007a 0320     		mov	r0, #3
 168 007c FFF7FEFF 		bl	CyBle_EnterLPM
 169 0080 031C     		mov	r3, r0
ARM GAS  C:\Users\Zachary\AppData\Local\Temp\ccpwytyD.s 			page 8


 170 0082 2370     		strb	r3, [r4]
 230:.\main.c      **** 
 231:.\main.c      ****             
 232:.\main.c      ****             /* Check if the BLE block entered Deep Sleep and if so, then the 
 233:.\main.c      ****              * system can enter Deep Sleep. This is done inside a Critical 
 234:.\main.c      ****              * Section (where global interrupts are disabled) to avoid a 
 235:.\main.c      ****              * race condition between application main (that wants to go to 
 236:.\main.c      ****              * Deep Sleep) and other interrupts (which keep the device from 
 237:.\main.c      ****              * going to Deep Sleep). 
 238:.\main.c      ****              */
 239:.\main.c      ****             interruptStatus = CyEnterCriticalSection();
 171              		.loc 1 239 0
 172 0084 BC1D     		add	r4, r7, #6
 173 0086 FFF7FEFF 		bl	CyEnterCriticalSection
 174 008a 031C     		mov	r3, r0
 175 008c 2370     		strb	r3, [r4]
 240:.\main.c      ****             
 241:.\main.c      ****             /* Check if the BLE block entered Deep Sleep */
 242:.\main.c      ****             if(CYBLE_BLESS_DEEPSLEEP == bleMode)
 176              		.loc 1 242 0
 177 008e FB1D     		add	r3, r7, #7
 178 0090 1B78     		ldrb	r3, [r3]
 179 0092 032B     		cmp	r3, #3
 180 0094 0CD1     		bne	.L8
 243:.\main.c      ****             {
 244:.\main.c      ****                 /* Check the current state of BLE - System can enter Deep Sleep
 245:.\main.c      ****                  * only when the BLE block is starting the ECO (during 
 246:.\main.c      ****                  * pre-processing for a new connection event) or when it is 
 247:.\main.c      ****                  * idle.
 248:.\main.c      ****                  */
 249:.\main.c      ****                 if((CyBle_GetBleSsState() == CYBLE_BLESS_STATE_ECO_ON) ||
 181              		.loc 1 249 0
 182 0096 FFF7FEFF 		bl	CyBle_GetBleSsState
 183 009a 031C     		mov	r3, r0
 184 009c 042B     		cmp	r3, #4
 185 009e 04D0     		beq	.L9
 250:.\main.c      ****                    (CyBle_GetBleSsState() == CYBLE_BLESS_STATE_DEEPSLEEP))
 186              		.loc 1 250 0 discriminator 1
 187 00a0 FFF7FEFF 		bl	CyBle_GetBleSsState
 188 00a4 031C     		mov	r3, r0
 249:.\main.c      ****                 if((CyBle_GetBleSsState() == CYBLE_BLESS_STATE_ECO_ON) ||
 189              		.loc 1 249 0 discriminator 1
 190 00a6 062B     		cmp	r3, #6
 191 00a8 09D1     		bne	.L11
 192              	.L9:
 251:.\main.c      ****                 {
 252:.\main.c      ****                     CySysPmDeepSleep();
 193              		.loc 1 252 0
 194 00aa FFF7FEFF 		bl	CySysPmDeepSleep
 195 00ae 06E0     		b	.L11
 196              	.L8:
 253:.\main.c      ****                 }
 254:.\main.c      ****             }
 255:.\main.c      ****             /* The else condition signifies that the BLE block cannot enter 
 256:.\main.c      ****              * Deep Sleep and is in Active mode.  
 257:.\main.c      ****              */
 258:.\main.c      ****             else
ARM GAS  C:\Users\Zachary\AppData\Local\Temp\ccpwytyD.s 			page 9


 259:.\main.c      ****             {
 260:.\main.c      ****                 /* At this point, the CPU can enter Sleep, but Deep Sleep is not
 261:.\main.c      ****                  * allowed. 
 262:.\main.c      ****                  * There is one exception - at a connection event, when the BLE 
 263:.\main.c      ****                  * Rx/Tx has just finished, and the post processing for the 
 264:.\main.c      ****                  * connection event is ongoing, the CPU cannot go to sleep.
 265:.\main.c      ****                  * The CPU should wait in Active mode until the post processing 
 266:.\main.c      ****                  * is complete while continuously polling the BLE low power 
 267:.\main.c      ****                  * entry. As soon as post processing is complete, the BLE block 
 268:.\main.c      ****                  * would enter Deep Sleep (because of the polling) and the 
 269:.\main.c      ****                  * system Deep Sleep would then be entered. Deep Sleep is the 
 270:.\main.c      ****                  * preferred low power mode since it takes much lesser current.
 271:.\main.c      ****                  */
 272:.\main.c      ****                 if(CyBle_GetBleSsState() != CYBLE_BLESS_STATE_EVENT_CLOSE)
 197              		.loc 1 272 0
 198 00b0 FFF7FEFF 		bl	CyBle_GetBleSsState
 199 00b4 031C     		mov	r3, r0
 200 00b6 022B     		cmp	r3, #2
 201 00b8 01D0     		beq	.L11
 273:.\main.c      ****                 {
 274:.\main.c      ****                     CySysPmSleep();
 202              		.loc 1 274 0
 203 00ba FFF7FEFF 		bl	CySysPmSleep
 204              	.L11:
 275:.\main.c      ****                 }
 276:.\main.c      ****             }
 277:.\main.c      ****             
 278:.\main.c      ****             /* Exit Critical section - Global interrupts are enabled again */
 279:.\main.c      ****             CyExitCriticalSection(interruptStatus);
 205              		.loc 1 279 0
 206 00be BB1D     		add	r3, r7, #6
 207 00c0 1B78     		ldrb	r3, [r3]
 208 00c2 181C     		mov	r0, r3
 209 00c4 FFF7FEFF 		bl	CyExitCriticalSection
 210              	.L7:
 211:.\main.c      ****         while(WatchdogTimer_GetTimestamp() == currentTimestamp)
 211              		.loc 1 211 0 discriminator 1
 212 00c8 FFF7FEFF 		bl	WatchdogTimer_GetTimestamp
 213 00cc 021C     		mov	r2, r0
 214 00ce 0F4B     		ldr	r3, .L15
 215 00d0 1B68     		ldr	r3, [r3]
 216 00d2 9A42     		cmp	r2, r3
 217 00d4 CED0     		beq	.L12
 280:.\main.c      ****         }
 281:.\main.c      **** 
 282:.\main.c      ****         /* Hibernate entry point - Hibernate is entered upon a BLE disconnect
 283:.\main.c      ****          * event or advertisement timeout. Wakeup happens via SW2 switch press, 
 284:.\main.c      ****          * upon which the execution starts from the first line of code. 
 285:.\main.c      ****          * The I/O state, RAM and UDBs are retained during Hibernate.
 286:.\main.c      ****          */
 287:.\main.c      ****         if(enterHibernateFlag)
 218              		.loc 1 287 0
 219 00d6 164B     		ldr	r3, .L15+36
 220 00d8 1B78     		ldrb	r3, [r3]
 221 00da 002B     		cmp	r3, #0
 222 00dc 14D0     		beq	.L13
 288:.\main.c      ****         {
ARM GAS  C:\Users\Zachary\AppData\Local\Temp\ccpwytyD.s 			page 10


 289:.\main.c      ****             /* Stop the BLE component */
 290:.\main.c      ****             CyBle_Stop();
 223              		.loc 1 290 0
 224 00de FFF7FEFF 		bl	CyBle_Stop
 291:.\main.c      ****             
 292:.\main.c      ****             /* Enable the Hibernate wakeup functionality */
 293:.\main.c      ****             SW2_Switch_ClearInterrupt();
 225              		.loc 1 293 0
 226 00e2 FFF7FEFF 		bl	SW2_Switch_ClearInterrupt
 294:.\main.c      ****             Wakeup_ISR_Start();
 227              		.loc 1 294 0
 228 00e6 FFF7FEFF 		bl	Wakeup_ISR_Start
 295:.\main.c      ****             
 296:.\main.c      ****             #if (RGB_LED_IN_PROJECT)
 297:.\main.c      ****                 /* Turn off Green and Blue LEDs to indicate Hibernate */
 298:.\main.c      ****                 Led_Advertising_Green_Write(1);
 229              		.loc 1 298 0
 230 00ea 0120     		mov	r0, #1
 231 00ec FFF7FEFF 		bl	Led_Advertising_Green_Write
 299:.\main.c      ****                 Led_Connected_Blue_Write(1);
 232              		.loc 1 299 0
 233 00f0 0120     		mov	r0, #1
 234 00f2 FFF7FEFF 		bl	Led_Connected_Blue_Write
 300:.\main.c      ****                 
 301:.\main.c      ****                 /* Change the GPIO state to High-Z */
 302:.\main.c      ****                 Led_Advertising_Green_SetDriveMode(Led_Advertising_Green_DM_ALG_HIZ);
 235              		.loc 1 302 0
 236 00f6 0020     		mov	r0, #0
 237 00f8 FFF7FEFF 		bl	Led_Advertising_Green_SetDriveMode
 303:.\main.c      ****                 Led_Connected_Blue_SetDriveMode(Led_Connected_Blue_DM_ALG_HIZ);
 238              		.loc 1 303 0
 239 00fc 0020     		mov	r0, #0
 240 00fe FFF7FEFF 		bl	Led_Connected_Blue_SetDriveMode
 304:.\main.c      ****             #endif  /* #if (RGB_LED_IN_PROJECT) */
 305:.\main.c      ****             
 306:.\main.c      ****             /* Enter hibernate mode */
 307:.\main.c      ****             CySysPmHibernate();
 241              		.loc 1 307 0
 242 0102 FFF7FEFF 		bl	CySysPmHibernate
 308:.\main.c      ****         }
 309:.\main.c      ****     }
 243              		.loc 1 309 0
 244 0106 80E7     		b	.L14
 245              	.L13:
 246 0108 7FE7     		b	.L14
 247              	.L16:
 248 010a C046     		.align	2
 249              	.L15:
 250 010c 00000000 		.word	currentTimestamp.6463
 251 0110 00000000 		.word	cyBle_state
 252 0114 00000000 		.word	connParamRequestState
 253 0118 00000000 		.word	timestampWhenConnected
 254 011c 88130000 		.word	5000
 255 0120 00000000 		.word	cyBle_connHandle
 256 0124 00000000 		.word	hrmConnectionParam
 257 0128 04000000 		.word	previousTimestamp.6462
 258 012c E7030000 		.word	999
ARM GAS  C:\Users\Zachary\AppData\Local\Temp\ccpwytyD.s 			page 11


 259 0130 00000000 		.word	enterHibernateFlag
 260              		.cfi_endproc
 261              	.LFE36:
 262              		.size	main, .-main
 263              		.bss
 264              		.align	2
 265              	currentTimestamp.6463:
 266 0000 00000000 		.space	4
 267              		.align	2
 268              	previousTimestamp.6462:
 269 0004 00000000 		.space	4
 270              		.text
 271              	.Letext0:
 272              		.file 2 ".\\Generated_Source\\PSoC4/cytypes.h"
 273              		.file 3 ".\\Generated_Source\\PSoC4/BLE_1_Stack.h"
 274              		.file 4 ".\\Generated_Source\\PSoC4/BLE_1_StackGap.h"
 275              		.file 5 ".\\Generated_Source\\PSoC4/BLE_1_StackGatt.h"
 276              		.file 6 ".\\Generated_Source\\PSoC4/BLE_1_hrs.h"
 277              		.file 7 ".\\Generated_Source\\PSoC4/BLE_1_dis.h"
 278              		.file 8 ".\\Generated_Source\\PSoC4/BLE_1_eventHandler.h"
 279              		.file 9 ".\\BleProcessing.h"
 280              		.section	.debug_info,"",%progbits
 281              	.Ldebug_info0:
 282 0000 7F040000 		.4byte	0x47f
 283 0004 0400     		.2byte	0x4
 284 0006 00000000 		.4byte	.Ldebug_abbrev0
 285 000a 04       		.byte	0x4
 286 000b 01       		.uleb128 0x1
 287 000c 47080000 		.4byte	.LASF128
 288 0010 01       		.byte	0x1
 289 0011 C0020000 		.4byte	.LASF129
 290 0015 E9000000 		.4byte	.LASF130
 291 0019 00000000 		.4byte	.Ldebug_ranges0+0
 292 001d 00000000 		.4byte	0
 293 0021 00000000 		.4byte	.Ldebug_line0
 294 0025 02       		.uleb128 0x2
 295 0026 01       		.byte	0x1
 296 0027 06       		.byte	0x6
 297 0028 88020000 		.4byte	.LASF0
 298 002c 02       		.uleb128 0x2
 299 002d 01       		.byte	0x1
 300 002e 08       		.byte	0x8
 301 002f 0C090000 		.4byte	.LASF1
 302 0033 02       		.uleb128 0x2
 303 0034 02       		.byte	0x2
 304 0035 05       		.byte	0x5
 305 0036 47090000 		.4byte	.LASF2
 306 003a 02       		.uleb128 0x2
 307 003b 02       		.byte	0x2
 308 003c 07       		.byte	0x7
 309 003d 81050000 		.4byte	.LASF3
 310 0041 02       		.uleb128 0x2
 311 0042 04       		.byte	0x4
 312 0043 05       		.byte	0x5
 313 0044 AB010000 		.4byte	.LASF4
 314 0048 02       		.uleb128 0x2
 315 0049 04       		.byte	0x4
ARM GAS  C:\Users\Zachary\AppData\Local\Temp\ccpwytyD.s 			page 12


 316 004a 07       		.byte	0x7
 317 004b ED040000 		.4byte	.LASF5
 318 004f 02       		.uleb128 0x2
 319 0050 08       		.byte	0x8
 320 0051 05       		.byte	0x5
 321 0052 7A020000 		.4byte	.LASF6
 322 0056 02       		.uleb128 0x2
 323 0057 08       		.byte	0x8
 324 0058 07       		.byte	0x7
 325 0059 C6010000 		.4byte	.LASF7
 326 005d 03       		.uleb128 0x3
 327 005e 04       		.byte	0x4
 328 005f 05       		.byte	0x5
 329 0060 696E7400 		.ascii	"int\000"
 330 0064 02       		.uleb128 0x2
 331 0065 04       		.byte	0x4
 332 0066 07       		.byte	0x7
 333 0067 A6040000 		.4byte	.LASF8
 334 006b 04       		.uleb128 0x4
 335 006c B4030000 		.4byte	.LASF9
 336 0070 02       		.byte	0x2
 337 0071 A1       		.byte	0xa1
 338 0072 2C000000 		.4byte	0x2c
 339 0076 04       		.uleb128 0x4
 340 0077 1A090000 		.4byte	.LASF10
 341 007b 02       		.byte	0x2
 342 007c A2       		.byte	0xa2
 343 007d 3A000000 		.4byte	0x3a
 344 0081 04       		.uleb128 0x4
 345 0082 18040000 		.4byte	.LASF11
 346 0086 02       		.byte	0x2
 347 0087 A3       		.byte	0xa3
 348 0088 48000000 		.4byte	0x48
 349 008c 02       		.uleb128 0x2
 350 008d 04       		.byte	0x4
 351 008e 04       		.byte	0x4
 352 008f 41080000 		.4byte	.LASF12
 353 0093 02       		.uleb128 0x2
 354 0094 08       		.byte	0x8
 355 0095 04       		.byte	0x4
 356 0096 D9030000 		.4byte	.LASF13
 357 009a 02       		.uleb128 0x2
 358 009b 01       		.byte	0x1
 359 009c 08       		.byte	0x8
 360 009d 4A0A0000 		.4byte	.LASF14
 361 00a1 02       		.uleb128 0x2
 362 00a2 04       		.byte	0x4
 363 00a3 07       		.byte	0x7
 364 00a4 45070000 		.4byte	.LASF15
 365 00a8 05       		.uleb128 0x5
 366 00a9 01       		.byte	0x1
 367 00aa 03       		.byte	0x3
 368 00ab 58       		.byte	0x58
 369 00ac 18020000 		.4byte	0x218
 370 00b0 06       		.uleb128 0x6
 371 00b1 94050000 		.4byte	.LASF16
 372 00b5 00       		.sleb128 0
ARM GAS  C:\Users\Zachary\AppData\Local\Temp\ccpwytyD.s 			page 13


 373 00b6 06       		.uleb128 0x6
 374 00b7 94020000 		.4byte	.LASF17
 375 00bb 01       		.sleb128 1
 376 00bc 06       		.uleb128 0x6
 377 00bd 99010000 		.4byte	.LASF18
 378 00c1 02       		.sleb128 2
 379 00c2 06       		.uleb128 0x6
 380 00c3 D20A0000 		.4byte	.LASF19
 381 00c7 03       		.sleb128 3
 382 00c8 06       		.uleb128 0x6
 383 00c9 DD010000 		.4byte	.LASF20
 384 00cd 04       		.sleb128 4
 385 00ce 06       		.uleb128 0x6
 386 00cf 23000000 		.4byte	.LASF21
 387 00d3 05       		.sleb128 5
 388 00d4 06       		.uleb128 0x6
 389 00d5 A6060000 		.4byte	.LASF22
 390 00d9 20       		.sleb128 32
 391 00da 06       		.uleb128 0x6
 392 00db E8020000 		.4byte	.LASF23
 393 00df 21       		.sleb128 33
 394 00e0 06       		.uleb128 0x6
 395 00e1 C9050000 		.4byte	.LASF24
 396 00e5 22       		.sleb128 34
 397 00e6 06       		.uleb128 0x6
 398 00e7 43060000 		.4byte	.LASF25
 399 00eb 23       		.sleb128 35
 400 00ec 06       		.uleb128 0x6
 401 00ed B6070000 		.4byte	.LASF26
 402 00f1 24       		.sleb128 36
 403 00f2 06       		.uleb128 0x6
 404 00f3 67070000 		.4byte	.LASF27
 405 00f7 25       		.sleb128 37
 406 00f8 06       		.uleb128 0x6
 407 00f9 75030000 		.4byte	.LASF28
 408 00fd 26       		.sleb128 38
 409 00fe 06       		.uleb128 0x6
 410 00ff ED050000 		.4byte	.LASF29
 411 0103 27       		.sleb128 39
 412 0104 06       		.uleb128 0x6
 413 0105 4F0A0000 		.4byte	.LASF30
 414 0109 28       		.sleb128 40
 415 010a 06       		.uleb128 0x6
 416 010b 45020000 		.4byte	.LASF31
 417 010f 29       		.sleb128 41
 418 0110 06       		.uleb128 0x6
 419 0111 9F000000 		.4byte	.LASF32
 420 0115 2A       		.sleb128 42
 421 0116 06       		.uleb128 0x6
 422 0117 C9020000 		.4byte	.LASF33
 423 011b 2B       		.sleb128 43
 424 011c 06       		.uleb128 0x6
 425 011d 000C0000 		.4byte	.LASF34
 426 0121 2C       		.sleb128 44
 427 0122 06       		.uleb128 0x6
 428 0123 F9090000 		.4byte	.LASF35
 429 0127 C000     		.sleb128 64
ARM GAS  C:\Users\Zachary\AppData\Local\Temp\ccpwytyD.s 			page 14


 430 0129 06       		.uleb128 0x6
 431 012a 69060000 		.4byte	.LASF36
 432 012e C100     		.sleb128 65
 433 0130 06       		.uleb128 0x6
 434 0131 B3040000 		.4byte	.LASF37
 435 0135 C200     		.sleb128 66
 436 0137 06       		.uleb128 0x6
 437 0138 090B0000 		.4byte	.LASF38
 438 013c C300     		.sleb128 67
 439 013e 06       		.uleb128 0x6
 440 013f 31050000 		.4byte	.LASF39
 441 0143 C400     		.sleb128 68
 442 0145 06       		.uleb128 0x6
 443 0146 72010000 		.4byte	.LASF40
 444 014a C500     		.sleb128 69
 445 014c 06       		.uleb128 0x6
 446 014d 24070000 		.4byte	.LASF41
 447 0151 C600     		.sleb128 70
 448 0153 06       		.uleb128 0x6
 449 0154 AB050000 		.4byte	.LASF42
 450 0158 C700     		.sleb128 71
 451 015a 06       		.uleb128 0x6
 452 015b D90B0000 		.4byte	.LASF43
 453 015f C800     		.sleb128 72
 454 0161 06       		.uleb128 0x6
 455 0162 53000000 		.4byte	.LASF44
 456 0166 C900     		.sleb128 73
 457 0168 06       		.uleb128 0x6
 458 0169 4E0B0000 		.4byte	.LASF45
 459 016d CA00     		.sleb128 74
 460 016f 06       		.uleb128 0x6
 461 0170 24010000 		.4byte	.LASF46
 462 0174 CB00     		.sleb128 75
 463 0176 06       		.uleb128 0x6
 464 0177 0C060000 		.4byte	.LASF47
 465 017b CC00     		.sleb128 76
 466 017d 06       		.uleb128 0x6
 467 017e 8D0A0000 		.4byte	.LASF48
 468 0182 CD00     		.sleb128 77
 469 0184 06       		.uleb128 0x6
 470 0185 22030000 		.4byte	.LASF49
 471 0189 CE00     		.sleb128 78
 472 018b 06       		.uleb128 0x6
 473 018c 9F090000 		.4byte	.LASF50
 474 0190 CF00     		.sleb128 79
 475 0192 06       		.uleb128 0x6
 476 0193 43010000 		.4byte	.LASF51
 477 0197 D000     		.sleb128 80
 478 0199 06       		.uleb128 0x6
 479 019a BA030000 		.4byte	.LASF52
 480 019e D100     		.sleb128 81
 481 01a0 06       		.uleb128 0x6
 482 01a1 DE070000 		.4byte	.LASF53
 483 01a5 D200     		.sleb128 82
 484 01a7 06       		.uleb128 0x6
 485 01a8 67090000 		.4byte	.LASF54
 486 01ac D300     		.sleb128 83
ARM GAS  C:\Users\Zachary\AppData\Local\Temp\ccpwytyD.s 			page 15


 487 01ae 06       		.uleb128 0x6
 488 01af D8090000 		.4byte	.LASF55
 489 01b3 D400     		.sleb128 84
 490 01b5 06       		.uleb128 0x6
 491 01b6 4F050000 		.4byte	.LASF56
 492 01ba D500     		.sleb128 85
 493 01bc 06       		.uleb128 0x6
 494 01bd 44040000 		.4byte	.LASF57
 495 01c1 F000     		.sleb128 112
 496 01c3 06       		.uleb128 0x6
 497 01c4 2D0C0000 		.4byte	.LASF58
 498 01c8 F100     		.sleb128 113
 499 01ca 06       		.uleb128 0x6
 500 01cb 40030000 		.4byte	.LASF59
 501 01cf F200     		.sleb128 114
 502 01d1 06       		.uleb128 0x6
 503 01d2 06070000 		.4byte	.LASF60
 504 01d6 F300     		.sleb128 115
 505 01d8 06       		.uleb128 0x6
 506 01d9 17080000 		.4byte	.LASF61
 507 01dd F400     		.sleb128 116
 508 01df 06       		.uleb128 0x6
 509 01e0 E0030000 		.4byte	.LASF62
 510 01e4 F500     		.sleb128 117
 511 01e6 06       		.uleb128 0x6
 512 01e7 C8000000 		.4byte	.LASF63
 513 01eb F600     		.sleb128 118
 514 01ed 06       		.uleb128 0x6
 515 01ee 6C000000 		.4byte	.LASF64
 516 01f2 F700     		.sleb128 119
 517 01f4 06       		.uleb128 0x6
 518 01f5 00000000 		.4byte	.LASF65
 519 01f9 F800     		.sleb128 120
 520 01fb 06       		.uleb128 0x6
 521 01fc A70A0000 		.4byte	.LASF66
 522 0200 F900     		.sleb128 121
 523 0202 06       		.uleb128 0x6
 524 0203 82040000 		.4byte	.LASF67
 525 0207 FA00     		.sleb128 122
 526 0209 06       		.uleb128 0x6
 527 020a 0E020000 		.4byte	.LASF68
 528 020e FA01     		.sleb128 250
 529 0210 06       		.uleb128 0x6
 530 0211 36040000 		.4byte	.LASF69
 531 0215 FF01     		.sleb128 255
 532 0217 00       		.byte	0
 533 0218 07       		.uleb128 0x7
 534 0219 01       		.byte	0x1
 535 021a 03       		.byte	0x3
 536 021b F801     		.2byte	0x1f8
 537 021d 41020000 		.4byte	0x241
 538 0221 06       		.uleb128 0x6
 539 0222 580C0000 		.4byte	.LASF70
 540 0226 01       		.sleb128 1
 541 0227 06       		.uleb128 0x6
 542 0228 210A0000 		.4byte	.LASF71
 543 022c 02       		.sleb128 2
ARM GAS  C:\Users\Zachary\AppData\Local\Temp\ccpwytyD.s 			page 16


 544 022d 06       		.uleb128 0x6
 545 022e C30B0000 		.4byte	.LASF72
 546 0232 03       		.sleb128 3
 547 0233 06       		.uleb128 0x6
 548 0234 A0070000 		.4byte	.LASF73
 549 0238 04       		.sleb128 4
 550 0239 06       		.uleb128 0x6
 551 023a 1D050000 		.4byte	.LASF74
 552 023e FF01     		.sleb128 255
 553 0240 00       		.byte	0
 554 0241 08       		.uleb128 0x8
 555 0242 62010000 		.4byte	.LASF75
 556 0246 03       		.byte	0x3
 557 0247 1402     		.2byte	0x214
 558 0249 18020000 		.4byte	0x218
 559 024d 07       		.uleb128 0x7
 560 024e 01       		.byte	0x1
 561 024f 03       		.byte	0x3
 562 0250 1802     		.2byte	0x218
 563 0252 88020000 		.4byte	0x288
 564 0256 06       		.uleb128 0x6
 565 0257 2C020000 		.4byte	.LASF76
 566 025b 01       		.sleb128 1
 567 025c 06       		.uleb128 0x6
 568 025d EB0A0000 		.4byte	.LASF77
 569 0261 02       		.sleb128 2
 570 0262 06       		.uleb128 0x6
 571 0263 DB080000 		.4byte	.LASF78
 572 0267 03       		.sleb128 3
 573 0268 06       		.uleb128 0x6
 574 0269 270B0000 		.4byte	.LASF79
 575 026d 04       		.sleb128 4
 576 026e 06       		.uleb128 0x6
 577 026f 7D0B0000 		.4byte	.LASF80
 578 0273 05       		.sleb128 5
 579 0274 06       		.uleb128 0x6
 580 0275 D1040000 		.4byte	.LASF81
 581 0279 06       		.sleb128 6
 582 027a 06       		.uleb128 0x6
 583 027b 8A060000 		.4byte	.LASF82
 584 027f 07       		.sleb128 7
 585 0280 06       		.uleb128 0x6
 586 0281 BE090000 		.4byte	.LASF83
 587 0285 FF01     		.sleb128 255
 588 0287 00       		.byte	0
 589 0288 09       		.uleb128 0x9
 590 0289 08       		.byte	0x8
 591 028a 04       		.byte	0x4
 592 028b 8F02     		.2byte	0x28f
 593 028d C6020000 		.4byte	0x2c6
 594 0291 0A       		.uleb128 0xa
 595 0292 35080000 		.4byte	.LASF84
 596 0296 04       		.byte	0x4
 597 0297 9602     		.2byte	0x296
 598 0299 76000000 		.4byte	0x76
 599 029d 00       		.byte	0
 600 029e 0A       		.uleb128 0xa
ARM GAS  C:\Users\Zachary\AppData\Local\Temp\ccpwytyD.s 			page 17


 601 029f D2070000 		.4byte	.LASF85
 602 02a3 04       		.byte	0x4
 603 02a4 9D02     		.2byte	0x29d
 604 02a6 76000000 		.4byte	0x76
 605 02aa 02       		.byte	0x2
 606 02ab 0A       		.uleb128 0xa
 607 02ac DE060000 		.4byte	.LASF86
 608 02b0 04       		.byte	0x4
 609 02b1 A202     		.2byte	0x2a2
 610 02b3 76000000 		.4byte	0x76
 611 02b7 04       		.byte	0x4
 612 02b8 0A       		.uleb128 0xa
 613 02b9 73050000 		.4byte	.LASF87
 614 02bd 04       		.byte	0x4
 615 02be A802     		.2byte	0x2a8
 616 02c0 76000000 		.4byte	0x76
 617 02c4 06       		.byte	0x6
 618 02c5 00       		.byte	0
 619 02c6 08       		.uleb128 0x8
 620 02c7 FF040000 		.4byte	.LASF88
 621 02cb 04       		.byte	0x4
 622 02cc AA02     		.2byte	0x2aa
 623 02ce 88020000 		.4byte	0x288
 624 02d2 09       		.uleb128 0x9
 625 02d3 02       		.byte	0x2
 626 02d4 05       		.byte	0x5
 627 02d5 5501     		.2byte	0x155
 628 02d7 F6020000 		.4byte	0x2f6
 629 02db 0A       		.uleb128 0xa
 630 02dc 240C0000 		.4byte	.LASF89
 631 02e0 05       		.byte	0x5
 632 02e1 5C01     		.2byte	0x15c
 633 02e3 6B000000 		.4byte	0x6b
 634 02e7 00       		.byte	0
 635 02e8 0A       		.uleb128 0xa
 636 02e9 84060000 		.4byte	.LASF90
 637 02ed 05       		.byte	0x5
 638 02ee 6201     		.2byte	0x162
 639 02f0 6B000000 		.4byte	0x6b
 640 02f4 01       		.byte	0x1
 641 02f5 00       		.byte	0
 642 02f6 08       		.uleb128 0x8
 643 02f7 8B000000 		.4byte	.LASF91
 644 02fb 05       		.byte	0x5
 645 02fc 6401     		.2byte	0x164
 646 02fe D2020000 		.4byte	0x2d2
 647 0302 05       		.uleb128 0x5
 648 0303 01       		.byte	0x1
 649 0304 06       		.byte	0x6
 650 0305 22       		.byte	0x22
 651 0306 23030000 		.4byte	0x323
 652 030a 06       		.uleb128 0x6
 653 030b 92070000 		.4byte	.LASF92
 654 030f 00       		.sleb128 0
 655 0310 06       		.uleb128 0x6
 656 0311 130A0000 		.4byte	.LASF93
 657 0315 01       		.sleb128 1
ARM GAS  C:\Users\Zachary\AppData\Local\Temp\ccpwytyD.s 			page 18


 658 0316 06       		.uleb128 0x6
 659 0317 14030000 		.4byte	.LASF94
 660 031b 02       		.sleb128 2
 661 031c 06       		.uleb128 0x6
 662 031d FF020000 		.4byte	.LASF95
 663 0321 03       		.sleb128 3
 664 0322 00       		.byte	0
 665 0323 05       		.uleb128 0x5
 666 0324 01       		.byte	0x1
 667 0325 07       		.byte	0x7
 668 0326 1D       		.byte	0x1d
 669 0327 68030000 		.4byte	0x368
 670 032b 06       		.uleb128 0x6
 671 032c 6B0C0000 		.4byte	.LASF96
 672 0330 00       		.sleb128 0
 673 0331 06       		.uleb128 0x6
 674 0332 330A0000 		.4byte	.LASF97
 675 0336 01       		.sleb128 1
 676 0337 06       		.uleb128 0x6
 677 0338 C3080000 		.4byte	.LASF98
 678 033c 02       		.sleb128 2
 679 033d 06       		.uleb128 0x6
 680 033e 1F040000 		.4byte	.LASF99
 681 0342 03       		.sleb128 3
 682 0343 06       		.uleb128 0x6
 683 0344 01040000 		.4byte	.LASF100
 684 0348 04       		.sleb128 4
 685 0349 06       		.uleb128 0x6
 686 034a 88090000 		.4byte	.LASF101
 687 034e 05       		.sleb128 5
 688 034f 06       		.uleb128 0x6
 689 0350 CA060000 		.4byte	.LASF102
 690 0354 06       		.sleb128 6
 691 0355 06       		.uleb128 0x6
 692 0356 FF070000 		.4byte	.LASF103
 693 035a 07       		.sleb128 7
 694 035b 06       		.uleb128 0x6
 695 035c 26060000 		.4byte	.LASF104
 696 0360 08       		.sleb128 8
 697 0361 06       		.uleb128 0x6
 698 0362 21090000 		.4byte	.LASF105
 699 0366 09       		.sleb128 9
 700 0367 00       		.byte	0
 701 0368 07       		.uleb128 0x7
 702 0369 01       		.byte	0x1
 703 036a 08       		.byte	0x8
 704 036b 9505     		.2byte	0x595
 705 036d 90030000 		.4byte	0x390
 706 0371 06       		.uleb128 0x6
 707 0372 3F000000 		.4byte	.LASF106
 708 0376 00       		.sleb128 0
 709 0377 06       		.uleb128 0x6
 710 0378 4E070000 		.4byte	.LASF107
 711 037c 01       		.sleb128 1
 712 037d 06       		.uleb128 0x6
 713 037e AD0B0000 		.4byte	.LASF108
 714 0382 02       		.sleb128 2
ARM GAS  C:\Users\Zachary\AppData\Local\Temp\ccpwytyD.s 			page 19


 715 0383 06       		.uleb128 0x6
 716 0384 62020000 		.4byte	.LASF109
 717 0388 03       		.sleb128 3
 718 0389 06       		.uleb128 0x6
 719 038a 5C030000 		.4byte	.LASF110
 720 038e 04       		.sleb128 4
 721 038f 00       		.byte	0
 722 0390 08       		.uleb128 0x8
 723 0391 400B0000 		.4byte	.LASF111
 724 0395 08       		.byte	0x8
 725 0396 A305     		.2byte	0x5a3
 726 0398 68030000 		.4byte	0x368
 727 039c 05       		.uleb128 0x5
 728 039d 01       		.byte	0x1
 729 039e 09       		.byte	0x9
 730 039f 38       		.byte	0x38
 731 03a0 BD030000 		.4byte	0x3bd
 732 03a4 06       		.uleb128 0x6
 733 03a5 710A0000 		.4byte	.LASF112
 734 03a9 00       		.sleb128 0
 735 03aa 06       		.uleb128 0x6
 736 03ab 6A040000 		.4byte	.LASF113
 737 03af 01       		.sleb128 1
 738 03b0 06       		.uleb128 0x6
 739 03b1 F2010000 		.4byte	.LASF114
 740 03b5 02       		.sleb128 2
 741 03b6 06       		.uleb128 0x6
 742 03b7 EA060000 		.4byte	.LASF115
 743 03bb 03       		.sleb128 3
 744 03bc 00       		.byte	0
 745 03bd 04       		.uleb128 0x4
 746 03be A7020000 		.4byte	.LASF116
 747 03c2 09       		.byte	0x9
 748 03c3 3D       		.byte	0x3d
 749 03c4 9C030000 		.4byte	0x39c
 750 03c8 0B       		.uleb128 0xb
 751 03c9 36090000 		.4byte	.LASF131
 752 03cd 01       		.byte	0x1
 753 03ce 60       		.byte	0x60
 754 03cf 00000000 		.4byte	.LFB35
 755 03d3 38000000 		.4byte	.LFE35-.LFB35
 756 03d7 01       		.uleb128 0x1
 757 03d8 9C       		.byte	0x9c
 758 03d9 0C       		.uleb128 0xc
 759 03da 530C0000 		.4byte	.LASF132
 760 03de 01       		.byte	0x1
 761 03df 9D       		.byte	0x9d
 762 03e0 5D000000 		.4byte	0x5d
 763 03e4 00000000 		.4byte	.LFB36
 764 03e8 34010000 		.4byte	.LFE36-.LFB36
 765 03ec 01       		.uleb128 0x1
 766 03ed 9C       		.byte	0x9c
 767 03ee 31040000 		.4byte	0x431
 768 03f2 0D       		.uleb128 0xd
 769 03f3 B4010000 		.4byte	.LASF117
 770 03f7 01       		.byte	0x1
 771 03f8 9F       		.byte	0x9f
ARM GAS  C:\Users\Zachary\AppData\Local\Temp\ccpwytyD.s 			page 20


 772 03f9 81000000 		.4byte	0x81
 773 03fd 05       		.uleb128 0x5
 774 03fe 03       		.byte	0x3
 775 03ff 04000000 		.4byte	previousTimestamp.6462
 776 0403 0D       		.uleb128 0xd
 777 0404 6C0B0000 		.4byte	.LASF118
 778 0408 01       		.byte	0x1
 779 0409 A0       		.byte	0xa0
 780 040a 81000000 		.4byte	0x81
 781 040e 05       		.uleb128 0x5
 782 040f 03       		.byte	0x3
 783 0410 00000000 		.4byte	currentTimestamp.6463
 784 0414 0D       		.uleb128 0xd
 785 0415 CA0A0000 		.4byte	.LASF119
 786 0419 01       		.byte	0x1
 787 041a A1       		.byte	0xa1
 788 041b 41020000 		.4byte	0x241
 789 041f 02       		.uleb128 0x2
 790 0420 91       		.byte	0x91
 791 0421 6F       		.sleb128 -17
 792 0422 0D       		.uleb128 0xd
 793 0423 870C0000 		.4byte	.LASF120
 794 0427 01       		.byte	0x1
 795 0428 A2       		.byte	0xa2
 796 0429 6B000000 		.4byte	0x6b
 797 042d 02       		.uleb128 0x2
 798 042e 91       		.byte	0x91
 799 042f 6E       		.sleb128 -18
 800 0430 00       		.byte	0
 801 0431 0D       		.uleb128 0xd
 802 0432 F3080000 		.4byte	.LASF121
 803 0436 01       		.byte	0x1
 804 0437 3E       		.byte	0x3e
 805 0438 C6020000 		.4byte	0x2c6
 806 043c 05       		.uleb128 0x5
 807 043d 03       		.byte	0x3
 808 043e 00000000 		.4byte	hrmConnectionParam
 809 0442 0E       		.uleb128 0xe
 810 0443 37060000 		.4byte	.LASF122
 811 0447 08       		.byte	0x8
 812 0448 2207     		.2byte	0x722
 813 044a 90030000 		.4byte	0x390
 814 044e 0E       		.uleb128 0xe
 815 044f 81070000 		.4byte	.LASF123
 816 0453 08       		.byte	0x8
 817 0454 2307     		.2byte	0x723
 818 0456 F6020000 		.4byte	0x2f6
 819 045a 0F       		.uleb128 0xf
 820 045b 9A0B0000 		.4byte	.LASF124
 821 045f 09       		.byte	0x9
 822 0460 43       		.byte	0x43
 823 0461 65040000 		.4byte	0x465
 824 0465 02       		.uleb128 0x2
 825 0466 01       		.byte	0x1
 826 0467 02       		.byte	0x2
 827 0468 06090000 		.4byte	.LASF125
 828 046c 0F       		.uleb128 0xf
ARM GAS  C:\Users\Zachary\AppData\Local\Temp\ccpwytyD.s 			page 21


 829 046d 9D030000 		.4byte	.LASF126
 830 0471 09       		.byte	0x9
 831 0472 44       		.byte	0x44
 832 0473 81000000 		.4byte	0x81
 833 0477 0F       		.uleb128 0xf
 834 0478 51090000 		.4byte	.LASF127
 835 047c 09       		.byte	0x9
 836 047d 45       		.byte	0x45
 837 047e BD030000 		.4byte	0x3bd
 838 0482 00       		.byte	0
 839              		.section	.debug_abbrev,"",%progbits
 840              	.Ldebug_abbrev0:
 841 0000 01       		.uleb128 0x1
 842 0001 11       		.uleb128 0x11
 843 0002 01       		.byte	0x1
 844 0003 25       		.uleb128 0x25
 845 0004 0E       		.uleb128 0xe
 846 0005 13       		.uleb128 0x13
 847 0006 0B       		.uleb128 0xb
 848 0007 03       		.uleb128 0x3
 849 0008 0E       		.uleb128 0xe
 850 0009 1B       		.uleb128 0x1b
 851 000a 0E       		.uleb128 0xe
 852 000b 55       		.uleb128 0x55
 853 000c 17       		.uleb128 0x17
 854 000d 11       		.uleb128 0x11
 855 000e 01       		.uleb128 0x1
 856 000f 10       		.uleb128 0x10
 857 0010 17       		.uleb128 0x17
 858 0011 00       		.byte	0
 859 0012 00       		.byte	0
 860 0013 02       		.uleb128 0x2
 861 0014 24       		.uleb128 0x24
 862 0015 00       		.byte	0
 863 0016 0B       		.uleb128 0xb
 864 0017 0B       		.uleb128 0xb
 865 0018 3E       		.uleb128 0x3e
 866 0019 0B       		.uleb128 0xb
 867 001a 03       		.uleb128 0x3
 868 001b 0E       		.uleb128 0xe
 869 001c 00       		.byte	0
 870 001d 00       		.byte	0
 871 001e 03       		.uleb128 0x3
 872 001f 24       		.uleb128 0x24
 873 0020 00       		.byte	0
 874 0021 0B       		.uleb128 0xb
 875 0022 0B       		.uleb128 0xb
 876 0023 3E       		.uleb128 0x3e
 877 0024 0B       		.uleb128 0xb
 878 0025 03       		.uleb128 0x3
 879 0026 08       		.uleb128 0x8
 880 0027 00       		.byte	0
 881 0028 00       		.byte	0
 882 0029 04       		.uleb128 0x4
 883 002a 16       		.uleb128 0x16
 884 002b 00       		.byte	0
 885 002c 03       		.uleb128 0x3
ARM GAS  C:\Users\Zachary\AppData\Local\Temp\ccpwytyD.s 			page 22


 886 002d 0E       		.uleb128 0xe
 887 002e 3A       		.uleb128 0x3a
 888 002f 0B       		.uleb128 0xb
 889 0030 3B       		.uleb128 0x3b
 890 0031 0B       		.uleb128 0xb
 891 0032 49       		.uleb128 0x49
 892 0033 13       		.uleb128 0x13
 893 0034 00       		.byte	0
 894 0035 00       		.byte	0
 895 0036 05       		.uleb128 0x5
 896 0037 04       		.uleb128 0x4
 897 0038 01       		.byte	0x1
 898 0039 0B       		.uleb128 0xb
 899 003a 0B       		.uleb128 0xb
 900 003b 3A       		.uleb128 0x3a
 901 003c 0B       		.uleb128 0xb
 902 003d 3B       		.uleb128 0x3b
 903 003e 0B       		.uleb128 0xb
 904 003f 01       		.uleb128 0x1
 905 0040 13       		.uleb128 0x13
 906 0041 00       		.byte	0
 907 0042 00       		.byte	0
 908 0043 06       		.uleb128 0x6
 909 0044 28       		.uleb128 0x28
 910 0045 00       		.byte	0
 911 0046 03       		.uleb128 0x3
 912 0047 0E       		.uleb128 0xe
 913 0048 1C       		.uleb128 0x1c
 914 0049 0D       		.uleb128 0xd
 915 004a 00       		.byte	0
 916 004b 00       		.byte	0
 917 004c 07       		.uleb128 0x7
 918 004d 04       		.uleb128 0x4
 919 004e 01       		.byte	0x1
 920 004f 0B       		.uleb128 0xb
 921 0050 0B       		.uleb128 0xb
 922 0051 3A       		.uleb128 0x3a
 923 0052 0B       		.uleb128 0xb
 924 0053 3B       		.uleb128 0x3b
 925 0054 05       		.uleb128 0x5
 926 0055 01       		.uleb128 0x1
 927 0056 13       		.uleb128 0x13
 928 0057 00       		.byte	0
 929 0058 00       		.byte	0
 930 0059 08       		.uleb128 0x8
 931 005a 16       		.uleb128 0x16
 932 005b 00       		.byte	0
 933 005c 03       		.uleb128 0x3
 934 005d 0E       		.uleb128 0xe
 935 005e 3A       		.uleb128 0x3a
 936 005f 0B       		.uleb128 0xb
 937 0060 3B       		.uleb128 0x3b
 938 0061 05       		.uleb128 0x5
 939 0062 49       		.uleb128 0x49
 940 0063 13       		.uleb128 0x13
 941 0064 00       		.byte	0
 942 0065 00       		.byte	0
ARM GAS  C:\Users\Zachary\AppData\Local\Temp\ccpwytyD.s 			page 23


 943 0066 09       		.uleb128 0x9
 944 0067 13       		.uleb128 0x13
 945 0068 01       		.byte	0x1
 946 0069 0B       		.uleb128 0xb
 947 006a 0B       		.uleb128 0xb
 948 006b 3A       		.uleb128 0x3a
 949 006c 0B       		.uleb128 0xb
 950 006d 3B       		.uleb128 0x3b
 951 006e 05       		.uleb128 0x5
 952 006f 01       		.uleb128 0x1
 953 0070 13       		.uleb128 0x13
 954 0071 00       		.byte	0
 955 0072 00       		.byte	0
 956 0073 0A       		.uleb128 0xa
 957 0074 0D       		.uleb128 0xd
 958 0075 00       		.byte	0
 959 0076 03       		.uleb128 0x3
 960 0077 0E       		.uleb128 0xe
 961 0078 3A       		.uleb128 0x3a
 962 0079 0B       		.uleb128 0xb
 963 007a 3B       		.uleb128 0x3b
 964 007b 05       		.uleb128 0x5
 965 007c 49       		.uleb128 0x49
 966 007d 13       		.uleb128 0x13
 967 007e 38       		.uleb128 0x38
 968 007f 0B       		.uleb128 0xb
 969 0080 00       		.byte	0
 970 0081 00       		.byte	0
 971 0082 0B       		.uleb128 0xb
 972 0083 2E       		.uleb128 0x2e
 973 0084 00       		.byte	0
 974 0085 03       		.uleb128 0x3
 975 0086 0E       		.uleb128 0xe
 976 0087 3A       		.uleb128 0x3a
 977 0088 0B       		.uleb128 0xb
 978 0089 3B       		.uleb128 0x3b
 979 008a 0B       		.uleb128 0xb
 980 008b 27       		.uleb128 0x27
 981 008c 19       		.uleb128 0x19
 982 008d 11       		.uleb128 0x11
 983 008e 01       		.uleb128 0x1
 984 008f 12       		.uleb128 0x12
 985 0090 06       		.uleb128 0x6
 986 0091 40       		.uleb128 0x40
 987 0092 18       		.uleb128 0x18
 988 0093 9642     		.uleb128 0x2116
 989 0095 19       		.uleb128 0x19
 990 0096 00       		.byte	0
 991 0097 00       		.byte	0
 992 0098 0C       		.uleb128 0xc
 993 0099 2E       		.uleb128 0x2e
 994 009a 01       		.byte	0x1
 995 009b 3F       		.uleb128 0x3f
 996 009c 19       		.uleb128 0x19
 997 009d 03       		.uleb128 0x3
 998 009e 0E       		.uleb128 0xe
 999 009f 3A       		.uleb128 0x3a
ARM GAS  C:\Users\Zachary\AppData\Local\Temp\ccpwytyD.s 			page 24


 1000 00a0 0B       		.uleb128 0xb
 1001 00a1 3B       		.uleb128 0x3b
 1002 00a2 0B       		.uleb128 0xb
 1003 00a3 49       		.uleb128 0x49
 1004 00a4 13       		.uleb128 0x13
 1005 00a5 11       		.uleb128 0x11
 1006 00a6 01       		.uleb128 0x1
 1007 00a7 12       		.uleb128 0x12
 1008 00a8 06       		.uleb128 0x6
 1009 00a9 40       		.uleb128 0x40
 1010 00aa 18       		.uleb128 0x18
 1011 00ab 9642     		.uleb128 0x2116
 1012 00ad 19       		.uleb128 0x19
 1013 00ae 01       		.uleb128 0x1
 1014 00af 13       		.uleb128 0x13
 1015 00b0 00       		.byte	0
 1016 00b1 00       		.byte	0
 1017 00b2 0D       		.uleb128 0xd
 1018 00b3 34       		.uleb128 0x34
 1019 00b4 00       		.byte	0
 1020 00b5 03       		.uleb128 0x3
 1021 00b6 0E       		.uleb128 0xe
 1022 00b7 3A       		.uleb128 0x3a
 1023 00b8 0B       		.uleb128 0xb
 1024 00b9 3B       		.uleb128 0x3b
 1025 00ba 0B       		.uleb128 0xb
 1026 00bb 49       		.uleb128 0x49
 1027 00bc 13       		.uleb128 0x13
 1028 00bd 02       		.uleb128 0x2
 1029 00be 18       		.uleb128 0x18
 1030 00bf 00       		.byte	0
 1031 00c0 00       		.byte	0
 1032 00c1 0E       		.uleb128 0xe
 1033 00c2 34       		.uleb128 0x34
 1034 00c3 00       		.byte	0
 1035 00c4 03       		.uleb128 0x3
 1036 00c5 0E       		.uleb128 0xe
 1037 00c6 3A       		.uleb128 0x3a
 1038 00c7 0B       		.uleb128 0xb
 1039 00c8 3B       		.uleb128 0x3b
 1040 00c9 05       		.uleb128 0x5
 1041 00ca 49       		.uleb128 0x49
 1042 00cb 13       		.uleb128 0x13
 1043 00cc 3F       		.uleb128 0x3f
 1044 00cd 19       		.uleb128 0x19
 1045 00ce 3C       		.uleb128 0x3c
 1046 00cf 19       		.uleb128 0x19
 1047 00d0 00       		.byte	0
 1048 00d1 00       		.byte	0
 1049 00d2 0F       		.uleb128 0xf
 1050 00d3 34       		.uleb128 0x34
 1051 00d4 00       		.byte	0
 1052 00d5 03       		.uleb128 0x3
 1053 00d6 0E       		.uleb128 0xe
 1054 00d7 3A       		.uleb128 0x3a
 1055 00d8 0B       		.uleb128 0xb
 1056 00d9 3B       		.uleb128 0x3b
ARM GAS  C:\Users\Zachary\AppData\Local\Temp\ccpwytyD.s 			page 25


 1057 00da 0B       		.uleb128 0xb
 1058 00db 49       		.uleb128 0x49
 1059 00dc 13       		.uleb128 0x13
 1060 00dd 3F       		.uleb128 0x3f
 1061 00de 19       		.uleb128 0x19
 1062 00df 3C       		.uleb128 0x3c
 1063 00e0 19       		.uleb128 0x19
 1064 00e1 00       		.byte	0
 1065 00e2 00       		.byte	0
 1066 00e3 00       		.byte	0
 1067              		.section	.debug_aranges,"",%progbits
 1068 0000 24000000 		.4byte	0x24
 1069 0004 0200     		.2byte	0x2
 1070 0006 00000000 		.4byte	.Ldebug_info0
 1071 000a 04       		.byte	0x4
 1072 000b 00       		.byte	0
 1073 000c 0000     		.2byte	0
 1074 000e 0000     		.2byte	0
 1075 0010 00000000 		.4byte	.LFB35
 1076 0014 38000000 		.4byte	.LFE35-.LFB35
 1077 0018 00000000 		.4byte	.LFB36
 1078 001c 34010000 		.4byte	.LFE36-.LFB36
 1079 0020 00000000 		.4byte	0
 1080 0024 00000000 		.4byte	0
 1081              		.section	.debug_ranges,"",%progbits
 1082              	.Ldebug_ranges0:
 1083 0000 00000000 		.4byte	.LFB35
 1084 0004 38000000 		.4byte	.LFE35
 1085 0008 00000000 		.4byte	.LFB36
 1086 000c 34010000 		.4byte	.LFE36
 1087 0010 00000000 		.4byte	0
 1088 0014 00000000 		.4byte	0
 1089              		.section	.debug_line,"",%progbits
 1090              	.Ldebug_line0:
 1091 0000 3D010000 		.section	.debug_str,"MS",%progbits,1
 1091      0200CA00 
 1091      00000201 
 1091      FB0E0D00 
 1091      01010101 
 1092              	.LASF65:
 1093 0000 4359424C 		.ascii	"CYBLE_EVT_L2CAP_CBFC_RX_CREDIT_IND\000"
 1093      455F4556 
 1093      545F4C32 
 1093      4341505F 
 1093      43424643 
 1094              	.LASF21:
 1095 0023 4359424C 		.ascii	"CYBLE_EVT_STACK_BUSY_STATUS\000"
 1095      455F4556 
 1095      545F5354 
 1095      41434B5F 
 1095      42555359 
 1096              	.LASF106:
 1097 003f 4359424C 		.ascii	"CYBLE_STATE_STOPPED\000"
 1097      455F5354 
 1097      4154455F 
 1097      53544F50 
 1097      50454400 
ARM GAS  C:\Users\Zachary\AppData\Local\Temp\ccpwytyD.s 			page 26


 1098              	.LASF44:
 1099 0053 4359424C 		.ascii	"CYBLE_EVT_GATTC_READ_RSP\000"
 1099      455F4556 
 1099      545F4741 
 1099      5454435F 
 1099      52454144 
 1100              	.LASF64:
 1101 006c 4359424C 		.ascii	"CYBLE_EVT_L2CAP_CBFC_DATA_READ\000"
 1101      455F4556 
 1101      545F4C32 
 1101      4341505F 
 1101      43424643 
 1102              	.LASF91:
 1103 008b 4359424C 		.ascii	"CYBLE_CONN_HANDLE_T\000"
 1103      455F434F 
 1103      4E4E5F48 
 1103      414E444C 
 1103      455F5400 
 1104              	.LASF32:
 1105 009f 4359424C 		.ascii	"CYBLE_EVT_GAP_CONNECTION_UPDATE_COMPLETE\000"
 1105      455F4556 
 1105      545F4741 
 1105      505F434F 
 1105      4E4E4543 
 1106              	.LASF63:
 1107 00c8 4359424C 		.ascii	"CYBLE_EVT_L2CAP_CBFC_DISCONN_CNF\000"
 1107      455F4556 
 1107      545F4C32 
 1107      4341505F 
 1107      43424643 
 1108              	.LASF130:
 1109 00e9 433A5C55 		.ascii	"C:\\Users\\Zachary\\Desktop\\embedded\\Lab 3 Q2\\BL"
 1109      73657273 
 1109      5C5A6163 
 1109      68617279 
 1109      5C446573 
 1110 0116 45204C61 		.ascii	"E Lab 3.cydsn\000"
 1110      6220332E 
 1110      63796473 
 1110      6E00
 1111              	.LASF46:
 1112 0124 4359424C 		.ascii	"CYBLE_EVT_GATTC_READ_MULTI_RSP\000"
 1112      455F4556 
 1112      545F4741 
 1112      5454435F 
 1112      52454144 
 1113              	.LASF51:
 1114 0143 4359424C 		.ascii	"CYBLE_EVT_GATTS_EXEC_WRITE_REQ\000"
 1114      455F4556 
 1114      545F4741 
 1114      5454535F 
 1114      45584543 
 1115              	.LASF75:
 1116 0162 4359424C 		.ascii	"CYBLE_LP_MODE_T\000"
 1116      455F4C50 
 1116      5F4D4F44 
 1116      455F5400 
ARM GAS  C:\Users\Zachary\AppData\Local\Temp\ccpwytyD.s 			page 27


 1117              	.LASF40:
 1118 0172 4359424C 		.ascii	"CYBLE_EVT_GATTC_READ_BY_GROUP_TYPE_RSP\000"
 1118      455F4556 
 1118      545F4741 
 1118      5454435F 
 1118      52454144 
 1119              	.LASF18:
 1120 0199 4359424C 		.ascii	"CYBLE_EVT_TIMEOUT\000"
 1120      455F4556 
 1120      545F5449 
 1120      4D454F55 
 1120      5400
 1121              	.LASF4:
 1122 01ab 6C6F6E67 		.ascii	"long int\000"
 1122      20696E74 
 1122      00
 1123              	.LASF117:
 1124 01b4 70726576 		.ascii	"previousTimestamp\000"
 1124      696F7573 
 1124      54696D65 
 1124      7374616D 
 1124      7000
 1125              	.LASF7:
 1126 01c6 6C6F6E67 		.ascii	"long long unsigned int\000"
 1126      206C6F6E 
 1126      6720756E 
 1126      7369676E 
 1126      65642069 
 1127              	.LASF20:
 1128 01dd 4359424C 		.ascii	"CYBLE_EVT_HCI_STATUS\000"
 1128      455F4556 
 1128      545F4843 
 1128      495F5354 
 1128      41545553 
 1129              	.LASF114:
 1130 01f2 434F4E4E 		.ascii	"CONN_PARAM_REQUEST_ACCEPTED\000"
 1130      5F504152 
 1130      414D5F52 
 1130      45515545 
 1130      53545F41 
 1131              	.LASF68:
 1132 020e 4359424C 		.ascii	"CYBLE_EVT_PENDING_FLASH_WRITE\000"
 1132      455F4556 
 1132      545F5045 
 1132      4E44494E 
 1132      475F464C 
 1133              	.LASF76:
 1134 022c 4359424C 		.ascii	"CYBLE_BLESS_STATE_ACTIVE\000"
 1134      455F424C 
 1134      4553535F 
 1134      53544154 
 1134      455F4143 
 1135              	.LASF31:
 1136 0245 4359424C 		.ascii	"CYBLE_EVT_GAP_ENCRYPT_CHANGE\000"
 1136      455F4556 
 1136      545F4741 
 1136      505F454E 
ARM GAS  C:\Users\Zachary\AppData\Local\Temp\ccpwytyD.s 			page 28


 1136      43525950 
 1137              	.LASF109:
 1138 0262 4359424C 		.ascii	"CYBLE_STATE_ADVERTISING\000"
 1138      455F5354 
 1138      4154455F 
 1138      41445645 
 1138      52544953 
 1139              	.LASF6:
 1140 027a 6C6F6E67 		.ascii	"long long int\000"
 1140      206C6F6E 
 1140      6720696E 
 1140      7400
 1141              	.LASF0:
 1142 0288 7369676E 		.ascii	"signed char\000"
 1142      65642063 
 1142      68617200 
 1143              	.LASF17:
 1144 0294 4359424C 		.ascii	"CYBLE_EVT_STACK_ON\000"
 1144      455F4556 
 1144      545F5354 
 1144      41434B5F 
 1144      4F4E00
 1145              	.LASF116:
 1146 02a7 434F4E4E 		.ascii	"CONN_PARAM_REQUEST_STATE\000"
 1146      5F504152 
 1146      414D5F52 
 1146      45515545 
 1146      53545F53 
 1147              	.LASF129:
 1148 02c0 2E5C6D61 		.ascii	".\\main.c\000"
 1148      696E2E63 
 1148      00
 1149              	.LASF33:
 1150 02c9 4359424C 		.ascii	"CYBLE_EVT_GAPC_SCAN_START_STOP\000"
 1150      455F4556 
 1150      545F4741 
 1150      50435F53 
 1150      43414E5F 
 1151              	.LASF23:
 1152 02e8 4359424C 		.ascii	"CYBLE_EVT_GAP_AUTH_REQ\000"
 1152      455F4556 
 1152      545F4741 
 1152      505F4155 
 1152      54485F52 
 1153              	.LASF95:
 1154 02ff 4359424C 		.ascii	"CYBLE_HRS_CHAR_COUNT\000"
 1154      455F4852 
 1154      535F4348 
 1154      41525F43 
 1154      4F554E54 
 1155              	.LASF94:
 1156 0314 4359424C 		.ascii	"CYBLE_HRS_CPT\000"
 1156      455F4852 
 1156      535F4350 
 1156      5400
 1157              	.LASF49:
 1158 0322 4359424C 		.ascii	"CYBLE_EVT_GATTS_WRITE_CMD_REQ\000"
ARM GAS  C:\Users\Zachary\AppData\Local\Temp\ccpwytyD.s 			page 29


 1158      455F4556 
 1158      545F4741 
 1158      5454535F 
 1158      57524954 
 1159              	.LASF59:
 1160 0340 4359424C 		.ascii	"CYBLE_EVT_L2CAP_COMMAND_REJ\000"
 1160      455F4556 
 1160      545F4C32 
 1160      4341505F 
 1160      434F4D4D 
 1161              	.LASF110:
 1162 035c 4359424C 		.ascii	"CYBLE_STATE_DISCONNECTED\000"
 1162      455F5354 
 1162      4154455F 
 1162      44495343 
 1162      4F4E4E45 
 1163              	.LASF28:
 1164 0375 4359424C 		.ascii	"CYBLE_EVT_GAPP_ADVERTISEMENT_START_STOP\000"
 1164      455F4556 
 1164      545F4741 
 1164      50505F41 
 1164      44564552 
 1165              	.LASF126:
 1166 039d 74696D65 		.ascii	"timestampWhenConnected\000"
 1166      7374616D 
 1166      70576865 
 1166      6E436F6E 
 1166      6E656374 
 1167              	.LASF9:
 1168 03b4 75696E74 		.ascii	"uint8\000"
 1168      3800
 1169              	.LASF52:
 1170 03ba 4359424C 		.ascii	"CYBLE_EVT_GATTC_EXEC_WRITE_RSP\000"
 1170      455F4556 
 1170      545F4741 
 1170      5454435F 
 1170      45584543 
 1171              	.LASF13:
 1172 03d9 646F7562 		.ascii	"double\000"
 1172      6C6500
 1173              	.LASF62:
 1174 03e0 4359424C 		.ascii	"CYBLE_EVT_L2CAP_CBFC_DISCONN_IND\000"
 1174      455F4556 
 1174      545F4C32 
 1174      4341505F 
 1174      43424643 
 1175              	.LASF100:
 1176 0401 4359424C 		.ascii	"CYBLE_DIS_FIRMWARE_REV\000"
 1176      455F4449 
 1176      535F4649 
 1176      524D5741 
 1176      52455F52 
 1177              	.LASF11:
 1178 0418 75696E74 		.ascii	"uint32\000"
 1178      333200
 1179              	.LASF99:
 1180 041f 4359424C 		.ascii	"CYBLE_DIS_HARDWARE_REV\000"
ARM GAS  C:\Users\Zachary\AppData\Local\Temp\ccpwytyD.s 			page 30


 1180      455F4449 
 1180      535F4841 
 1180      52445741 
 1180      52455F52 
 1181              	.LASF69:
 1182 0436 4359424C 		.ascii	"CYBLE_EVT_MAX\000"
 1182      455F4556 
 1182      545F4D41 
 1182      5800
 1183              	.LASF57:
 1184 0444 4359424C 		.ascii	"CYBLE_EVT_L2CAP_CONN_PARAM_UPDATE_REQ\000"
 1184      455F4556 
 1184      545F4C32 
 1184      4341505F 
 1184      434F4E4E 
 1185              	.LASF113:
 1186 046a 434F4E4E 		.ascii	"CONN_PARAM_REQUEST_SENT\000"
 1186      5F504152 
 1186      414D5F52 
 1186      45515545 
 1186      53545F53 
 1187              	.LASF67:
 1188 0482 4359424C 		.ascii	"CYBLE_EVT_L2CAP_CBFC_DATA_WRITE_IND\000"
 1188      455F4556 
 1188      545F4C32 
 1188      4341505F 
 1188      43424643 
 1189              	.LASF8:
 1190 04a6 756E7369 		.ascii	"unsigned int\000"
 1190      676E6564 
 1190      20696E74 
 1190      00
 1191              	.LASF37:
 1192 04b3 4359424C 		.ascii	"CYBLE_EVT_GATT_DISCONNECT_IND\000"
 1192      455F4556 
 1192      545F4741 
 1192      54545F44 
 1192      4953434F 
 1193              	.LASF81:
 1194 04d1 4359424C 		.ascii	"CYBLE_BLESS_STATE_DEEPSLEEP\000"
 1194      455F424C 
 1194      4553535F 
 1194      53544154 
 1194      455F4445 
 1195              	.LASF5:
 1196 04ed 6C6F6E67 		.ascii	"long unsigned int\000"
 1196      20756E73 
 1196      69676E65 
 1196      6420696E 
 1196      7400
 1197              	.LASF88:
 1198 04ff 4359424C 		.ascii	"CYBLE_GAP_CONN_UPDATE_PARAM_T\000"
 1198      455F4741 
 1198      505F434F 
 1198      4E4E5F55 
 1198      50444154 
 1199              	.LASF74:
ARM GAS  C:\Users\Zachary\AppData\Local\Temp\ccpwytyD.s 			page 31


 1200 051d 4359424C 		.ascii	"CYBLE_BLESS_INVALID\000"
 1200      455F424C 
 1200      4553535F 
 1200      494E5641 
 1200      4C494400 
 1201              	.LASF39:
 1202 0531 4359424C 		.ascii	"CYBLE_EVT_GATTC_XCHNG_MTU_RSP\000"
 1202      455F4556 
 1202      545F4741 
 1202      5454435F 
 1202      5843484E 
 1203              	.LASF56:
 1204 054f 4359424C 		.ascii	"CYBLE_EVT_GATTS_DATA_SIGNED_CMD_REQ\000"
 1204      455F4556 
 1204      545F4741 
 1204      5454535F 
 1204      44415441 
 1205              	.LASF87:
 1206 0573 73757065 		.ascii	"supervisionTO\000"
 1206      72766973 
 1206      696F6E54 
 1206      4F00
 1207              	.LASF3:
 1208 0581 73686F72 		.ascii	"short unsigned int\000"
 1208      7420756E 
 1208      7369676E 
 1208      65642069 
 1208      6E7400
 1209              	.LASF16:
 1210 0594 4359424C 		.ascii	"CYBLE_EVT_HOST_INVALID\000"
 1210      455F4556 
 1210      545F484F 
 1210      53545F49 
 1210      4E56414C 
 1211              	.LASF42:
 1212 05ab 4359424C 		.ascii	"CYBLE_EVT_GATTC_FIND_INFO_RSP\000"
 1212      455F4556 
 1212      545F4741 
 1212      5454435F 
 1212      46494E44 
 1213              	.LASF24:
 1214 05c9 4359424C 		.ascii	"CYBLE_EVT_GAP_PASSKEY_ENTRY_REQUEST\000"
 1214      455F4556 
 1214      545F4741 
 1214      505F5041 
 1214      53534B45 
 1215              	.LASF29:
 1216 05ed 4359424C 		.ascii	"CYBLE_EVT_GAP_DEVICE_CONNECTED\000"
 1216      455F4556 
 1216      545F4741 
 1216      505F4445 
 1216      56494345 
 1217              	.LASF47:
 1218 060c 4359424C 		.ascii	"CYBLE_EVT_GATTS_WRITE_REQ\000"
 1218      455F4556 
 1218      545F4741 
 1218      5454535F 
ARM GAS  C:\Users\Zachary\AppData\Local\Temp\ccpwytyD.s 			page 32


 1218      57524954 
 1219              	.LASF104:
 1220 0626 4359424C 		.ascii	"CYBLE_DIS_PNP_ID\000"
 1220      455F4449 
 1220      535F504E 
 1220      505F4944 
 1220      00
 1221              	.LASF122:
 1222 0637 6379426C 		.ascii	"cyBle_state\000"
 1222      655F7374 
 1222      61746500 
 1223              	.LASF25:
 1224 0643 4359424C 		.ascii	"CYBLE_EVT_GAP_PASSKEY_DISPLAY_REQUEST\000"
 1224      455F4556 
 1224      545F4741 
 1224      505F5041 
 1224      53534B45 
 1225              	.LASF36:
 1226 0669 4359424C 		.ascii	"CYBLE_EVT_GATT_CONNECT_IND\000"
 1226      455F4556 
 1226      545F4741 
 1226      54545F43 
 1226      4F4E4E45 
 1227              	.LASF90:
 1228 0684 61747449 		.ascii	"attId\000"
 1228      6400
 1229              	.LASF82:
 1230 068a 4359424C 		.ascii	"CYBLE_BLESS_STATE_HIBERNATE\000"
 1230      455F424C 
 1230      4553535F 
 1230      53544154 
 1230      455F4849 
 1231              	.LASF22:
 1232 06a6 4359424C 		.ascii	"CYBLE_EVT_GAPC_SCAN_PROGRESS_RESULT\000"
 1232      455F4556 
 1232      545F4741 
 1232      50435F53 
 1232      43414E5F 
 1233              	.LASF102:
 1234 06ca 4359424C 		.ascii	"CYBLE_DIS_SYSTEM_ID\000"
 1234      455F4449 
 1234      535F5359 
 1234      5354454D 
 1234      5F494400 
 1235              	.LASF86:
 1236 06de 636F6E6E 		.ascii	"connLatency\000"
 1236      4C617465 
 1236      6E637900 
 1237              	.LASF115:
 1238 06ea 434F4E4E 		.ascii	"CONN_PARAM_REQUEST_REJECTED\000"
 1238      5F504152 
 1238      414D5F52 
 1238      45515545 
 1238      53545F52 
 1239              	.LASF60:
 1240 0706 4359424C 		.ascii	"CYBLE_EVT_L2CAP_CBFC_CONN_IND\000"
 1240      455F4556 
ARM GAS  C:\Users\Zachary\AppData\Local\Temp\ccpwytyD.s 			page 33


 1240      545F4C32 
 1240      4341505F 
 1240      43424643 
 1241              	.LASF41:
 1242 0724 4359424C 		.ascii	"CYBLE_EVT_GATTC_READ_BY_TYPE_RSP\000"
 1242      455F4556 
 1242      545F4741 
 1242      5454435F 
 1242      52454144 
 1243              	.LASF15:
 1244 0745 73697A65 		.ascii	"sizetype\000"
 1244      74797065 
 1244      00
 1245              	.LASF107:
 1246 074e 4359424C 		.ascii	"CYBLE_STATE_INITIALIZING\000"
 1246      455F5354 
 1246      4154455F 
 1246      494E4954 
 1246      49414C49 
 1247              	.LASF27:
 1248 0767 4359424C 		.ascii	"CYBLE_EVT_GAP_AUTH_FAILED\000"
 1248      455F4556 
 1248      545F4741 
 1248      505F4155 
 1248      54485F46 
 1249              	.LASF123:
 1250 0781 6379426C 		.ascii	"cyBle_connHandle\000"
 1250      655F636F 
 1250      6E6E4861 
 1250      6E646C65 
 1250      00
 1251              	.LASF92:
 1252 0792 4359424C 		.ascii	"CYBLE_HRS_HRM\000"
 1252      455F4852 
 1252      535F4852 
 1252      4D00
 1253              	.LASF73:
 1254 07a0 4359424C 		.ascii	"CYBLE_BLESS_HIBERNATE\000"
 1254      455F424C 
 1254      4553535F 
 1254      48494245 
 1254      524E4154 
 1255              	.LASF26:
 1256 07b6 4359424C 		.ascii	"CYBLE_EVT_GAP_AUTH_COMPLETE\000"
 1256      455F4556 
 1256      545F4741 
 1256      505F4155 
 1256      54485F43 
 1257              	.LASF85:
 1258 07d2 636F6E6E 		.ascii	"connIntvMax\000"
 1258      496E7476 
 1258      4D617800 
 1259              	.LASF53:
 1260 07de 4359424C 		.ascii	"CYBLE_EVT_GATTC_HANDLE_VALUE_NTF\000"
 1260      455F4556 
 1260      545F4741 
 1260      5454435F 
ARM GAS  C:\Users\Zachary\AppData\Local\Temp\ccpwytyD.s 			page 34


 1260      48414E44 
 1261              	.LASF103:
 1262 07ff 4359424C 		.ascii	"CYBLE_DIS_REG_CERT_DATA\000"
 1262      455F4449 
 1262      535F5245 
 1262      475F4345 
 1262      52545F44 
 1263              	.LASF61:
 1264 0817 4359424C 		.ascii	"CYBLE_EVT_L2CAP_CBFC_CONN_CNF\000"
 1264      455F4556 
 1264      545F4C32 
 1264      4341505F 
 1264      43424643 
 1265              	.LASF84:
 1266 0835 636F6E6E 		.ascii	"connIntvMin\000"
 1266      496E7476 
 1266      4D696E00 
 1267              	.LASF12:
 1268 0841 666C6F61 		.ascii	"float\000"
 1268      7400
 1269              	.LASF128:
 1270 0847 474E5520 		.ascii	"GNU C 4.8.4 20140526 (release) [ARM/embedded-4_8-br"
 1270      4320342E 
 1270      382E3420 
 1270      32303134 
 1270      30353236 
 1271 087a 616E6368 		.ascii	"anch revision 211358] -mcpu=cortex-m0 -mthumb -g -O"
 1271      20726576 
 1271      6973696F 
 1271      6E203231 
 1271      31333538 
 1272 08ad 30202D66 		.ascii	"0 -ffunction-sections\000"
 1272      66756E63 
 1272      74696F6E 
 1272      2D736563 
 1272      74696F6E 
 1273              	.LASF98:
 1274 08c3 4359424C 		.ascii	"CYBLE_DIS_SERIAL_NUMBER\000"
 1274      455F4449 
 1274      535F5345 
 1274      5249414C 
 1274      5F4E554D 
 1275              	.LASF78:
 1276 08db 4359424C 		.ascii	"CYBLE_BLESS_STATE_SLEEP\000"
 1276      455F424C 
 1276      4553535F 
 1276      53544154 
 1276      455F534C 
 1277              	.LASF121:
 1278 08f3 68726D43 		.ascii	"hrmConnectionParam\000"
 1278      6F6E6E65 
 1278      6374696F 
 1278      6E506172 
 1278      616D00
 1279              	.LASF125:
 1280 0906 5F426F6F 		.ascii	"_Bool\000"
 1280      6C00
ARM GAS  C:\Users\Zachary\AppData\Local\Temp\ccpwytyD.s 			page 35


 1281              	.LASF1:
 1282 090c 756E7369 		.ascii	"unsigned char\000"
 1282      676E6564 
 1282      20636861 
 1282      7200
 1283              	.LASF10:
 1284 091a 75696E74 		.ascii	"uint16\000"
 1284      313600
 1285              	.LASF105:
 1286 0921 4359424C 		.ascii	"CYBLE_DIS_CHAR_COUNT\000"
 1286      455F4449 
 1286      535F4348 
 1286      41525F43 
 1286      4F554E54 
 1287              	.LASF131:
 1288 0936 496E6974 		.ascii	"InitializeSystem\000"
 1288      69616C69 
 1288      7A655379 
 1288      7374656D 
 1288      00
 1289              	.LASF2:
 1290 0947 73686F72 		.ascii	"short int\000"
 1290      7420696E 
 1290      7400
 1291              	.LASF127:
 1292 0951 636F6E6E 		.ascii	"connParamRequestState\000"
 1292      50617261 
 1292      6D526571 
 1292      75657374 
 1292      53746174 
 1293              	.LASF54:
 1294 0967 4359424C 		.ascii	"CYBLE_EVT_GATTC_HANDLE_VALUE_IND\000"
 1294      455F4556 
 1294      545F4741 
 1294      5454435F 
 1294      48414E44 
 1295              	.LASF101:
 1296 0988 4359424C 		.ascii	"CYBLE_DIS_SOFTWARE_REV\000"
 1296      455F4449 
 1296      535F534F 
 1296      46545741 
 1296      52455F52 
 1297              	.LASF50:
 1298 099f 4359424C 		.ascii	"CYBLE_EVT_GATTS_PREP_WRITE_REQ\000"
 1298      455F4556 
 1298      545F4741 
 1298      5454535F 
 1298      50524550 
 1299              	.LASF83:
 1300 09be 4359424C 		.ascii	"CYBLE_BLESS_STATE_INVALID\000"
 1300      455F424C 
 1300      4553535F 
 1300      53544154 
 1300      455F494E 
 1301              	.LASF55:
 1302 09d8 4359424C 		.ascii	"CYBLE_EVT_GATTS_HANDLE_VALUE_CNF\000"
 1302      455F4556 
ARM GAS  C:\Users\Zachary\AppData\Local\Temp\ccpwytyD.s 			page 36


 1302      545F4741 
 1302      5454535F 
 1302      48414E44 
 1303              	.LASF35:
 1304 09f9 4359424C 		.ascii	"CYBLE_EVT_GATTC_ERROR_RSP\000"
 1304      455F4556 
 1304      545F4741 
 1304      5454435F 
 1304      4552524F 
 1305              	.LASF93:
 1306 0a13 4359424C 		.ascii	"CYBLE_HRS_BSL\000"
 1306      455F4852 
 1306      535F4253 
 1306      4C00
 1307              	.LASF71:
 1308 0a21 4359424C 		.ascii	"CYBLE_BLESS_SLEEP\000"
 1308      455F424C 
 1308      4553535F 
 1308      534C4545 
 1308      5000
 1309              	.LASF97:
 1310 0a33 4359424C 		.ascii	"CYBLE_DIS_MODEL_NUMBER\000"
 1310      455F4449 
 1310      535F4D4F 
 1310      44454C5F 
 1310      4E554D42 
 1311              	.LASF14:
 1312 0a4a 63686172 		.ascii	"char\000"
 1312      00
 1313              	.LASF30:
 1314 0a4f 4359424C 		.ascii	"CYBLE_EVT_GAP_DEVICE_DISCONNECTED\000"
 1314      455F4556 
 1314      545F4741 
 1314      505F4445 
 1314      56494345 
 1315              	.LASF112:
 1316 0a71 434F4E4E 		.ascii	"CONN_PARAM_REQUEST_NOT_SENT\000"
 1316      5F504152 
 1316      414D5F52 
 1316      45515545 
 1316      53545F4E 
 1317              	.LASF48:
 1318 0a8d 4359424C 		.ascii	"CYBLE_EVT_GATTC_WRITE_RSP\000"
 1318      455F4556 
 1318      545F4741 
 1318      5454435F 
 1318      57524954 
 1319              	.LASF66:
 1320 0aa7 4359424C 		.ascii	"CYBLE_EVT_L2CAP_CBFC_TX_CREDIT_IND\000"
 1320      455F4556 
 1320      545F4C32 
 1320      4341505F 
 1320      43424643 
 1321              	.LASF119:
 1322 0aca 626C654D 		.ascii	"bleMode\000"
 1322      6F646500 
 1323              	.LASF19:
ARM GAS  C:\Users\Zachary\AppData\Local\Temp\ccpwytyD.s 			page 37


 1324 0ad2 4359424C 		.ascii	"CYBLE_EVT_HARDWARE_ERROR\000"
 1324      455F4556 
 1324      545F4841 
 1324      52445741 
 1324      52455F45 
 1325              	.LASF77:
 1326 0aeb 4359424C 		.ascii	"CYBLE_BLESS_STATE_EVENT_CLOSE\000"
 1326      455F424C 
 1326      4553535F 
 1326      53544154 
 1326      455F4556 
 1327              	.LASF38:
 1328 0b09 4359424C 		.ascii	"CYBLE_EVT_GATTS_XCNHG_MTU_REQ\000"
 1328      455F4556 
 1328      545F4741 
 1328      5454535F 
 1328      58434E48 
 1329              	.LASF79:
 1330 0b27 4359424C 		.ascii	"CYBLE_BLESS_STATE_ECO_ON\000"
 1330      455F424C 
 1330      4553535F 
 1330      53544154 
 1330      455F4543 
 1331              	.LASF111:
 1332 0b40 4359424C 		.ascii	"CYBLE_STATE_T\000"
 1332      455F5354 
 1332      4154455F 
 1332      5400
 1333              	.LASF45:
 1334 0b4e 4359424C 		.ascii	"CYBLE_EVT_GATTC_READ_BLOB_RSP\000"
 1334      455F4556 
 1334      545F4741 
 1334      5454435F 
 1334      52454144 
 1335              	.LASF118:
 1336 0b6c 63757272 		.ascii	"currentTimestamp\000"
 1336      656E7454 
 1336      696D6573 
 1336      74616D70 
 1336      00
 1337              	.LASF80:
 1338 0b7d 4359424C 		.ascii	"CYBLE_BLESS_STATE_ECO_STABLE\000"
 1338      455F424C 
 1338      4553535F 
 1338      53544154 
 1338      455F4543 
 1339              	.LASF124:
 1340 0b9a 656E7465 		.ascii	"enterHibernateFlag\000"
 1340      72486962 
 1340      65726E61 
 1340      7465466C 
 1340      616700
 1341              	.LASF108:
 1342 0bad 4359424C 		.ascii	"CYBLE_STATE_CONNECTED\000"
 1342      455F5354 
 1342      4154455F 
 1342      434F4E4E 
ARM GAS  C:\Users\Zachary\AppData\Local\Temp\ccpwytyD.s 			page 38


 1342      45435445 
 1343              	.LASF72:
 1344 0bc3 4359424C 		.ascii	"CYBLE_BLESS_DEEPSLEEP\000"
 1344      455F424C 
 1344      4553535F 
 1344      44454550 
 1344      534C4545 
 1345              	.LASF43:
 1346 0bd9 4359424C 		.ascii	"CYBLE_EVT_GATTC_FIND_BY_TYPE_VALUE_RSP\000"
 1346      455F4556 
 1346      545F4741 
 1346      5454435F 
 1346      46494E44 
 1347              	.LASF34:
 1348 0c00 4359424C 		.ascii	"CYBLE_EVT_GAP_KEYINFO_EXCHNGE_CMPLT\000"
 1348      455F4556 
 1348      545F4741 
 1348      505F4B45 
 1348      59494E46 
 1349              	.LASF89:
 1350 0c24 62644861 		.ascii	"bdHandle\000"
 1350      6E646C65 
 1350      00
 1351              	.LASF58:
 1352 0c2d 4359424C 		.ascii	"CYBLE_EVT_L2CAP_CONN_PARAM_UPDATE_RSP\000"
 1352      455F4556 
 1352      545F4C32 
 1352      4341505F 
 1352      434F4E4E 
 1353              	.LASF132:
 1354 0c53 6D61696E 		.ascii	"main\000"
 1354      00
 1355              	.LASF70:
 1356 0c58 4359424C 		.ascii	"CYBLE_BLESS_ACTIVE\000"
 1356      455F424C 
 1356      4553535F 
 1356      41435449 
 1356      564500
 1357              	.LASF96:
 1358 0c6b 4359424C 		.ascii	"CYBLE_DIS_MANUFACTURER_NAME\000"
 1358      455F4449 
 1358      535F4D41 
 1358      4E554641 
 1358      43545552 
 1359              	.LASF120:
 1360 0c87 696E7465 		.ascii	"interruptStatus\000"
 1360      72727570 
 1360      74537461 
 1360      74757300 
 1361              		.ident	"GCC: (GNU Tools for ARM Embedded Processors) 4.8.4 20140526 (release) [ARM/embedded-4_8-br
